2019-05-14 15:09:20,573 INFO o.a.j.u.JMeterUtils: Setting Locale to en_EN
2019-05-14 15:09:20,613 INFO o.a.j.JMeter: Loading user properties from: /usr/local/Cellar/jmeter/5.1.1/libexec/bin/user.properties
2019-05-14 15:09:20,614 INFO o.a.j.JMeter: Loading system properties from: /usr/local/Cellar/jmeter/5.1.1/libexec/bin/system.properties
2019-05-14 15:09:20,617 INFO o.a.j.JMeter: Setting JMeter property: threads=100
2019-05-14 15:09:20,617 INFO o.a.j.JMeter: Setting JMeter property: rampup=3
2019-05-14 15:09:20,617 INFO o.a.j.JMeter: Setting JMeter property: isDuration=false
2019-05-14 15:09:20,617 WARN o.a.j.JMeter: Removing JMeter property: duration
2019-05-14 15:09:20,617 INFO o.a.j.JMeter: Setting JMeter property: isLoop=false
2019-05-14 15:09:20,618 INFO o.a.j.JMeter: Setting JMeter property: loop=1
2019-05-14 15:09:20,626 INFO o.a.j.JMeter: Copyright (c) 1998-2019 The Apache Software Foundation
2019-05-14 15:09:20,626 INFO o.a.j.JMeter: Version 5.1.1 r1855137
2019-05-14 15:09:20,626 INFO o.a.j.JMeter: java.version=1.8.0_191
2019-05-14 15:09:20,626 INFO o.a.j.JMeter: java.vm.name=Java HotSpot(TM) 64-Bit Server VM
2019-05-14 15:09:20,626 INFO o.a.j.JMeter: os.name=Mac OS X
2019-05-14 15:09:20,626 INFO o.a.j.JMeter: os.arch=x86_64
2019-05-14 15:09:20,626 INFO o.a.j.JMeter: os.version=10.14.4
2019-05-14 15:09:20,626 INFO o.a.j.JMeter: file.encoding=UTF-8
2019-05-14 15:09:20,627 INFO o.a.j.JMeter: java.awt.headless=true
2019-05-14 15:09:20,627 INFO o.a.j.JMeter: Max memory     =1073741824
2019-05-14 15:09:20,627 INFO o.a.j.JMeter: Available Processors =4
2019-05-14 15:09:20,632 INFO o.a.j.JMeter: Default Locale=English (EN)
2019-05-14 15:09:20,632 INFO o.a.j.JMeter: JMeter  Locale=English (EN)
2019-05-14 15:09:20,632 INFO o.a.j.JMeter: JMeterHome=/usr/local/Cellar/jmeter/5.1.1/libexec
2019-05-14 15:09:20,632 INFO o.a.j.JMeter: user.dir  =/Users/atul/webroot/perfeasy
2019-05-14 15:09:20,633 INFO o.a.j.JMeter: PWD       =/Users/atul/webroot/perfeasy
2019-05-14 15:09:20,636 INFO o.a.j.JMeter: IP: 192.168.0.34 Name: atuls-air.dlink FullName: atuls-air.dlink
2019-05-14 15:09:20,640 INFO o.a.j.s.FileServer: Default base='/Users/atul/webroot/perfeasy'
2019-05-14 15:09:20,647 INFO o.a.j.s.FileServer: Set new base='/Users/atul/webroot/perfeasy/jmx'
2019-05-14 15:09:20,989 INFO o.a.j.s.SaveService: Testplan (JMX) version: 2.2. Testlog (JTL) version: 2.2
2019-05-14 15:09:21,022 INFO o.a.j.s.SaveService: Using SaveService properties file encoding UTF-8
2019-05-14 15:09:21,028 INFO o.a.j.s.SaveService: Using SaveService properties version 5.0
2019-05-14 15:09:21,042 INFO o.a.j.s.SaveService: Loading file: /Users/atul/webroot/perfeasy/jmx/Workflow_14-05-2019-1:32:44PM.jmx
2019-05-14 15:09:21,109 INFO o.a.j.p.h.c.CacheManager: Will only cache the following methods: [GET]
2019-05-14 15:09:21,113 INFO o.a.j.p.h.c.CookieManager: Settings: Delete null: true Check: true Allow variable: true Save: false Prefix: COOKIE_
2019-05-14 15:09:21,151 INFO o.a.j.p.h.s.HTTPSamplerBase: Parser for text/html is org.apache.jmeter.protocol.http.parser.LagartoBasedHtmlParser
2019-05-14 15:09:21,151 INFO o.a.j.p.h.s.HTTPSamplerBase: Parser for application/xhtml+xml is org.apache.jmeter.protocol.http.parser.LagartoBasedHtmlParser
2019-05-14 15:09:21,151 INFO o.a.j.p.h.s.HTTPSamplerBase: Parser for application/xml is org.apache.jmeter.protocol.http.parser.LagartoBasedHtmlParser
2019-05-14 15:09:21,151 INFO o.a.j.p.h.s.HTTPSamplerBase: Parser for text/xml is org.apache.jmeter.protocol.http.parser.LagartoBasedHtmlParser
2019-05-14 15:09:21,151 INFO o.a.j.p.h.s.HTTPSamplerBase: Parser for text/vnd.wap.wml is org.apache.jmeter.protocol.http.parser.RegexpHTMLParser
2019-05-14 15:09:21,151 INFO o.a.j.p.h.s.HTTPSamplerBase: Parser for text/css is org.apache.jmeter.protocol.http.parser.CssParser
2019-05-14 15:09:21,335 INFO o.a.j.JMeter: Creating summariser <summary>
2019-05-14 15:09:21,348 INFO o.a.j.e.StandardJMeterEngine: Running the test!
2019-05-14 15:09:21,350 INFO o.a.j.s.SampleEvent: List of sample_variables: []
2019-05-14 15:09:21,350 INFO o.a.j.s.SampleEvent: List of sample_variables: []
2019-05-14 15:09:21,365 INFO o.a.j.e.u.CompoundVariable: Note: Function class names must contain the string: '.functions.'
2019-05-14 15:09:21,365 INFO o.a.j.e.u.CompoundVariable: Note: Function class names must not contain the string: '.gui.'
2019-05-14 15:09:22,364 INFO o.a.j.JMeter: Running test (1557826762364)
2019-05-14 15:09:22,425 INFO o.a.j.e.StandardJMeterEngine: Starting ThreadGroup: 1 : Thread Group
2019-05-14 15:09:22,425 INFO o.a.j.e.StandardJMeterEngine: Starting 100 threads for group Thread Group.
2019-05-14 15:09:22,426 INFO o.a.j.e.StandardJMeterEngine: Thread will continue on error
2019-05-14 15:09:22,427 INFO o.a.j.t.ThreadGroup: Starting thread group... number=1 threads=100 ramp-up=3 delayedStart=false
2019-05-14 15:09:22,459 INFO o.a.j.s.SampleResult: Note: Sample TimeStamps are START times
2019-05-14 15:09:22,460 INFO o.a.j.s.SampleResult: sampleresult.default.encoding is set to ISO-8859-1
2019-05-14 15:09:22,460 INFO o.a.j.s.SampleResult: sampleresult.useNanoTime=true
2019-05-14 15:09:22,460 INFO o.a.j.s.SampleResult: sampleresult.nanoThreadSleep=5000
2019-05-14 15:09:22,467 INFO o.a.j.t.JMeterThread: Thread started: Thread Group 1-1
2019-05-14 15:09:22,493 INFO o.a.j.p.h.s.HTTPJavaImpl: Maximum connection retries = 0
2019-05-14 15:09:22,517 INFO o.a.j.t.JMeterThread: Thread started: Thread Group 1-2
2019-05-14 15:09:22,554 INFO o.a.j.t.JMeterThread: Thread started: Thread Group 1-3
2019-05-14 15:09:22,576 INFO o.a.j.t.JMeterThread: Thread started: Thread Group 1-4
2019-05-14 15:09:22,589 INFO o.a.j.t.JMeterThread: Thread started: Thread Group 1-5
2019-05-14 15:09:22,595 INFO o.a.j.t.JMeterThread: Thread started: Thread Group 1-6
2019-05-14 15:09:22,616 INFO o.a.j.t.JMeterThread: Thread started: Thread Group 1-7
2019-05-14 15:09:22,648 INFO o.a.j.t.JMeterThread: Thread started: Thread Group 1-8
2019-05-14 15:09:22,677 INFO o.a.j.t.JMeterThread: Thread started: Thread Group 1-9
2019-05-14 15:09:22,707 INFO o.a.j.t.JMeterThread: Thread started: Thread Group 1-10
2019-05-14 15:09:22,736 INFO o.a.j.t.JMeterThread: Thread started: Thread Group 1-11
2019-05-14 15:09:22,764 INFO o.a.j.t.JMeterThread: Thread started: Thread Group 1-12
2019-05-14 15:09:22,795 INFO o.a.j.t.JMeterThread: Thread started: Thread Group 1-13
2019-05-14 15:09:22,827 INFO o.a.j.t.JMeterThread: Thread started: Thread Group 1-14
2019-05-14 15:09:22,856 INFO o.a.j.t.JMeterThread: Thread started: Thread Group 1-15
2019-05-14 15:09:22,886 INFO o.a.j.t.JMeterThread: Thread started: Thread Group 1-16
2019-05-14 15:09:22,917 INFO o.a.j.t.JMeterThread: Thread started: Thread Group 1-17
2019-05-14 15:09:22,942 INFO o.a.j.t.JMeterThread: Thread started: Thread Group 1-18
2019-05-14 15:09:23,009 INFO o.a.j.t.JMeterThread: Thread started: Thread Group 1-20
2019-05-14 15:09:23,009 INFO o.a.j.t.JMeterThread: Thread started: Thread Group 1-19
2019-05-14 15:09:23,032 INFO o.a.j.t.ThreadGroup: Started thread group number 1
2019-05-14 15:09:23,032 INFO o.a.j.e.StandardJMeterEngine: All thread groups have been started
2019-05-14 15:09:23,033 INFO o.a.j.t.JMeterThread: Thread started: Thread Group 1-21
2019-05-14 15:09:23,063 INFO o.a.j.t.JMeterThread: Thread started: Thread Group 1-22
2019-05-14 15:09:23,095 INFO o.a.j.t.JMeterThread: Thread started: Thread Group 1-23
2019-05-14 15:09:23,122 INFO o.a.j.t.JMeterThread: Thread started: Thread Group 1-24
2019-05-14 15:09:23,155 INFO o.a.j.t.JMeterThread: Thread started: Thread Group 1-25
2019-05-14 15:09:23,185 INFO o.a.j.t.JMeterThread: Thread started: Thread Group 1-26
2019-05-14 15:09:23,214 INFO o.a.j.t.JMeterThread: Thread started: Thread Group 1-27
2019-05-14 15:09:23,247 INFO o.a.j.t.JMeterThread: Thread started: Thread Group 1-28
2019-05-14 15:09:23,277 INFO o.a.j.t.JMeterThread: Thread started: Thread Group 1-29
2019-05-14 15:09:23,314 INFO o.a.j.t.JMeterThread: Thread started: Thread Group 1-30
2019-05-14 15:09:23,348 INFO o.a.j.t.JMeterThread: Thread started: Thread Group 1-31
2019-05-14 15:09:23,371 INFO o.a.j.t.JMeterThread: Thread started: Thread Group 1-32
2019-05-14 15:09:23,393 INFO o.a.j.t.JMeterThread: Thread started: Thread Group 1-33
2019-05-14 15:09:23,424 INFO o.a.j.t.JMeterThread: Thread started: Thread Group 1-34
2019-05-14 15:09:23,459 INFO o.a.j.t.JMeterThread: Thread started: Thread Group 1-35
2019-05-14 15:09:23,485 INFO o.a.j.t.JMeterThread: Thread started: Thread Group 1-36
2019-05-14 15:09:23,512 INFO o.a.j.t.JMeterThread: Thread started: Thread Group 1-37
2019-05-14 15:09:23,545 INFO o.a.j.t.JMeterThread: Thread started: Thread Group 1-38
2019-05-14 15:09:23,571 INFO o.a.j.t.JMeterThread: Thread started: Thread Group 1-39
2019-05-14 15:09:23,580 INFO o.a.j.u.JsseSSLManager: Using default SSL protocol: TLS
2019-05-14 15:09:23,581 INFO o.a.j.u.JsseSSLManager: SSL session context: per-thread
2019-05-14 15:09:23,603 INFO o.a.j.t.JMeterThread: Thread started: Thread Group 1-40
2019-05-14 15:09:23,632 INFO o.a.j.t.JMeterThread: Thread started: Thread Group 1-41
2019-05-14 15:09:23,661 INFO o.a.j.t.JMeterThread: Thread started: Thread Group 1-42
2019-05-14 15:09:23,692 INFO o.a.j.t.JMeterThread: Thread started: Thread Group 1-43
2019-05-14 15:09:23,727 INFO o.a.j.t.JMeterThread: Thread started: Thread Group 1-44
2019-05-14 15:09:23,751 INFO o.a.j.t.JMeterThread: Thread started: Thread Group 1-45
2019-05-14 15:09:23,781 INFO o.a.j.t.JMeterThread: Thread started: Thread Group 1-46
2019-05-14 15:09:23,810 INFO o.a.j.t.JMeterThread: Thread started: Thread Group 1-47
2019-05-14 15:09:23,841 INFO o.a.j.t.JMeterThread: Thread started: Thread Group 1-48
2019-05-14 15:09:23,872 INFO o.a.j.t.JMeterThread: Thread started: Thread Group 1-49
2019-05-14 15:09:23,901 INFO o.a.j.t.JMeterThread: Thread started: Thread Group 1-50
2019-05-14 15:09:23,933 INFO o.a.j.t.JMeterThread: Thread started: Thread Group 1-51
2019-05-14 15:09:23,954 INFO o.a.j.u.SSLManager: JmeterKeyStore Location:  type JKS
2019-05-14 15:09:23,958 INFO o.a.j.u.SSLManager: KeyStore created OK
2019-05-14 15:09:23,959 WARN o.a.j.u.SSLManager: Keystore file not found, loading empty keystore
2019-05-14 15:09:23,965 INFO o.a.j.t.JMeterThread: Thread started: Thread Group 1-52
2019-05-14 15:09:23,992 INFO o.a.j.t.JMeterThread: Thread started: Thread Group 1-53
2019-05-14 15:09:24,020 INFO o.a.j.t.JMeterThread: Thread started: Thread Group 1-54
2019-05-14 15:09:24,058 INFO o.a.j.t.JMeterThread: Thread started: Thread Group 1-55
2019-05-14 15:09:24,081 INFO o.a.j.t.JMeterThread: Thread started: Thread Group 1-56
2019-05-14 15:09:24,112 INFO o.a.j.t.JMeterThread: Thread started: Thread Group 1-57
2019-05-14 15:09:24,145 INFO o.a.j.t.JMeterThread: Thread started: Thread Group 1-58
2019-05-14 15:09:24,170 INFO o.a.j.t.JMeterThread: Thread started: Thread Group 1-59
2019-05-14 15:09:24,204 INFO o.a.j.t.JMeterThread: Thread started: Thread Group 1-60
2019-05-14 15:09:24,233 INFO o.a.j.t.JMeterThread: Thread started: Thread Group 1-61
2019-05-14 15:09:24,262 INFO o.a.j.t.JMeterThread: Thread started: Thread Group 1-62
2019-05-14 15:09:24,292 INFO o.a.j.t.JMeterThread: Thread started: Thread Group 1-63
2019-05-14 15:09:24,335 INFO o.a.j.t.JMeterThread: Thread started: Thread Group 1-64
2019-05-14 15:09:24,354 INFO o.a.j.t.JMeterThread: Thread started: Thread Group 1-65
2019-05-14 15:09:24,383 INFO o.a.j.t.JMeterThread: Thread started: Thread Group 1-66
2019-05-14 15:09:24,411 INFO o.a.j.t.JMeterThread: Thread started: Thread Group 1-67
2019-05-14 15:09:24,441 INFO o.a.j.t.JMeterThread: Thread started: Thread Group 1-68
2019-05-14 15:09:24,472 INFO o.a.j.t.JMeterThread: Thread started: Thread Group 1-69
2019-05-14 15:09:24,504 INFO o.a.j.t.JMeterThread: Thread started: Thread Group 1-70
2019-05-14 15:09:24,534 INFO o.a.j.t.JMeterThread: Thread started: Thread Group 1-71
2019-05-14 15:09:24,565 INFO o.a.j.t.JMeterThread: Thread started: Thread Group 1-72
2019-05-14 15:09:24,663 INFO o.a.j.t.JMeterThread: Thread started: Thread Group 1-74
2019-05-14 15:09:24,686 INFO o.a.j.t.JMeterThread: Thread started: Thread Group 1-76
2019-05-14 15:09:24,737 INFO o.a.j.t.JMeterThread: Thread started: Thread Group 1-77
2019-05-14 15:09:24,783 INFO o.a.j.t.JMeterThread: Thread started: Thread Group 1-79
2019-05-14 15:09:24,785 INFO o.a.j.t.JMeterThread: Thread started: Thread Group 1-73
2019-05-14 15:09:24,811 INFO o.a.j.t.JMeterThread: Thread started: Thread Group 1-80
2019-05-14 15:09:24,816 INFO o.a.j.t.JMeterThread: Thread started: Thread Group 1-75
2019-05-14 15:09:24,832 INFO o.a.j.t.JMeterThread: Thread started: Thread Group 1-81
2019-05-14 15:09:24,867 INFO o.a.j.t.JMeterThread: Thread started: Thread Group 1-82
2019-05-14 15:09:24,897 INFO o.a.j.t.JMeterThread: Thread started: Thread Group 1-83
2019-05-14 15:09:24,899 INFO o.a.j.t.JMeterThread: Thread started: Thread Group 1-78
2019-05-14 15:09:24,922 INFO o.a.j.t.JMeterThread: Thread started: Thread Group 1-84
2019-05-14 15:09:24,955 INFO o.a.j.t.JMeterThread: Thread started: Thread Group 1-85
2019-05-14 15:09:24,984 INFO o.a.j.t.JMeterThread: Thread started: Thread Group 1-86
2019-05-14 15:09:25,011 INFO o.a.j.t.JMeterThread: Thread started: Thread Group 1-87
2019-05-14 15:09:25,043 INFO o.a.j.t.JMeterThread: Thread started: Thread Group 1-88
2019-05-14 15:09:25,076 INFO o.a.j.t.JMeterThread: Thread started: Thread Group 1-89
2019-05-14 15:09:25,149 INFO o.a.j.t.JMeterThread: Thread started: Thread Group 1-91
2019-05-14 15:09:25,162 INFO o.a.j.t.JMeterThread: Thread started: Thread Group 1-92
2019-05-14 15:09:25,165 INFO o.a.j.t.JMeterThread: Thread started: Thread Group 1-90
2019-05-14 15:09:25,196 INFO o.a.j.t.JMeterThread: Thread started: Thread Group 1-93
2019-05-14 15:09:25,255 INFO o.a.j.t.JMeterThread: Thread started: Thread Group 1-94
2019-05-14 15:09:25,304 INFO o.a.j.t.JMeterThread: Thread started: Thread Group 1-95
2019-05-14 15:09:25,310 INFO o.a.j.t.JMeterThread: Thread started: Thread Group 1-97
2019-05-14 15:09:25,333 INFO o.a.j.t.JMeterThread: Thread started: Thread Group 1-96
2019-05-14 15:09:25,341 INFO o.a.j.t.JMeterThread: Thread started: Thread Group 1-98
2019-05-14 15:09:25,375 INFO o.a.j.t.JMeterThread: Thread started: Thread Group 1-99
2019-05-14 15:09:25,402 INFO o.a.j.t.JMeterThread: Thread started: Thread Group 1-100
2019-05-14 15:09:30,063 INFO o.a.j.r.Summariser: summary +    492 in 00:00:08 =   63.9/s Avg:   921 Min:     5 Max:  3050 Err:     0 (0.00%) Active: 100 Started: 100 Finished: 0
2019-05-14 15:09:50,280 INFO o.a.j.t.JMeterThread: Thread is done: Thread Group 1-16
2019-05-14 15:09:50,283 INFO o.a.j.t.JMeterThread: Thread finished: Thread Group 1-16
2019-05-14 15:09:53,788 INFO o.a.j.t.JMeterThread: Thread is done: Thread Group 1-57
2019-05-14 15:09:53,789 INFO o.a.j.t.JMeterThread: Thread finished: Thread Group 1-57
2019-05-14 15:09:55,394 INFO o.a.j.t.JMeterThread: Thread is done: Thread Group 1-38
2019-05-14 15:09:55,394 INFO o.a.j.t.JMeterThread: Thread finished: Thread Group 1-38
2019-05-14 15:09:55,492 INFO o.a.j.t.JMeterThread: Thread is done: Thread Group 1-40
2019-05-14 15:09:55,492 INFO o.a.j.t.JMeterThread: Thread finished: Thread Group 1-40
2019-05-14 15:09:55,532 INFO o.a.j.t.JMeterThread: Thread is done: Thread Group 1-58
2019-05-14 15:09:55,533 INFO o.a.j.t.JMeterThread: Thread finished: Thread Group 1-58
2019-05-14 15:09:56,739 INFO o.a.j.t.JMeterThread: Thread is done: Thread Group 1-43
2019-05-14 15:09:56,739 INFO o.a.j.t.JMeterThread: Thread finished: Thread Group 1-43
2019-05-14 15:09:56,998 INFO o.a.j.t.JMeterThread: Thread is done: Thread Group 1-75
2019-05-14 15:09:56,998 INFO o.a.j.t.JMeterThread: Thread finished: Thread Group 1-75
2019-05-14 15:09:57,130 INFO o.a.j.t.JMeterThread: Thread is done: Thread Group 1-10
2019-05-14 15:09:57,130 INFO o.a.j.t.JMeterThread: Thread finished: Thread Group 1-10
2019-05-14 15:09:57,182 INFO o.a.j.t.JMeterThread: Thread is done: Thread Group 1-11
2019-05-14 15:09:57,182 INFO o.a.j.t.JMeterThread: Thread finished: Thread Group 1-11
2019-05-14 15:09:57,321 INFO o.a.j.t.JMeterThread: Thread is done: Thread Group 1-6
2019-05-14 15:09:57,321 INFO o.a.j.t.JMeterThread: Thread finished: Thread Group 1-6
2019-05-14 15:09:58,928 INFO o.a.j.t.JMeterThread: Thread is done: Thread Group 1-52
2019-05-14 15:09:58,929 INFO o.a.j.t.JMeterThread: Thread finished: Thread Group 1-52
2019-05-14 15:09:59,091 INFO o.a.j.t.JMeterThread: Thread is done: Thread Group 1-60
2019-05-14 15:09:59,091 INFO o.a.j.t.JMeterThread: Thread finished: Thread Group 1-60
2019-05-14 15:09:59,146 INFO o.a.j.t.JMeterThread: Thread is done: Thread Group 1-36
2019-05-14 15:09:59,147 INFO o.a.j.t.JMeterThread: Thread finished: Thread Group 1-36
2019-05-14 15:09:59,700 INFO o.a.j.t.JMeterThread: Thread is done: Thread Group 1-25
2019-05-14 15:09:59,700 INFO o.a.j.t.JMeterThread: Thread finished: Thread Group 1-25
2019-05-14 15:09:59,738 INFO o.a.j.t.JMeterThread: Thread is done: Thread Group 1-50
2019-05-14 15:09:59,738 INFO o.a.j.t.JMeterThread: Thread finished: Thread Group 1-50
2019-05-14 15:09:59,796 INFO o.a.j.t.JMeterThread: Thread is done: Thread Group 1-94
2019-05-14 15:09:59,797 INFO o.a.j.t.JMeterThread: Thread finished: Thread Group 1-94
2019-05-14 15:10:00,177 INFO o.a.j.r.Summariser: summary +    988 in 00:00:30 =   32.8/s Avg:   384 Min:     4 Max:  9732 Err:     0 (0.00%) Active: 84 Started: 100 Finished: 16
2019-05-14 15:10:00,178 INFO o.a.j.r.Summariser: summary =   1480 in 00:00:38 =   39.1/s Avg:   562 Min:     4 Max:  9732 Err:     0 (0.00%)
2019-05-14 15:10:01,094 INFO o.a.j.t.JMeterThread: Thread is done: Thread Group 1-27
2019-05-14 15:10:01,095 INFO o.a.j.t.JMeterThread: Thread finished: Thread Group 1-27
2019-05-14 15:10:01,976 INFO o.a.j.t.JMeterThread: Thread is done: Thread Group 1-59
2019-05-14 15:10:01,976 INFO o.a.j.t.JMeterThread: Thread finished: Thread Group 1-59
2019-05-14 15:10:02,138 INFO o.a.j.t.JMeterThread: Thread is done: Thread Group 1-62
2019-05-14 15:10:02,138 INFO o.a.j.t.JMeterThread: Thread finished: Thread Group 1-62
2019-05-14 15:10:03,301 INFO o.a.j.t.JMeterThread: Thread is done: Thread Group 1-73
2019-05-14 15:10:03,302 INFO o.a.j.t.JMeterThread: Thread finished: Thread Group 1-73
2019-05-14 15:10:03,389 INFO o.a.j.t.JMeterThread: Thread is done: Thread Group 1-56
2019-05-14 15:10:03,390 INFO o.a.j.t.JMeterThread: Thread finished: Thread Group 1-56
2019-05-14 15:10:03,864 INFO o.a.j.t.JMeterThread: Thread is done: Thread Group 1-5
2019-05-14 15:10:03,864 INFO o.a.j.t.JMeterThread: Thread finished: Thread Group 1-5
2019-05-14 15:10:04,196 INFO o.a.j.t.JMeterThread: Thread is done: Thread Group 1-19
2019-05-14 15:10:04,196 INFO o.a.j.t.JMeterThread: Thread finished: Thread Group 1-19
2019-05-14 15:10:04,203 INFO o.a.j.t.JMeterThread: Thread is done: Thread Group 1-33
2019-05-14 15:10:04,203 INFO o.a.j.t.JMeterThread: Thread finished: Thread Group 1-33
2019-05-14 15:10:04,463 INFO o.a.j.t.JMeterThread: Thread is done: Thread Group 1-17
2019-05-14 15:10:04,463 INFO o.a.j.t.JMeterThread: Thread finished: Thread Group 1-17
2019-05-14 15:10:04,557 INFO o.a.j.t.JMeterThread: Thread is done: Thread Group 1-85
2019-05-14 15:10:04,557 INFO o.a.j.t.JMeterThread: Thread finished: Thread Group 1-85
2019-05-14 15:10:04,770 INFO o.a.j.t.JMeterThread: Thread is done: Thread Group 1-31
2019-05-14 15:10:04,770 INFO o.a.j.t.JMeterThread: Thread finished: Thread Group 1-31
2019-05-14 15:10:04,953 INFO o.a.j.t.JMeterThread: Thread is done: Thread Group 1-24
2019-05-14 15:10:04,953 INFO o.a.j.t.JMeterThread: Thread finished: Thread Group 1-24
2019-05-14 15:10:04,997 INFO o.a.j.t.JMeterThread: Thread is done: Thread Group 1-72
2019-05-14 15:10:04,997 INFO o.a.j.t.JMeterThread: Thread finished: Thread Group 1-72
2019-05-14 15:10:05,057 INFO o.a.j.t.JMeterThread: Thread is done: Thread Group 1-12
2019-05-14 15:10:05,057 INFO o.a.j.t.JMeterThread: Thread finished: Thread Group 1-12
2019-05-14 15:10:05,363 INFO o.a.j.t.JMeterThread: Thread is done: Thread Group 1-23
2019-05-14 15:10:05,363 INFO o.a.j.t.JMeterThread: Thread finished: Thread Group 1-23
2019-05-14 15:10:05,464 INFO o.a.j.t.JMeterThread: Thread is done: Thread Group 1-87
2019-05-14 15:10:05,465 INFO o.a.j.t.JMeterThread: Thread finished: Thread Group 1-87
2019-05-14 15:10:05,510 INFO o.a.j.t.JMeterThread: Thread is done: Thread Group 1-79
2019-05-14 15:10:05,510 INFO o.a.j.t.JMeterThread: Thread finished: Thread Group 1-79
2019-05-14 15:10:05,602 INFO o.a.j.t.JMeterThread: Thread is done: Thread Group 1-42
2019-05-14 15:10:05,602 INFO o.a.j.t.JMeterThread: Thread finished: Thread Group 1-42
2019-05-14 15:10:05,959 INFO o.a.j.t.JMeterThread: Thread is done: Thread Group 1-74
2019-05-14 15:10:05,960 INFO o.a.j.t.JMeterThread: Thread finished: Thread Group 1-74
2019-05-14 15:10:06,166 INFO o.a.j.t.JMeterThread: Thread is done: Thread Group 1-18
2019-05-14 15:10:06,166 INFO o.a.j.t.JMeterThread: Thread finished: Thread Group 1-18
2019-05-14 15:10:07,053 INFO o.a.j.t.JMeterThread: Thread is done: Thread Group 1-44
2019-05-14 15:10:07,053 INFO o.a.j.t.JMeterThread: Thread finished: Thread Group 1-44
2019-05-14 15:10:07,274 INFO o.a.j.t.JMeterThread: Thread is done: Thread Group 1-84
2019-05-14 15:10:07,274 INFO o.a.j.t.JMeterThread: Thread finished: Thread Group 1-84
2019-05-14 15:10:07,563 INFO o.a.j.t.JMeterThread: Thread is done: Thread Group 1-68
2019-05-14 15:10:07,564 INFO o.a.j.t.JMeterThread: Thread finished: Thread Group 1-68
2019-05-14 15:10:07,608 INFO o.a.j.t.JMeterThread: Thread is done: Thread Group 1-47
2019-05-14 15:10:07,608 INFO o.a.j.t.JMeterThread: Thread finished: Thread Group 1-47
2019-05-14 15:10:07,689 INFO o.a.j.t.JMeterThread: Thread is done: Thread Group 1-1
2019-05-14 15:10:07,689 INFO o.a.j.t.JMeterThread: Thread finished: Thread Group 1-1
2019-05-14 15:10:07,745 INFO o.a.j.t.JMeterThread: Thread is done: Thread Group 1-77
2019-05-14 15:10:07,745 INFO o.a.j.t.JMeterThread: Thread finished: Thread Group 1-77
2019-05-14 15:10:07,867 INFO o.a.j.t.JMeterThread: Thread is done: Thread Group 1-76
2019-05-14 15:10:07,867 INFO o.a.j.t.JMeterThread: Thread finished: Thread Group 1-76
2019-05-14 15:10:08,141 INFO o.a.j.t.JMeterThread: Thread is done: Thread Group 1-51
2019-05-14 15:10:08,141 INFO o.a.j.t.JMeterThread: Thread finished: Thread Group 1-51
2019-05-14 15:10:08,157 INFO o.a.j.t.JMeterThread: Thread is done: Thread Group 1-83
2019-05-14 15:10:08,157 INFO o.a.j.t.JMeterThread: Thread finished: Thread Group 1-83
2019-05-14 15:10:08,193 INFO o.a.j.t.JMeterThread: Thread is done: Thread Group 1-80
2019-05-14 15:10:08,194 INFO o.a.j.t.JMeterThread: Thread finished: Thread Group 1-80
2019-05-14 15:10:08,320 INFO o.a.j.t.JMeterThread: Thread is done: Thread Group 1-48
2019-05-14 15:10:08,320 INFO o.a.j.t.JMeterThread: Thread finished: Thread Group 1-48
2019-05-14 15:10:08,409 INFO o.a.j.t.JMeterThread: Thread is done: Thread Group 1-28
2019-05-14 15:10:08,409 INFO o.a.j.t.JMeterThread: Thread finished: Thread Group 1-28
2019-05-14 15:10:08,492 INFO o.a.j.t.JMeterThread: Thread is done: Thread Group 1-64
2019-05-14 15:10:08,492 INFO o.a.j.t.JMeterThread: Thread finished: Thread Group 1-64
2019-05-14 15:10:08,748 INFO o.a.j.t.JMeterThread: Thread is done: Thread Group 1-22
2019-05-14 15:10:08,748 INFO o.a.j.t.JMeterThread: Thread finished: Thread Group 1-22
2019-05-14 15:10:08,868 INFO o.a.j.t.JMeterThread: Thread is done: Thread Group 1-100
2019-05-14 15:10:08,868 INFO o.a.j.t.JMeterThread: Thread finished: Thread Group 1-100
2019-05-14 15:10:08,883 INFO o.a.j.t.JMeterThread: Thread is done: Thread Group 1-98
2019-05-14 15:10:08,884 INFO o.a.j.t.JMeterThread: Thread finished: Thread Group 1-98
2019-05-14 15:10:08,953 INFO o.a.j.t.JMeterThread: Thread is done: Thread Group 1-49
2019-05-14 15:10:08,957 INFO o.a.j.t.JMeterThread: Thread finished: Thread Group 1-49
2019-05-14 15:10:09,061 INFO o.a.j.t.JMeterThread: Thread is done: Thread Group 1-34
2019-05-14 15:10:09,061 INFO o.a.j.t.JMeterThread: Thread finished: Thread Group 1-34
2019-05-14 15:10:09,126 INFO o.a.j.t.JMeterThread: Thread is done: Thread Group 1-29
2019-05-14 15:10:09,126 INFO o.a.j.t.JMeterThread: Thread finished: Thread Group 1-29
2019-05-14 15:10:09,494 INFO o.a.j.t.JMeterThread: Thread is done: Thread Group 1-55
2019-05-14 15:10:09,494 INFO o.a.j.t.JMeterThread: Thread finished: Thread Group 1-55
2019-05-14 15:10:09,558 INFO o.a.j.t.JMeterThread: Thread is done: Thread Group 1-86
2019-05-14 15:10:09,559 INFO o.a.j.t.JMeterThread: Thread finished: Thread Group 1-86
2019-05-14 15:10:09,561 INFO o.a.j.t.JMeterThread: Thread is done: Thread Group 1-14
2019-05-14 15:10:09,561 INFO o.a.j.t.JMeterThread: Thread finished: Thread Group 1-14
2019-05-14 15:10:09,858 INFO o.a.j.t.JMeterThread: Thread is done: Thread Group 1-26
2019-05-14 15:10:09,858 INFO o.a.j.t.JMeterThread: Thread finished: Thread Group 1-26
2019-05-14 15:10:09,889 INFO o.a.j.t.JMeterThread: Thread is done: Thread Group 1-89
2019-05-14 15:10:09,889 INFO o.a.j.t.JMeterThread: Thread finished: Thread Group 1-89
2019-05-14 15:10:10,168 INFO o.a.j.t.JMeterThread: Thread is done: Thread Group 1-99
2019-05-14 15:10:10,170 INFO o.a.j.t.JMeterThread: Thread is done: Thread Group 1-20
2019-05-14 15:10:10,173 INFO o.a.j.t.JMeterThread: Thread finished: Thread Group 1-99
2019-05-14 15:10:10,173 INFO o.a.j.t.JMeterThread: Thread finished: Thread Group 1-20
2019-05-14 15:10:10,183 INFO o.a.j.t.JMeterThread: Thread is done: Thread Group 1-37
2019-05-14 15:10:10,183 INFO o.a.j.t.JMeterThread: Thread finished: Thread Group 1-37
2019-05-14 15:10:10,508 INFO o.a.j.t.JMeterThread: Thread is done: Thread Group 1-78
2019-05-14 15:10:10,508 INFO o.a.j.t.JMeterThread: Thread finished: Thread Group 1-78
2019-05-14 15:10:10,629 INFO o.a.j.t.JMeterThread: Thread is done: Thread Group 1-39
2019-05-14 15:10:10,629 INFO o.a.j.t.JMeterThread: Thread finished: Thread Group 1-39
2019-05-14 15:10:11,186 INFO o.a.j.t.JMeterThread: Thread is done: Thread Group 1-35
2019-05-14 15:10:11,186 INFO o.a.j.t.JMeterThread: Thread finished: Thread Group 1-35
2019-05-14 15:10:11,513 INFO o.a.j.t.JMeterThread: Thread is done: Thread Group 1-81
2019-05-14 15:10:11,513 INFO o.a.j.t.JMeterThread: Thread finished: Thread Group 1-81
2019-05-14 15:10:11,923 INFO o.a.j.t.JMeterThread: Thread is done: Thread Group 1-15
2019-05-14 15:10:11,923 INFO o.a.j.t.JMeterThread: Thread finished: Thread Group 1-15
2019-05-14 15:10:12,211 INFO o.a.j.t.JMeterThread: Thread is done: Thread Group 1-97
2019-05-14 15:10:12,212 INFO o.a.j.t.JMeterThread: Thread finished: Thread Group 1-97
2019-05-14 15:10:12,343 INFO o.a.j.t.JMeterThread: Thread is done: Thread Group 1-2
2019-05-14 15:10:12,343 INFO o.a.j.t.JMeterThread: Thread finished: Thread Group 1-2
2019-05-14 15:10:12,347 INFO o.a.j.t.JMeterThread: Thread is done: Thread Group 1-45
2019-05-14 15:10:12,347 INFO o.a.j.t.JMeterThread: Thread finished: Thread Group 1-45
2019-05-14 15:10:13,057 INFO o.a.j.t.JMeterThread: Thread is done: Thread Group 1-41
2019-05-14 15:10:13,057 INFO o.a.j.t.JMeterThread: Thread finished: Thread Group 1-41
2019-05-14 15:10:13,114 INFO o.a.j.t.JMeterThread: Thread is done: Thread Group 1-61
2019-05-14 15:10:13,114 INFO o.a.j.t.JMeterThread: Thread finished: Thread Group 1-61
2019-05-14 15:10:13,151 INFO o.a.j.t.JMeterThread: Thread is done: Thread Group 1-96
2019-05-14 15:10:13,152 INFO o.a.j.t.JMeterThread: Thread finished: Thread Group 1-96
2019-05-14 15:10:13,545 INFO o.a.j.t.JMeterThread: Thread is done: Thread Group 1-65
2019-05-14 15:10:13,545 INFO o.a.j.t.JMeterThread: Thread finished: Thread Group 1-65
2019-05-14 15:10:13,566 INFO o.a.j.t.JMeterThread: Thread is done: Thread Group 1-9
2019-05-14 15:10:13,566 INFO o.a.j.t.JMeterThread: Thread finished: Thread Group 1-9
2019-05-14 15:10:13,616 INFO o.a.j.t.JMeterThread: Thread is done: Thread Group 1-13
2019-05-14 15:10:13,616 INFO o.a.j.t.JMeterThread: Thread finished: Thread Group 1-13
2019-05-14 15:10:13,741 INFO o.a.j.t.JMeterThread: Thread is done: Thread Group 1-88
2019-05-14 15:10:13,742 INFO o.a.j.t.JMeterThread: Thread finished: Thread Group 1-88
2019-05-14 15:10:13,817 INFO o.a.j.t.JMeterThread: Thread is done: Thread Group 1-69
2019-05-14 15:10:13,817 INFO o.a.j.t.JMeterThread: Thread finished: Thread Group 1-69
2019-05-14 15:10:13,841 INFO o.a.j.t.JMeterThread: Thread is done: Thread Group 1-4
2019-05-14 15:10:13,841 INFO o.a.j.t.JMeterThread: Thread finished: Thread Group 1-4
2019-05-14 15:10:14,177 INFO o.a.j.t.JMeterThread: Thread is done: Thread Group 1-91
2019-05-14 15:10:14,177 INFO o.a.j.t.JMeterThread: Thread finished: Thread Group 1-91
2019-05-14 15:10:14,551 INFO o.a.j.t.JMeterThread: Thread is done: Thread Group 1-71
2019-05-14 15:10:14,551 INFO o.a.j.t.JMeterThread: Thread finished: Thread Group 1-71
2019-05-14 15:10:14,785 INFO o.a.j.t.JMeterThread: Thread is done: Thread Group 1-63
2019-05-14 15:10:14,785 INFO o.a.j.t.JMeterThread: Thread finished: Thread Group 1-63
2019-05-14 15:10:15,875 INFO o.a.j.t.JMeterThread: Thread is done: Thread Group 1-90
2019-05-14 15:10:15,875 INFO o.a.j.t.JMeterThread: Thread finished: Thread Group 1-90
2019-05-14 15:10:15,900 INFO o.a.j.t.JMeterThread: Thread is done: Thread Group 1-53
2019-05-14 15:10:15,900 INFO o.a.j.t.JMeterThread: Thread finished: Thread Group 1-53
2019-05-14 15:10:16,332 INFO o.a.j.t.JMeterThread: Thread is done: Thread Group 1-30
2019-05-14 15:10:16,332 INFO o.a.j.t.JMeterThread: Thread finished: Thread Group 1-30
2019-05-14 15:10:16,773 INFO o.a.j.t.JMeterThread: Thread is done: Thread Group 1-92
2019-05-14 15:10:16,773 INFO o.a.j.t.JMeterThread: Thread finished: Thread Group 1-92
2019-05-14 15:10:16,923 INFO o.a.j.t.JMeterThread: Thread is done: Thread Group 1-46
2019-05-14 15:10:16,923 INFO o.a.j.t.JMeterThread: Thread finished: Thread Group 1-46
2019-05-14 15:10:17,113 INFO o.a.j.t.JMeterThread: Thread is done: Thread Group 1-3
2019-05-14 15:10:17,113 INFO o.a.j.t.JMeterThread: Thread finished: Thread Group 1-3
2019-05-14 15:10:17,224 INFO o.a.j.t.JMeterThread: Thread is done: Thread Group 1-93
2019-05-14 15:10:17,224 INFO o.a.j.t.JMeterThread: Thread finished: Thread Group 1-93
2019-05-14 15:10:17,277 INFO o.a.j.t.JMeterThread: Thread is done: Thread Group 1-95
2019-05-14 15:10:17,277 INFO o.a.j.t.JMeterThread: Thread finished: Thread Group 1-95
2019-05-14 15:10:17,950 INFO o.a.j.t.JMeterThread: Thread is done: Thread Group 1-70
2019-05-14 15:10:17,950 INFO o.a.j.t.JMeterThread: Thread finished: Thread Group 1-70
2019-05-14 15:10:18,825 INFO o.a.j.t.JMeterThread: Thread is done: Thread Group 1-54
2019-05-14 15:10:18,825 INFO o.a.j.t.JMeterThread: Thread finished: Thread Group 1-54
2019-05-14 15:10:18,874 INFO o.a.j.t.JMeterThread: Thread is done: Thread Group 1-82
2019-05-14 15:10:18,874 INFO o.a.j.t.JMeterThread: Thread finished: Thread Group 1-82
2019-05-14 15:10:20,477 INFO o.a.j.t.JMeterThread: Thread is done: Thread Group 1-8
2019-05-14 15:10:20,478 INFO o.a.j.t.JMeterThread: Thread finished: Thread Group 1-8
2019-05-14 15:10:20,804 INFO o.a.j.t.JMeterThread: Thread is done: Thread Group 1-32
2019-05-14 15:10:20,804 INFO o.a.j.t.JMeterThread: Thread finished: Thread Group 1-32
2019-05-14 15:10:20,961 INFO o.a.j.t.JMeterThread: Thread is done: Thread Group 1-21
2019-05-14 15:10:20,961 INFO o.a.j.t.JMeterThread: Thread finished: Thread Group 1-21
2019-05-14 15:10:23,053 INFO o.a.j.t.JMeterThread: Thread is done: Thread Group 1-66
2019-05-14 15:10:23,053 INFO o.a.j.t.JMeterThread: Thread finished: Thread Group 1-66
2019-05-14 15:10:23,643 INFO o.a.j.t.JMeterThread: Thread is done: Thread Group 1-7
2019-05-14 15:10:23,643 INFO o.a.j.t.JMeterThread: Thread finished: Thread Group 1-7
2019-05-14 15:10:34,261 INFO o.a.j.r.Summariser: summary +    420 in 00:00:34 =   12.3/s Avg:   112 Min:     4 Max:  1230 Err:     0 (0.00%) Active: 1 Started: 100 Finished: 99
2019-05-14 15:10:34,262 INFO o.a.j.r.Summariser: summary =   1900 in 00:01:12 =   26.4/s Avg:   463 Min:     4 Max:  9732 Err:     0 (0.00%)
2019-05-14 15:10:34,262 INFO o.a.j.t.JMeterThread: Thread is done: Thread Group 1-67
2019-05-14 15:10:34,263 INFO o.a.j.t.JMeterThread: Thread finished: Thread Group 1-67
2019-05-14 15:10:34,263 INFO o.a.j.e.StandardJMeterEngine: Notifying test listeners of end of test
2019-05-14 15:10:34,264 INFO o.a.j.r.Summariser: summary =   1900 in 00:01:12 =   26.4/s Avg:   463 Min:     4 Max:  9732 Err:     0 (0.00%)
