
> testingtool-app@1.0.0 start /home/lalit/webroot/testingtool
> nodemon src/ --exec babel-node

[33m[nodemon] 1.18.5[39m
[33m[nodemon] to restart at any time, enter `rs`[39m
[33m[nodemon] watching: *.*[39m
[32m[nodemon] starting `babel-node src/`[39m
events.js:167
      throw er; // Unhandled 'error' event
      ^

Error: EBADF: bad file descriptor, read
Emitted 'error' event at:
    at lazyFs.read (internal/fs/streams.js:165:12)
    at FSReqWrap.wrapper [as oncomplete] (fs.js:460:17)
npm ERR! code ELIFECYCLE
npm ERR! errno 1
npm ERR! testingtool-app@1.0.0 start: `nodemon src/ --exec babel-node`
npm ERR! Exit status 1
npm ERR! 
npm ERR! Failed at the testingtool-app@1.0.0 start script.
npm ERR! This is probably not a problem with npm. There is likely additional logging output above.

npm ERR! A complete log of this run can be found in:
npm ERR!     /home/lalit/.npm/_logs/2018-11-09T15_27_16_230Z-debug.log
🖥  Server started at http://0.0.0.0:4000/
(node:15138) MaxListenersExceededWarning: Possible EventEmitter memory leak detected. 11 job ttl exceeded listeners added. Use emitter.setMaxListeners() to increase limit
5be5d9477c997d39ea6df746 7
5be5d9477c997d39ea6df746 7
