[2018-10-21] APP-INFO: Server started at http://0.0.0.0:4000/
[2018-10-21] APP-INFO: --> POST /app/session/save 200 378ms
[2018-10-21] APP-INFO: --> GET /app/scenario/5b9e004a3bdf8033cfe20edb/runs 200 122ms
[2018-10-21] APP-INFO: --> POST /app/session/save 200 76ms
[2018-10-21] APP-INFO: --> GET /app/scenario/5b9e004a3bdf8033cfe20edb/runs 200 35ms
[2018-10-21] APP-INFO: --> POST /app/session/save 200 46ms
[2018-10-21] APP-INFO: --> GET /app/scenario/5b9e004a3bdf8033cfe20edb/runs 200 25ms
[2018-10-21] APP-INFO: --> POST /app/session/save 200 49ms
[2018-10-21] APP-INFO: --> GET /app/scenario/5b9e004a3bdf8033cfe20edb/runs 200 24ms
[2018-10-21] APP-INFO: --> POST /app/run/compare 200 82ms
[2018-10-21] APP-ERROR: { __v: 0,
  url: 'http://blazedemo.com/reserve.php',
  sequence: 10,
  location: 'header',
  key: 'Content-Length',
  scenario: 5b9e004a3bdf8033cfe20edb,
  session_sequence: 2,
  session: 5bcc495596a1a92eedbffd17,
  _id: 5bcc499196a1a92eedbffd36,
  duplicate: '',
  updated_on: 2018-10-21T09:40:33.009Z,
  added_on: 2018-10-21T09:40:33.009Z,
  second:
   { value: 'New+York',
     request: 5bcc498896a1a92eedbffd2c,
     run: 5ba255b716ba6e92e5ce908c },
  first:
   { value: 'Rome',
     request: 5bcc495596a1a92eedbffd18,
     run: 5b9e004a3bdf8033cfe20eec } },{ __v: 0,
  url: 'http://blazedemo.com/reserve.php',
  sequence: 10,
  location: 'post_data',
  key: 'fromPort',
  scenario: 5b9e004a3bdf8033cfe20edb,
  session_sequence: 2,
  session: 5bcc495596a1a92eedbffd17,
  _id: 5bcc499196a1a92eedbffd37,
  duplicate: '',
  updated_on: 2018-10-21T09:40:33.012Z,
  added_on: 2018-10-21T09:40:33.012Z,
  second:
   { value: 'New+York',
     request: 5bcc498896a1a92eedbffd2c,
     run: 5ba255b716ba6e92e5ce908c },
  first:
   { value: 'Rome',
     request: 5bcc495596a1a92eedbffd18,
     run: 5b9e004a3bdf8033cfe20eec } },{ __v: 0,
  url: 'http://blazedemo.com/reserve.php',
  sequence: 10,
  location: 'post_data',
  key: 'toPort',
  scenario: 5b9e004a3bdf8033cfe20edb,
  session_sequence: 2,
  session: 5bcc495596a1a92eedbffd17,
  _id: 5bcc499196a1a92eedbffd38,
  duplicate: '',
  updated_on: 2018-10-21T09:40:33.016Z,
  added_on: 2018-10-21T09:40:33.016Z,
  second:
   { value: 'New+York',
     request: 5bcc498896a1a92eedbffd2c,
     run: 5ba255b716ba6e92e5ce908c },
  first:
   { value: 'Rome',
     request: 5bcc495596a1a92eedbffd18,
     run: 5b9e004a3bdf8033cfe20eec } },{ __v: 0,
  url: 'https://bam.nr-data.net/1/338cffe5d3',
  sequence: 18,
  location: 'params',
  key: 'rst',
  scenario: 5b9e004a3bdf8033cfe20edb,
  session_sequence: 2,
  session: 5bcc495596a1a92eedbffd17,
  _id: 5bcc499196a1a92eedbffd39,
  duplicate: '',
  updated_on: 2018-10-21T09:40:33.018Z,
  added_on: 2018-10-21T09:40:33.018Z,
  second:
   { value:
      '%7B%22timing%22:%7B%22of%22:1519032429597,%22n%22:0,%22u%22:840,%22ue%22:840,%22f%22:5,%22dn%22:5,%22dne%22:5,%22c%22:6,%22ce%22:9,%22rq%22:10,%22rp%22:822,%22rpe%22:833,%22dl%22:850,%22di%22:1023,%22ds%22:1023,%22de%22:1109,%22dc%22:1162,%22l%22:1162,%22le%22:1171%7D,%22navigation%22:%7B%7D%7D',
     request: 5bcc498896a1a92eedbffd34,
     run: 5ba255b716ba6e92e5ce908c },
  first:
   { value:
      '%7B%22timing%22:%7B%22of%22:1519031782396,%22n%22:0,%22u%22:2294,%22ue%22:2294,%22f%22:6,%22dn%22:6,%22dne%22:6,%22c%22:7,%22ce%22:9,%22rq%22:9,%22rp%22:2213,%22rpe%22:2286,%22dl%22:2310,%22di%22:2578,%22ds%22:2578,%22de%22:2660,%22dc%22:2697,%22l%22:2697,%22le%22:2704%7D,%22navigation%22:%7B%7D%7D',
     request: 5bcc495596a1a92eedbffd20,
     run: 5b9e004a3bdf8033cfe20eec } },{ __v: 0,
  url: 'https://bam.nr-data.net/1/338cffe5d3',
  sequence: 18,
  location: 'params',
  key: 'ap',
  scenario: 5b9e004a3bdf8033cfe20edb,
  session_sequence: 2,
  session: 5bcc495596a1a92eedbffd17,
  _id: 5bcc499196a1a92eedbffd3a,
  duplicate: '',
  updated_on: 2018-10-21T09:40:33.019Z,
  added_on: 2018-10-21T09:40:33.019Z,
  second:
   { value:
      '%7B%22timing%22:%7B%22of%22:1519032429597,%22n%22:0,%22u%22:840,%22ue%22:840,%22f%22:5,%22dn%22:5,%22dne%22:5,%22c%22:6,%22ce%22:9,%22rq%22:10,%22rp%22:822,%22rpe%22:833,%22dl%22:850,%22di%22:1023,%22ds%22:1023,%22de%22:1109,%22dc%22:1162,%22l%22:1162,%22le%22:1171%7D,%22navigation%22:%7B%7D%7D',
     request: 5bcc498896a1a92eedbffd34,
     run: 5ba255b716ba6e92e5ce908c },
  first:
   { value:
      '%7B%22timing%22:%7B%22of%22:1519031782396,%22n%22:0,%22u%22:2294,%22ue%22:2294,%22f%22:6,%22dn%22:6,%22dne%22:6,%22c%22:7,%22ce%22:9,%22rq%22:9,%22rp%22:2213,%22rpe%22:2286,%22dl%22:2310,%22di%22:2578,%22ds%22:2578,%22de%22:2660,%22dc%22:2697,%22l%22:2697,%22le%22:2704%7D,%22navigation%22:%7B%7D%7D',
     request: 5bcc495596a1a92eedbffd20,
     run: 5b9e004a3bdf8033cfe20eec } },{ __v: 0,
  url: 'https://bam.nr-data.net/1/338cffe5d3',
  sequence: 18,
  location: 'params',
  key: 'be',
  scenario: 5b9e004a3bdf8033cfe20edb,
  session_sequence: 2,
  session: 5bcc495596a1a92eedbffd17,
  _id: 5bcc499196a1a92eedbffd3b,
  duplicate: '',
  updated_on: 2018-10-21T09:40:33.021Z,
  added_on: 2018-10-21T09:40:33.021Z,
  second:
   { value:
      '%7B%22timing%22:%7B%22of%22:1519032429597,%22n%22:0,%22u%22:840,%22ue%22:840,%22f%22:5,%22dn%22:5,%22dne%22:5,%22c%22:6,%22ce%22:9,%22rq%22:10,%22rp%22:822,%22rpe%22:833,%22dl%22:850,%22di%22:1023,%22ds%22:1023,%22de%22:1109,%22dc%22:1162,%22l%22:1162,%22le%22:1171%7D,%22navigation%22:%7B%7D%7D',
     request: 5bcc498896a1a92eedbffd34,
     run: 5ba255b716ba6e92e5ce908c },
  first:
   { value:
      '%7B%22timing%22:%7B%22of%22:1519031782396,%22n%22:0,%22u%22:2294,%22ue%22:2294,%22f%22:6,%22dn%22:6,%22dne%22:6,%22c%22:7,%22ce%22:9,%22rq%22:9,%22rp%22:2213,%22rpe%22:2286,%22dl%22:2310,%22di%22:2578,%22ds%22:2578,%22de%22:2660,%22dc%22:2697,%22l%22:2697,%22le%22:2704%7D,%22navigation%22:%7B%7D%7D',
     request: 5bcc495596a1a92eedbffd20,
     run: 5b9e004a3bdf8033cfe20eec } },{ __v: 0,
  url: 'https://bam.nr-data.net/1/338cffe5d3',
  sequence: 18,
  location: 'params',
  key: 'fe',
  scenario: 5b9e004a3bdf8033cfe20edb,
  session_sequence: 2,
  session: 5bcc495596a1a92eedbffd17,
  _id: 5bcc499196a1a92eedbffd3c,
  duplicate: '',
  updated_on: 2018-10-21T09:40:33.022Z,
  added_on: 2018-10-21T09:40:33.022Z,
  second:
   { value:
      '%7B%22timing%22:%7B%22of%22:1519032429597,%22n%22:0,%22u%22:840,%22ue%22:840,%22f%22:5,%22dn%22:5,%22dne%22:5,%22c%22:6,%22ce%22:9,%22rq%22:10,%22rp%22:822,%22rpe%22:833,%22dl%22:850,%22di%22:1023,%22ds%22:1023,%22de%22:1109,%22dc%22:1162,%22l%22:1162,%22le%22:1171%7D,%22navigation%22:%7B%7D%7D',
     request: 5bcc498896a1a92eedbffd34,
     run: 5ba255b716ba6e92e5ce908c },
  first:
   { value:
      '%7B%22timing%22:%7B%22of%22:1519031782396,%22n%22:0,%22u%22:2294,%22ue%22:2294,%22f%22:6,%22dn%22:6,%22dne%22:6,%22c%22:7,%22ce%22:9,%22rq%22:9,%22rp%22:2213,%22rpe%22:2286,%22dl%22:2310,%22di%22:2578,%22ds%22:2578,%22de%22:2660,%22dc%22:2697,%22l%22:2697,%22le%22:2704%7D,%22navigation%22:%7B%7D%7D',
     request: 5bcc495596a1a92eedbffd20,
     run: 5b9e004a3bdf8033cfe20eec } },{ __v: 0,
  url: 'https://bam.nr-data.net/1/338cffe5d3',
  sequence: 18,
  location: 'params',
  key: 'dc',
  scenario: 5b9e004a3bdf8033cfe20edb,
  session_sequence: 2,
  session: 5bcc495596a1a92eedbffd17,
  _id: 5bcc499196a1a92eedbffd3d,
  duplicate: '',
  updated_on: 2018-10-21T09:40:33.024Z,
  added_on: 2018-10-21T09:40:33.024Z,
  second:
   { value:
      '%7B%22timing%22:%7B%22of%22:1519032429597,%22n%22:0,%22u%22:840,%22ue%22:840,%22f%22:5,%22dn%22:5,%22dne%22:5,%22c%22:6,%22ce%22:9,%22rq%22:10,%22rp%22:822,%22rpe%22:833,%22dl%22:850,%22di%22:1023,%22ds%22:1023,%22de%22:1109,%22dc%22:1162,%22l%22:1162,%22le%22:1171%7D,%22navigation%22:%7B%7D%7D',
     request: 5bcc498896a1a92eedbffd34,
     run: 5ba255b716ba6e92e5ce908c },
  first:
   { value:
      '%7B%22timing%22:%7B%22of%22:1519031782396,%22n%22:0,%22u%22:2294,%22ue%22:2294,%22f%22:6,%22dn%22:6,%22dne%22:6,%22c%22:7,%22ce%22:9,%22rq%22:9,%22rp%22:2213,%22rpe%22:2286,%22dl%22:2310,%22di%22:2578,%22ds%22:2578,%22de%22:2660,%22dc%22:2697,%22l%22:2697,%22le%22:2704%7D,%22navigation%22:%7B%7D%7D',
     request: 5bcc495596a1a92eedbffd20,
     run: 5b9e004a3bdf8033cfe20eec } },{ __v: 0,
  url: 'https://bam.nr-data.net/1/338cffe5d3',
  sequence: 18,
  location: 'params',
  key: 'perf',
  scenario: 5b9e004a3bdf8033cfe20edb,
  session_sequence: 2,
  session: 5bcc495596a1a92eedbffd17,
  _id: 5bcc499196a1a92eedbffd3e,
  duplicate: '',
  updated_on: 2018-10-21T09:40:33.025Z,
  added_on: 2018-10-21T09:40:33.025Z,
  second:
   { value:
      '%7B%22timing%22:%7B%22of%22:1519032429597,%22n%22:0,%22u%22:840,%22ue%22:840,%22f%22:5,%22dn%22:5,%22dne%22:5,%22c%22:6,%22ce%22:9,%22rq%22:10,%22rp%22:822,%22rpe%22:833,%22dl%22:850,%22di%22:1023,%22ds%22:1023,%22de%22:1109,%22dc%22:1162,%22l%22:1162,%22le%22:1171%7D,%22navigation%22:%7B%7D%7D',
     request: 5bcc498896a1a92eedbffd34,
     run: 5ba255b716ba6e92e5ce908c },
  first:
   { value:
      '%7B%22timing%22:%7B%22of%22:1519031782396,%22n%22:0,%22u%22:2294,%22ue%22:2294,%22f%22:6,%22dn%22:6,%22dne%22:6,%22c%22:7,%22ce%22:9,%22rq%22:9,%22rp%22:2213,%22rpe%22:2286,%22dl%22:2310,%22di%22:2578,%22ds%22:2578,%22de%22:2660,%22dc%22:2697,%22l%22:2697,%22le%22:2704%7D,%22navigation%22:%7B%7D%7D',
     request: 5bcc495596a1a92eedbffd20,
     run: 5b9e004a3bdf8033cfe20eec } },{ __v: 0,
  url: 'https://bam.nr-data.net/1/338cffe5d3',
  sequence: 18,
  location: 'url',
  key: 'url',
  scenario: 5b9e004a3bdf8033cfe20edb,
  session_sequence: 2,
  session: 5bcc495596a1a92eedbffd17,
  _id: 5bcc499196a1a92eedbffd3f,
  duplicate: '',
  updated_on: 2018-10-21T09:40:33.027Z,
  added_on: 2018-10-21T09:40:33.027Z,
  second:
   { value:
      'https://bam.nr-data.net/1/338cffe5d3?a=6657625&v=1071.385e752&to=YVxSYxACCxcEVRFfWlgWcVQWCgoKSkQARVBET1UZEgsV&rst=1213&ref=http://blazedemo.com/reserve.php&ap=5&be=875&fe=1162&dc=1023&perf=%7B%22timing%22:%7B%22of%22:1519032429597,%22n%22:0,%22u%22:840,%22ue%22:840,%22f%22:5,%22dn%22:5,%22dne%22:5,%22c%22:6,%22ce%22:9,%22rq%22:10,%22rp%22:822,%22rpe%22:833,%22dl%22:850,%22di%22:1023,%22ds%22:1023,%22de%22:1109,%22dc%22:1162,%22l%22:1162,%22le%22:1171%7D,%22navigation%22:%7B%7D%7D&at=TRtRFVgYGBk%3D&jsonp=NREUM.setToken',
     request: 5bcc498896a1a92eedbffd34,
     run: 5ba255b716ba6e92e5ce908c },
  first:
   { value:
      'https://bam.nr-data.net/1/338cffe5d3?a=6657625&v=1071.385e752&to=YVxSYxACCxcEVRFfWlgWcVQWCgoKSkQARVBET1UZEgsV&rst=2768&ref=http://blazedemo.com/reserve.php&ap=7&be=2333&fe=2699&dc=2578&perf=%7B%22timing%22:%7B%22of%22:1519031782396,%22n%22:0,%22u%22:2294,%22ue%22:2294,%22f%22:6,%22dn%22:6,%22dne%22:6,%22c%22:7,%22ce%22:9,%22rq%22:9,%22rp%22:2213,%22rpe%22:2286,%22dl%22:2310,%22di%22:2578,%22ds%22:2578,%22de%22:2660,%22dc%22:2697,%22l%22:2697,%22le%22:2704%7D,%22navigation%22:%7B%7D%7D&at=TRtRFVgYGBk%3D&jsonp=NREUM.setToken',
     request: 5bcc495596a1a92eedbffd20,
     run: 5b9e004a3bdf8033cfe20eec } }
[2018-10-21] APP-ERROR: { __v: 0,
  _id: 5bcc499196a1a92eedbffd40,
  updated_on: 2018-10-21T09:40:33.045Z,
  added_on: 2018-10-21T09:40:33.045Z,
  runs: [] }
[2018-10-21] APP-INFO: --> GET /app/scenario/5b9e004a3bdf8033cfe20edb/differnces 200 33ms
[2018-10-21] APP-ERROR: ReferenceError: checkExactMatch is not defined
    at backtrack._callee$ (/home/lalit/webroot/testingtool/src/cron/backtrack.js:46:67)
    at tryCatch (/home/lalit/webroot/testingtool/node_modules/regenerator-runtime/runtime.js:65:40)
    at Generator.invoke [as _invoke] (/home/lalit/webroot/testingtool/node_modules/regenerator-runtime/runtime.js:303:22)
    at Generator.prototype.(anonymous function) [as next] (/home/lalit/webroot/testingtool/node_modules/regenerator-runtime/runtime.js:117:21)
    at step (/home/lalit/webroot/testingtool/src/cron/backtrack.js:55:191)
    at /home/lalit/webroot/testingtool/src/cron/backtrack.js:55:361
    at process._tickCallback (internal/process/next_tick.js:68:7)
[2018-10-21] APP-INFO: Server started at http://0.0.0.0:4000/
[2018-10-21] APP-INFO: Server started at http://0.0.0.0:4000/
[2018-10-21] APP-ERROR: ReferenceError: checkExactMatch is not defined
    at backtrack._callee$ (/home/lalit/webroot/testingtool/src/cron/backtrack.js:46:67)
    at tryCatch (/home/lalit/webroot/testingtool/node_modules/regenerator-runtime/runtime.js:65:40)
    at Generator.invoke [as _invoke] (/home/lalit/webroot/testingtool/node_modules/regenerator-runtime/runtime.js:303:22)
    at Generator.prototype.(anonymous function) [as next] (/home/lalit/webroot/testingtool/node_modules/regenerator-runtime/runtime.js:117:21)
    at step (/home/lalit/webroot/testingtool/src/cron/backtrack.js:55:191)
    at /home/lalit/webroot/testingtool/src/cron/backtrack.js:55:361
    at process._tickCallback (internal/process/next_tick.js:68:7)
[2018-10-21] APP-INFO: Server started at http://0.0.0.0:4000/
[2018-10-21] APP-ERROR: ReferenceError: checkExactMatch is not defined
    at backtrack._callee$ (/home/lalit/webroot/testingtool/src/cron/backtrack.js:46:67)
    at tryCatch (/home/lalit/webroot/testingtool/node_modules/regenerator-runtime/runtime.js:65:40)
    at Generator.invoke [as _invoke] (/home/lalit/webroot/testingtool/node_modules/regenerator-runtime/runtime.js:303:22)
    at Generator.prototype.(anonymous function) [as next] (/home/lalit/webroot/testingtool/node_modules/regenerator-runtime/runtime.js:117:21)
    at step (/home/lalit/webroot/testingtool/src/cron/backtrack.js:55:191)
    at /home/lalit/webroot/testingtool/src/cron/backtrack.js:55:361
    at process._tickCallback (internal/process/next_tick.js:68:7)
[2018-10-21] APP-ERROR: ReferenceError: checkExactMatch is not defined
    at backtrack._callee$ (/home/lalit/webroot/testingtool/src/cron/backtrack.js:46:67)
    at tryCatch (/home/lalit/webroot/testingtool/node_modules/regenerator-runtime/runtime.js:65:40)
    at Generator.invoke [as _invoke] (/home/lalit/webroot/testingtool/node_modules/regenerator-runtime/runtime.js:303:22)
    at Generator.prototype.(anonymous function) [as next] (/home/lalit/webroot/testingtool/node_modules/regenerator-runtime/runtime.js:117:21)
    at step (/home/lalit/webroot/testingtool/src/cron/backtrack.js:55:191)
    at /home/lalit/webroot/testingtool/src/cron/backtrack.js:55:361
    at process._tickCallback (internal/process/next_tick.js:68:7)
[2018-10-21] APP-INFO: Server started at http://0.0.0.0:4000/
[2018-10-21] APP-INFO: Server started at http://0.0.0.0:4000/
[2018-10-21] APP-ERROR: ReferenceError: checkExactMatch is not defined
    at backtrack._callee$ (/home/lalit/webroot/testingtool/src/cron/backtrack.js:46:67)
    at tryCatch (/home/lalit/webroot/testingtool/node_modules/regenerator-runtime/runtime.js:65:40)
    at Generator.invoke [as _invoke] (/home/lalit/webroot/testingtool/node_modules/regenerator-runtime/runtime.js:303:22)
    at Generator.prototype.(anonymous function) [as next] (/home/lalit/webroot/testingtool/node_modules/regenerator-runtime/runtime.js:117:21)
    at step (/home/lalit/webroot/testingtool/src/cron/backtrack.js:55:191)
    at /home/lalit/webroot/testingtool/src/cron/backtrack.js:55:361
    at process._tickCallback (internal/process/next_tick.js:68:7)
[2018-10-21] APP-INFO: Server started at http://0.0.0.0:4000/
[2018-10-21] APP-ERROR: TypeError: Cannot read property 'replace' of undefined
    at backtrack.findInput (/home/lalit/webroot/testingtool/src/cron/backtrack.js:449:35)
    at backtrack._callee4$ (/home/lalit/webroot/testingtool/src/cron/backtrack.js:366:31)
    at tryCatch (/home/lalit/webroot/testingtool/node_modules/regenerator-runtime/runtime.js:65:40)
    at Generator.invoke [as _invoke] (/home/lalit/webroot/testingtool/node_modules/regenerator-runtime/runtime.js:303:22)
    at Generator.prototype.(anonymous function) [as next] (/home/lalit/webroot/testingtool/node_modules/regenerator-runtime/runtime.js:117:21)
    at step (/home/lalit/webroot/testingtool/src/cron/backtrack.js:55:191)
    at /home/lalit/webroot/testingtool/src/cron/backtrack.js:55:361
    at process._tickCallback (internal/process/next_tick.js:68:7)
[2018-10-21] APP-INFO: Server started at http://0.0.0.0:4000/
[2018-10-21] APP-INFO: Server started at http://0.0.0.0:4000/
[2018-10-21] APP-INFO: Server started at http://0.0.0.0:4000/
[2018-10-21] APP-ERROR: TypeError: Cannot read property 'replace' of undefined
    at backtrack.findInput (/home/lalit/webroot/testingtool/src/cron/backtrack.js:451:35)
    at backtrack._callee4$ (/home/lalit/webroot/testingtool/src/cron/backtrack.js:367:31)
    at tryCatch (/home/lalit/webroot/testingtool/node_modules/regenerator-runtime/runtime.js:65:40)
    at Generator.invoke [as _invoke] (/home/lalit/webroot/testingtool/node_modules/regenerator-runtime/runtime.js:303:22)
    at Generator.prototype.(anonymous function) [as next] (/home/lalit/webroot/testingtool/node_modules/regenerator-runtime/runtime.js:117:21)
    at step (/home/lalit/webroot/testingtool/src/cron/backtrack.js:55:191)
    at /home/lalit/webroot/testingtool/src/cron/backtrack.js:55:361
    at process._tickCallback (internal/process/next_tick.js:68:7)
[2018-10-21] APP-ERROR: TypeError: Cannot read property 'replace' of undefined
    at backtrack.findInput (/home/lalit/webroot/testingtool/src/cron/backtrack.js:451:35)
    at backtrack._callee4$ (/home/lalit/webroot/testingtool/src/cron/backtrack.js:367:31)
    at tryCatch (/home/lalit/webroot/testingtool/node_modules/regenerator-runtime/runtime.js:65:40)
    at Generator.invoke [as _invoke] (/home/lalit/webroot/testingtool/node_modules/regenerator-runtime/runtime.js:303:22)
    at Generator.prototype.(anonymous function) [as next] (/home/lalit/webroot/testingtool/node_modules/regenerator-runtime/runtime.js:117:21)
    at step (/home/lalit/webroot/testingtool/src/cron/backtrack.js:55:191)
    at /home/lalit/webroot/testingtool/src/cron/backtrack.js:55:361
    at process._tickCallback (internal/process/next_tick.js:68:7)
[2018-10-21] APP-INFO: Server started at http://0.0.0.0:4000/
[2018-10-21] APP-INFO: Server started at http://0.0.0.0:4000/
[2018-10-21] APP-ERROR: TypeError: Cannot read property 'replace' of undefined
    at backtrack.findInput (/home/lalit/webroot/testingtool/src/cron/backtrack.js:452:35)
    at backtrack._callee4$ (/home/lalit/webroot/testingtool/src/cron/backtrack.js:368:31)
    at tryCatch (/home/lalit/webroot/testingtool/node_modules/regenerator-runtime/runtime.js:65:40)
    at Generator.invoke [as _invoke] (/home/lalit/webroot/testingtool/node_modules/regenerator-runtime/runtime.js:303:22)
    at Generator.prototype.(anonymous function) [as next] (/home/lalit/webroot/testingtool/node_modules/regenerator-runtime/runtime.js:117:21)
    at step (/home/lalit/webroot/testingtool/src/cron/backtrack.js:55:191)
    at /home/lalit/webroot/testingtool/src/cron/backtrack.js:55:361
    at process._tickCallback (internal/process/next_tick.js:68:7)
[2018-10-21] APP-INFO: Server started at http://0.0.0.0:4000/
[2018-10-21] APP-ERROR: ReferenceError: corretaions is not defined
    at backtrack._callee$ (/home/lalit/webroot/testingtool/src/cron/backtrack.js:138:45)
    at tryCatch (/home/lalit/webroot/testingtool/node_modules/regenerator-runtime/runtime.js:65:40)
    at Generator.invoke [as _invoke] (/home/lalit/webroot/testingtool/node_modules/regenerator-runtime/runtime.js:303:22)
    at Generator.prototype.(anonymous function) [as next] (/home/lalit/webroot/testingtool/node_modules/regenerator-runtime/runtime.js:117:21)
    at step (/home/lalit/webroot/testingtool/src/cron/backtrack.js:55:191)
    at /home/lalit/webroot/testingtool/src/cron/backtrack.js:55:361
    at process._tickCallback (internal/process/next_tick.js:68:7)
[2018-10-21] APP-INFO: Server started at http://0.0.0.0:4000/
[2018-10-21] APP-INFO: Server started at http://0.0.0.0:4000/
[2018-10-21] APP-INFO: Server started at http://0.0.0.0:4000/
[2018-10-21] APP-INFO: Server started at http://0.0.0.0:4000/
[2018-10-21] APP-ERROR: TypeError: Cannot read property 'replace' of undefined
    at backtrack.findInput (/home/lalit/webroot/testingtool/src/cron/backtrack.js:455:35)
    at backtrack._callee4$ (/home/lalit/webroot/testingtool/src/cron/backtrack.js:371:31)
    at tryCatch (/home/lalit/webroot/testingtool/node_modules/regenerator-runtime/runtime.js:65:40)
    at Generator.invoke [as _invoke] (/home/lalit/webroot/testingtool/node_modules/regenerator-runtime/runtime.js:303:22)
    at Generator.prototype.(anonymous function) [as next] (/home/lalit/webroot/testingtool/node_modules/regenerator-runtime/runtime.js:117:21)
    at step (/home/lalit/webroot/testingtool/src/cron/backtrack.js:55:191)
    at /home/lalit/webroot/testingtool/src/cron/backtrack.js:55:361
    at process._tickCallback (internal/process/next_tick.js:68:7)
[2018-10-21] APP-INFO: Server started at http://0.0.0.0:4000/
[2018-10-21] APP-INFO: Server started at http://0.0.0.0:4000/
[2018-10-21] APP-INFO: Server started at http://0.0.0.0:4000/
[2018-10-21] APP-ERROR: 
[2018-10-21] APP-ERROR: TypeError: Cannot read property 'scenario' of null
    at RunController._callee10$ (/home/lalit/webroot/testingtool/src/controllers/RunController.js:372:75)
    at tryCatch (/home/lalit/webroot/testingtool/node_modules/regenerator-runtime/runtime.js:65:40)
    at Generator.invoke [as _invoke] (/home/lalit/webroot/testingtool/node_modules/regenerator-runtime/runtime.js:303:22)
    at Generator.prototype.(anonymous function) [as next] (/home/lalit/webroot/testingtool/node_modules/regenerator-runtime/runtime.js:117:21)
    at step (/home/lalit/webroot/testingtool/src/controllers/RunController.js:77:191)
    at /home/lalit/webroot/testingtool/src/controllers/RunController.js:77:361
    at process._tickCallback (internal/process/next_tick.js:68:7)
[2018-10-21] APP-INFO: Server started at http://0.0.0.0:4000/
[2018-10-21] APP-INFO: Server started at http://0.0.0.0:4000/
[2018-10-21] APP-ERROR: 
[2018-10-21] APP-ERROR: TypeError: Cannot read property 'scenario' of null
    at RunController._callee10$ (/home/lalit/webroot/testingtool/src/controllers/RunController.js:372:75)
    at tryCatch (/home/lalit/webroot/testingtool/node_modules/regenerator-runtime/runtime.js:65:40)
    at Generator.invoke [as _invoke] (/home/lalit/webroot/testingtool/node_modules/regenerator-runtime/runtime.js:303:22)
    at Generator.prototype.(anonymous function) [as next] (/home/lalit/webroot/testingtool/node_modules/regenerator-runtime/runtime.js:117:21)
    at step (/home/lalit/webroot/testingtool/src/controllers/RunController.js:77:191)
    at /home/lalit/webroot/testingtool/src/controllers/RunController.js:77:361
    at process._tickCallback (internal/process/next_tick.js:68:7)
[2018-10-21] APP-INFO: Server started at http://0.0.0.0:4000/
[2018-10-21] APP-INFO: Server started at http://0.0.0.0:4000/
[2018-10-21] APP-INFO: Server started at http://0.0.0.0:4000/
[2018-10-21] APP-ERROR: 
[2018-10-21] APP-INFO: xxx GET /app/run/backtrack 404 3987ms
[2018-10-21] APP-INFO: Server started at http://0.0.0.0:4000/
[2018-10-21] APP-INFO: Server started at http://0.0.0.0:4000/
[2018-10-21] APP-ERROR: 
[2018-10-21] APP-INFO: xxx GET /app/run/backtrack 404 3955ms
[2018-10-21] APP-INFO: Server started at http://0.0.0.0:4000/
[2018-10-21] APP-ERROR: SyntaxError: Malformed attribute selector: value=%7B%22timing%22:%7B%22of%22:1519031782396,%22n%22:0,%22u%22:2294,%22ue%22:2294,%22f%22:6,%22dn%22:6,%22dne%22:6,%22c%22:7,%22ce%22:9,%22rq%22:9,%22rp%22:2213,%22rpe%22:2286,%22dl%22:2310,%22di%22:2578,%22ds%22:2578,%22de%22:2660,%22dc%22:2697,%22l%22:2697,%22le%22:2704%7D,%22navigation%22:%7B%7D%7D]
    at parseSelector (/home/lalit/webroot/testingtool/node_modules/css-what/index.js:152:12)
    at parse (/home/lalit/webroot/testingtool/node_modules/css-what/index.js:82:13)
    at compileUnsafe (/home/lalit/webroot/testingtool/node_modules/cheerio/node_modules/css-select/lib/compile.js:31:14)
    at select (/home/lalit/webroot/testingtool/node_modules/cheerio/node_modules/css-select/index.js:18:49)
    at CSSselect (/home/lalit/webroot/testingtool/node_modules/cheerio/node_modules/css-select/index.js:41:9)
    at initialize.exports.find (/home/lalit/webroot/testingtool/node_modules/cheerio/lib/api/traversing.js:40:21)
    at initialize.module.exports (/home/lalit/webroot/testingtool/node_modules/cheerio/lib/cheerio.js:88:18)
    at new initialize (/home/lalit/webroot/testingtool/node_modules/cheerio/lib/static.js:34:20)
    at initialize (/home/lalit/webroot/testingtool/node_modules/cheerio/lib/static.js:31:14)
    at backtrack.findInput (/home/lalit/webroot/testingtool/src/cron/backtrack.js:457:21)
    at backtrack._callee4$ (/home/lalit/webroot/testingtool/src/cron/backtrack.js:372:31)
    at tryCatch (/home/lalit/webroot/testingtool/node_modules/regenerator-runtime/runtime.js:65:40)
    at Generator.invoke [as _invoke] (/home/lalit/webroot/testingtool/node_modules/regenerator-runtime/runtime.js:303:22)
    at Generator.prototype.(anonymous function) [as next] (/home/lalit/webroot/testingtool/node_modules/regenerator-runtime/runtime.js:117:21)
    at step (/home/lalit/webroot/testingtool/src/cron/backtrack.js:55:191)
    at /home/lalit/webroot/testingtool/src/cron/backtrack.js:55:361
[2018-10-21] APP-INFO: Server started at http://0.0.0.0:4000/
[2018-10-21] APP-INFO: Server started at http://0.0.0.0:4000/
[2018-10-21] APP-ERROR: SyntaxError: Malformed attribute selector: value=%7B%22timing%22:%7B%22of%22:1519031782396,%22n%22:0,%22u%22:2294,%22ue%22:2294,%22f%22:6,%22dn%22:6,%22dne%22:6,%22c%22:7,%22ce%22:9,%22rq%22:9,%22rp%22:2213,%22rpe%22:2286,%22dl%22:2310,%22di%22:2578,%22ds%22:2578,%22de%22:2660,%22dc%22:2697,%22l%22:2697,%22le%22:2704%7D,%22navigation%22:%7B%7D%7D]
    at parseSelector (/home/lalit/webroot/testingtool/node_modules/css-what/index.js:152:12)
    at parse (/home/lalit/webroot/testingtool/node_modules/css-what/index.js:82:13)
    at compileUnsafe (/home/lalit/webroot/testingtool/node_modules/cheerio/node_modules/css-select/lib/compile.js:31:14)
    at select (/home/lalit/webroot/testingtool/node_modules/cheerio/node_modules/css-select/index.js:18:49)
    at CSSselect (/home/lalit/webroot/testingtool/node_modules/cheerio/node_modules/css-select/index.js:41:9)
    at initialize.exports.find (/home/lalit/webroot/testingtool/node_modules/cheerio/lib/api/traversing.js:40:21)
    at initialize.module.exports (/home/lalit/webroot/testingtool/node_modules/cheerio/lib/cheerio.js:88:18)
    at new initialize (/home/lalit/webroot/testingtool/node_modules/cheerio/lib/static.js:34:20)
    at initialize (/home/lalit/webroot/testingtool/node_modules/cheerio/lib/static.js:31:14)
    at backtrack.findInput (/home/lalit/webroot/testingtool/src/cron/backtrack.js:458:21)
    at backtrack._callee4$ (/home/lalit/webroot/testingtool/src/cron/backtrack.js:372:31)
    at tryCatch (/home/lalit/webroot/testingtool/node_modules/regenerator-runtime/runtime.js:65:40)
    at Generator.invoke [as _invoke] (/home/lalit/webroot/testingtool/node_modules/regenerator-runtime/runtime.js:303:22)
    at Generator.prototype.(anonymous function) [as next] (/home/lalit/webroot/testingtool/node_modules/regenerator-runtime/runtime.js:117:21)
    at step (/home/lalit/webroot/testingtool/src/cron/backtrack.js:55:191)
    at /home/lalit/webroot/testingtool/src/cron/backtrack.js:55:361
[2018-10-21] APP-INFO: Server started at http://0.0.0.0:4000/
[2018-10-21] APP-ERROR: 
[2018-10-21] APP-INFO: xxx GET /app/run/backtrack 404 419ms
[2018-10-21] APP-INFO: Server started at http://0.0.0.0:4000/
[2018-10-21] APP-INFO: Server started at http://0.0.0.0:4000/
[2018-10-21] APP-ERROR: SyntaxError: Malformed attribute selector: value=%7B%22timing%22:%7B%22of%22:1519031782396,%22n%22:0,%22u%22:2294,%22ue%22:2294,%22f%22:6,%22dn%22:6,%22dne%22:6,%22c%22:7,%22ce%22:9,%22rq%22:9,%22rp%22:2213,%22rpe%22:2286,%22dl%22:2310,%22di%22:2578,%22ds%22:2578,%22de%22:2660,%22dc%22:2697,%22l%22:2697,%22le%22:2704%7D,%22navigation%22:%7B%7D%7D]
    at parseSelector (/home/lalit/webroot/testingtool/node_modules/css-what/index.js:152:12)
    at parse (/home/lalit/webroot/testingtool/node_modules/css-what/index.js:82:13)
    at compileUnsafe (/home/lalit/webroot/testingtool/node_modules/cheerio/node_modules/css-select/lib/compile.js:31:14)
    at select (/home/lalit/webroot/testingtool/node_modules/cheerio/node_modules/css-select/index.js:18:49)
    at CSSselect (/home/lalit/webroot/testingtool/node_modules/cheerio/node_modules/css-select/index.js:41:9)
    at initialize.exports.find (/home/lalit/webroot/testingtool/node_modules/cheerio/lib/api/traversing.js:40:21)
    at initialize.module.exports (/home/lalit/webroot/testingtool/node_modules/cheerio/lib/cheerio.js:88:18)
    at new initialize (/home/lalit/webroot/testingtool/node_modules/cheerio/lib/static.js:34:20)
    at initialize (/home/lalit/webroot/testingtool/node_modules/cheerio/lib/static.js:31:14)
    at backtrack.findInput (/home/lalit/webroot/testingtool/src/cron/backtrack.js:463:21)
    at backtrack._callee4$ (/home/lalit/webroot/testingtool/src/cron/backtrack.js:377:31)
    at tryCatch (/home/lalit/webroot/testingtool/node_modules/regenerator-runtime/runtime.js:65:40)
    at Generator.invoke [as _invoke] (/home/lalit/webroot/testingtool/node_modules/regenerator-runtime/runtime.js:303:22)
    at Generator.prototype.(anonymous function) [as next] (/home/lalit/webroot/testingtool/node_modules/regenerator-runtime/runtime.js:117:21)
    at step (/home/lalit/webroot/testingtool/src/cron/backtrack.js:55:191)
    at /home/lalit/webroot/testingtool/src/cron/backtrack.js:55:361
[2018-10-21] APP-INFO: Server started at http://0.0.0.0:4000/
[2018-10-21] APP-ERROR: SyntaxError: Malformed attribute selector: value=%7B%22timing%22:%7B%22of%22:1519031782396,%22n%22:0,%22u%22:2294,%22ue%22:2294,%22f%22:6,%22dn%22:6,%22dne%22:6,%22c%22:7,%22ce%22:9,%22rq%22:9,%22rp%22:2213,%22rpe%22:2286,%22dl%22:2310,%22di%22:2578,%22ds%22:2578,%22de%22:2660,%22dc%22:2697,%22l%22:2697,%22le%22:2704%7D,%22navigation%22:%7B%7D%7D]
    at parseSelector (/home/lalit/webroot/testingtool/node_modules/css-what/index.js:152:12)
    at parse (/home/lalit/webroot/testingtool/node_modules/css-what/index.js:82:13)
    at compileUnsafe (/home/lalit/webroot/testingtool/node_modules/cheerio/node_modules/css-select/lib/compile.js:31:14)
    at select (/home/lalit/webroot/testingtool/node_modules/cheerio/node_modules/css-select/index.js:18:49)
    at CSSselect (/home/lalit/webroot/testingtool/node_modules/cheerio/node_modules/css-select/index.js:41:9)
    at initialize.exports.find (/home/lalit/webroot/testingtool/node_modules/cheerio/lib/api/traversing.js:40:21)
    at initialize.module.exports (/home/lalit/webroot/testingtool/node_modules/cheerio/lib/cheerio.js:88:18)
    at new initialize (/home/lalit/webroot/testingtool/node_modules/cheerio/lib/static.js:34:20)
    at initialize (/home/lalit/webroot/testingtool/node_modules/cheerio/lib/static.js:31:14)
    at backtrack.findInput (/home/lalit/webroot/testingtool/src/cron/backtrack.js:463:21)
    at backtrack._callee4$ (/home/lalit/webroot/testingtool/src/cron/backtrack.js:377:31)
    at tryCatch (/home/lalit/webroot/testingtool/node_modules/regenerator-runtime/runtime.js:65:40)
    at Generator.invoke [as _invoke] (/home/lalit/webroot/testingtool/node_modules/regenerator-runtime/runtime.js:303:22)
    at Generator.prototype.(anonymous function) [as next] (/home/lalit/webroot/testingtool/node_modules/regenerator-runtime/runtime.js:117:21)
    at step (/home/lalit/webroot/testingtool/src/cron/backtrack.js:55:191)
    at /home/lalit/webroot/testingtool/src/cron/backtrack.js:55:361
[2018-10-21] APP-INFO: Server started at http://0.0.0.0:4000/
[2018-10-21] APP-ERROR: SyntaxError: Malformed attribute selector: value=%7B%22timing%22:%7B%22of%22:1519031782396,%22n%22:0,%22u%22:2294,%22ue%22:2294,%22f%22:6,%22dn%22:6,%22dne%22:6,%22c%22:7,%22ce%22:9,%22rq%22:9,%22rp%22:2213,%22rpe%22:2286,%22dl%22:2310,%22di%22:2578,%22ds%22:2578,%22de%22:2660,%22dc%22:2697,%22l%22:2697,%22le%22:2704%7D,%22navigation%22:%7B%7D%7D]
    at parseSelector (/home/lalit/webroot/testingtool/node_modules/css-what/index.js:152:12)
    at parse (/home/lalit/webroot/testingtool/node_modules/css-what/index.js:82:13)
    at compileUnsafe (/home/lalit/webroot/testingtool/node_modules/cheerio/node_modules/css-select/lib/compile.js:31:14)
    at select (/home/lalit/webroot/testingtool/node_modules/cheerio/node_modules/css-select/index.js:18:49)
    at CSSselect (/home/lalit/webroot/testingtool/node_modules/cheerio/node_modules/css-select/index.js:41:9)
    at initialize.exports.find (/home/lalit/webroot/testingtool/node_modules/cheerio/lib/api/traversing.js:40:21)
    at initialize.module.exports (/home/lalit/webroot/testingtool/node_modules/cheerio/lib/cheerio.js:88:18)
    at new initialize (/home/lalit/webroot/testingtool/node_modules/cheerio/lib/static.js:34:20)
    at initialize (/home/lalit/webroot/testingtool/node_modules/cheerio/lib/static.js:31:14)
    at backtrack.findInput (/home/lalit/webroot/testingtool/src/cron/backtrack.js:463:21)
    at backtrack._callee4$ (/home/lalit/webroot/testingtool/src/cron/backtrack.js:377:31)
    at tryCatch (/home/lalit/webroot/testingtool/node_modules/regenerator-runtime/runtime.js:65:40)
    at Generator.invoke [as _invoke] (/home/lalit/webroot/testingtool/node_modules/regenerator-runtime/runtime.js:303:22)
    at Generator.prototype.(anonymous function) [as next] (/home/lalit/webroot/testingtool/node_modules/regenerator-runtime/runtime.js:117:21)
    at step (/home/lalit/webroot/testingtool/src/cron/backtrack.js:55:191)
    at /home/lalit/webroot/testingtool/src/cron/backtrack.js:55:361
[2018-10-21] APP-INFO: Server started at http://0.0.0.0:4000/
[2018-10-21] APP-ERROR: SyntaxError: Malformed attribute selector: value=%7B%22timing%22:%7B%22of%22:1519031782396,%22n%22:0,%22u%22:2294,%22ue%22:2294,%22f%22:6,%22dn%22:6,%22dne%22:6,%22c%22:7,%22ce%22:9,%22rq%22:9,%22rp%22:2213,%22rpe%22:2286,%22dl%22:2310,%22di%22:2578,%22ds%22:2578,%22de%22:2660,%22dc%22:2697,%22l%22:2697,%22le%22:2704%7D,%22navigation%22:%7B%7D%7D]
    at parseSelector (/home/lalit/webroot/testingtool/node_modules/css-what/index.js:152:12)
    at parse (/home/lalit/webroot/testingtool/node_modules/css-what/index.js:82:13)
    at compileUnsafe (/home/lalit/webroot/testingtool/node_modules/cheerio/node_modules/css-select/lib/compile.js:31:14)
    at select (/home/lalit/webroot/testingtool/node_modules/cheerio/node_modules/css-select/index.js:18:49)
    at CSSselect (/home/lalit/webroot/testingtool/node_modules/cheerio/node_modules/css-select/index.js:41:9)
    at initialize.exports.find (/home/lalit/webroot/testingtool/node_modules/cheerio/lib/api/traversing.js:40:21)
    at initialize.module.exports (/home/lalit/webroot/testingtool/node_modules/cheerio/lib/cheerio.js:88:18)
    at new initialize (/home/lalit/webroot/testingtool/node_modules/cheerio/lib/static.js:34:20)
    at initialize (/home/lalit/webroot/testingtool/node_modules/cheerio/lib/static.js:31:14)
    at backtrack.findInput (/home/lalit/webroot/testingtool/src/cron/backtrack.js:464:21)
    at backtrack._callee4$ (/home/lalit/webroot/testingtool/src/cron/backtrack.js:377:31)
    at tryCatch (/home/lalit/webroot/testingtool/node_modules/regenerator-runtime/runtime.js:65:40)
    at Generator.invoke [as _invoke] (/home/lalit/webroot/testingtool/node_modules/regenerator-runtime/runtime.js:303:22)
    at Generator.prototype.(anonymous function) [as next] (/home/lalit/webroot/testingtool/node_modules/regenerator-runtime/runtime.js:117:21)
    at step (/home/lalit/webroot/testingtool/src/cron/backtrack.js:55:191)
    at /home/lalit/webroot/testingtool/src/cron/backtrack.js:55:361
[2018-10-21] APP-INFO: Server started at http://0.0.0.0:4000/
[2018-10-21] APP-ERROR: 
[2018-10-21] APP-INFO: xxx GET /app/run/backtrack 404 4339ms
