[2018-11-04] APP-INFO: Server started at http://0.0.0.0:4000/
[2018-11-04] APP-ERROR: MongoError: failed to connect to server [127.0.0.1:27017] on first connect [MongoError: connect ECONNREFUSED 127.0.0.1:27017]
    at Pool.<anonymous> (/home/lalit/webroot/testingtool/node_modules/mongodb-core/lib/topologies/server.js:336:35)
    at Pool.emit (events.js:182:13)
    at Pool.EventEmitter.emit (domain.js:442:20)
    at Connection.<anonymous> (/home/lalit/webroot/testingtool/node_modules/mongodb-core/lib/connection/pool.js:280:12)
    at Object.onceWrapper (events.js:273:13)
    at Connection.emit (events.js:182:13)
    at Connection.EventEmitter.emit (domain.js:442:20)
    at Socket.<anonymous> (/home/lalit/webroot/testingtool/node_modules/mongodb-core/lib/connection/connection.js:187:49)
    at Object.onceWrapper (events.js:273:13)
    at Socket.emit (events.js:182:13)
    at Socket.EventEmitter.emit (domain.js:442:20)
    at emitErrorNT (internal/streams/destroy.js:82:8)
    at emitErrorAndCloseNT (internal/streams/destroy.js:50:3)
    at process._tickCallback (internal/process/next_tick.js:63:19)
[2018-11-04] APP-ERROR: MongoError: failed to connect to server [127.0.0.1:27017] on first connect [MongoError: connect ECONNREFUSED 127.0.0.1:27017]
    at Pool.<anonymous> (/home/lalit/webroot/testingtool/node_modules/mongodb-core/lib/topologies/server.js:336:35)
    at Pool.emit (events.js:182:13)
    at Pool.EventEmitter.emit (domain.js:442:20)
    at Connection.<anonymous> (/home/lalit/webroot/testingtool/node_modules/mongodb-core/lib/connection/pool.js:280:12)
    at Object.onceWrapper (events.js:273:13)
    at Connection.emit (events.js:182:13)
    at Connection.EventEmitter.emit (domain.js:442:20)
    at Socket.<anonymous> (/home/lalit/webroot/testingtool/node_modules/mongodb-core/lib/connection/connection.js:187:49)
    at Object.onceWrapper (events.js:273:13)
    at Socket.emit (events.js:182:13)
    at Socket.EventEmitter.emit (domain.js:442:20)
    at emitErrorNT (internal/streams/destroy.js:82:8)
    at emitErrorAndCloseNT (internal/streams/destroy.js:50:3)
    at process._tickCallback (internal/process/next_tick.js:63:19)
[2018-11-04] APP-ERROR: MongoError: failed to connect to server [127.0.0.1:27017] on first connect [MongoError: connect ECONNREFUSED 127.0.0.1:27017]
    at Pool.<anonymous> (/home/lalit/webroot/testingtool/node_modules/mongodb-core/lib/topologies/server.js:336:35)
    at Pool.emit (events.js:182:13)
    at Pool.EventEmitter.emit (domain.js:442:20)
    at Connection.<anonymous> (/home/lalit/webroot/testingtool/node_modules/mongodb-core/lib/connection/pool.js:280:12)
    at Object.onceWrapper (events.js:273:13)
    at Connection.emit (events.js:182:13)
    at Connection.EventEmitter.emit (domain.js:442:20)
    at Socket.<anonymous> (/home/lalit/webroot/testingtool/node_modules/mongodb-core/lib/connection/connection.js:187:49)
    at Object.onceWrapper (events.js:273:13)
    at Socket.emit (events.js:182:13)
    at Socket.EventEmitter.emit (domain.js:442:20)
    at emitErrorNT (internal/streams/destroy.js:82:8)
    at emitErrorAndCloseNT (internal/streams/destroy.js:50:3)
    at process._tickCallback (internal/process/next_tick.js:63:19)
[2018-11-04] APP-ERROR: MongoError: failed to connect to server [127.0.0.1:27017] on first connect [MongoError: connect ECONNREFUSED 127.0.0.1:27017]
    at Pool.<anonymous> (/home/lalit/webroot/testingtool/node_modules/mongodb-core/lib/topologies/server.js:336:35)
    at Pool.emit (events.js:182:13)
    at Pool.EventEmitter.emit (domain.js:442:20)
    at Connection.<anonymous> (/home/lalit/webroot/testingtool/node_modules/mongodb-core/lib/connection/pool.js:280:12)
    at Object.onceWrapper (events.js:273:13)
    at Connection.emit (events.js:182:13)
    at Connection.EventEmitter.emit (domain.js:442:20)
    at Socket.<anonymous> (/home/lalit/webroot/testingtool/node_modules/mongodb-core/lib/connection/connection.js:187:49)
    at Object.onceWrapper (events.js:273:13)
    at Socket.emit (events.js:182:13)
    at Socket.EventEmitter.emit (domain.js:442:20)
    at emitErrorNT (internal/streams/destroy.js:82:8)
    at emitErrorAndCloseNT (internal/streams/destroy.js:50:3)
    at process._tickCallback (internal/process/next_tick.js:63:19)
[2018-11-04] APP-INFO: Server started at http://0.0.0.0:4000/
[2018-11-04] APP-ERROR: MongoError: failed to connect to server [127.0.0.1:27017] on first connect [MongoError: connect ECONNREFUSED 127.0.0.1:27017]
    at Pool.<anonymous> (/home/lalit/webroot/testingtool/node_modules/mongodb-core/lib/topologies/server.js:336:35)
    at Pool.emit (events.js:182:13)
    at Pool.EventEmitter.emit (domain.js:442:20)
    at Connection.<anonymous> (/home/lalit/webroot/testingtool/node_modules/mongodb-core/lib/connection/pool.js:280:12)
    at Object.onceWrapper (events.js:273:13)
    at Connection.emit (events.js:182:13)
    at Connection.EventEmitter.emit (domain.js:442:20)
    at Socket.<anonymous> (/home/lalit/webroot/testingtool/node_modules/mongodb-core/lib/connection/connection.js:187:49)
    at Object.onceWrapper (events.js:273:13)
    at Socket.emit (events.js:182:13)
    at Socket.EventEmitter.emit (domain.js:442:20)
    at emitErrorNT (internal/streams/destroy.js:82:8)
    at emitErrorAndCloseNT (internal/streams/destroy.js:50:3)
    at process._tickCallback (internal/process/next_tick.js:63:19)
[2018-11-04] APP-ERROR: MongoError: failed to connect to server [127.0.0.1:27017] on first connect [MongoError: connect ECONNREFUSED 127.0.0.1:27017]
    at Pool.<anonymous> (/home/lalit/webroot/testingtool/node_modules/mongodb-core/lib/topologies/server.js:336:35)
    at Pool.emit (events.js:182:13)
    at Pool.EventEmitter.emit (domain.js:442:20)
    at Connection.<anonymous> (/home/lalit/webroot/testingtool/node_modules/mongodb-core/lib/connection/pool.js:280:12)
    at Object.onceWrapper (events.js:273:13)
    at Connection.emit (events.js:182:13)
    at Connection.EventEmitter.emit (domain.js:442:20)
    at Socket.<anonymous> (/home/lalit/webroot/testingtool/node_modules/mongodb-core/lib/connection/connection.js:187:49)
    at Object.onceWrapper (events.js:273:13)
    at Socket.emit (events.js:182:13)
    at Socket.EventEmitter.emit (domain.js:442:20)
    at emitErrorNT (internal/streams/destroy.js:82:8)
    at emitErrorAndCloseNT (internal/streams/destroy.js:50:3)
    at process._tickCallback (internal/process/next_tick.js:63:19)
[2018-11-04] APP-ERROR: MongoError: failed to connect to server [127.0.0.1:27017] on first connect [MongoError: connect ECONNREFUSED 127.0.0.1:27017]
    at Pool.<anonymous> (/home/lalit/webroot/testingtool/node_modules/mongodb-core/lib/topologies/server.js:336:35)
    at Pool.emit (events.js:182:13)
    at Pool.EventEmitter.emit (domain.js:442:20)
    at Connection.<anonymous> (/home/lalit/webroot/testingtool/node_modules/mongodb-core/lib/connection/pool.js:280:12)
    at Object.onceWrapper (events.js:273:13)
    at Connection.emit (events.js:182:13)
    at Connection.EventEmitter.emit (domain.js:442:20)
    at Socket.<anonymous> (/home/lalit/webroot/testingtool/node_modules/mongodb-core/lib/connection/connection.js:187:49)
    at Object.onceWrapper (events.js:273:13)
    at Socket.emit (events.js:182:13)
    at Socket.EventEmitter.emit (domain.js:442:20)
    at emitErrorNT (internal/streams/destroy.js:82:8)
    at emitErrorAndCloseNT (internal/streams/destroy.js:50:3)
    at process._tickCallback (internal/process/next_tick.js:63:19)
[2018-11-04] APP-ERROR: MongoError: failed to connect to server [127.0.0.1:27017] on first connect [MongoError: connect ECONNREFUSED 127.0.0.1:27017]
    at Pool.<anonymous> (/home/lalit/webroot/testingtool/node_modules/mongodb-core/lib/topologies/server.js:336:35)
    at Pool.emit (events.js:182:13)
    at Pool.EventEmitter.emit (domain.js:442:20)
    at Connection.<anonymous> (/home/lalit/webroot/testingtool/node_modules/mongodb-core/lib/connection/pool.js:280:12)
    at Object.onceWrapper (events.js:273:13)
    at Connection.emit (events.js:182:13)
    at Connection.EventEmitter.emit (domain.js:442:20)
    at Socket.<anonymous> (/home/lalit/webroot/testingtool/node_modules/mongodb-core/lib/connection/connection.js:187:49)
    at Object.onceWrapper (events.js:273:13)
    at Socket.emit (events.js:182:13)
    at Socket.EventEmitter.emit (domain.js:442:20)
    at emitErrorNT (internal/streams/destroy.js:82:8)
    at emitErrorAndCloseNT (internal/streams/destroy.js:50:3)
    at process._tickCallback (internal/process/next_tick.js:63:19)
[2018-11-04] APP-INFO: Server started at http://0.0.0.0:4000/
[2018-11-04] APP-ERROR: MongoError: failed to connect to server [127.0.0.1:27017] on first connect [MongoError: connect ECONNREFUSED 127.0.0.1:27017]
    at Pool.<anonymous> (/home/lalit/webroot/testingtool/node_modules/mongodb-core/lib/topologies/server.js:336:35)
    at Pool.emit (events.js:182:13)
    at Pool.EventEmitter.emit (domain.js:442:20)
    at Connection.<anonymous> (/home/lalit/webroot/testingtool/node_modules/mongodb-core/lib/connection/pool.js:280:12)
    at Object.onceWrapper (events.js:273:13)
    at Connection.emit (events.js:182:13)
    at Connection.EventEmitter.emit (domain.js:442:20)
    at Socket.<anonymous> (/home/lalit/webroot/testingtool/node_modules/mongodb-core/lib/connection/connection.js:187:49)
    at Object.onceWrapper (events.js:273:13)
    at Socket.emit (events.js:182:13)
    at Socket.EventEmitter.emit (domain.js:442:20)
    at emitErrorNT (internal/streams/destroy.js:82:8)
    at emitErrorAndCloseNT (internal/streams/destroy.js:50:3)
    at process._tickCallback (internal/process/next_tick.js:63:19)
[2018-11-04] APP-ERROR: MongoError: failed to connect to server [127.0.0.1:27017] on first connect [MongoError: connect ECONNREFUSED 127.0.0.1:27017]
    at Pool.<anonymous> (/home/lalit/webroot/testingtool/node_modules/mongodb-core/lib/topologies/server.js:336:35)
    at Pool.emit (events.js:182:13)
    at Pool.EventEmitter.emit (domain.js:442:20)
    at Connection.<anonymous> (/home/lalit/webroot/testingtool/node_modules/mongodb-core/lib/connection/pool.js:280:12)
    at Object.onceWrapper (events.js:273:13)
    at Connection.emit (events.js:182:13)
    at Connection.EventEmitter.emit (domain.js:442:20)
    at Socket.<anonymous> (/home/lalit/webroot/testingtool/node_modules/mongodb-core/lib/connection/connection.js:187:49)
    at Object.onceWrapper (events.js:273:13)
    at Socket.emit (events.js:182:13)
    at Socket.EventEmitter.emit (domain.js:442:20)
    at emitErrorNT (internal/streams/destroy.js:82:8)
    at emitErrorAndCloseNT (internal/streams/destroy.js:50:3)
    at process._tickCallback (internal/process/next_tick.js:63:19)
[2018-11-04] APP-ERROR: MongoError: failed to connect to server [127.0.0.1:27017] on first connect [MongoError: connect ECONNREFUSED 127.0.0.1:27017]
    at Pool.<anonymous> (/home/lalit/webroot/testingtool/node_modules/mongodb-core/lib/topologies/server.js:336:35)
    at Pool.emit (events.js:182:13)
    at Pool.EventEmitter.emit (domain.js:442:20)
    at Connection.<anonymous> (/home/lalit/webroot/testingtool/node_modules/mongodb-core/lib/connection/pool.js:280:12)
    at Object.onceWrapper (events.js:273:13)
    at Connection.emit (events.js:182:13)
    at Connection.EventEmitter.emit (domain.js:442:20)
    at Socket.<anonymous> (/home/lalit/webroot/testingtool/node_modules/mongodb-core/lib/connection/connection.js:187:49)
    at Object.onceWrapper (events.js:273:13)
    at Socket.emit (events.js:182:13)
    at Socket.EventEmitter.emit (domain.js:442:20)
    at emitErrorNT (internal/streams/destroy.js:82:8)
    at emitErrorAndCloseNT (internal/streams/destroy.js:50:3)
    at process._tickCallback (internal/process/next_tick.js:63:19)
[2018-11-04] APP-ERROR: MongoError: failed to connect to server [127.0.0.1:27017] on first connect [MongoError: connect ECONNREFUSED 127.0.0.1:27017]
    at Pool.<anonymous> (/home/lalit/webroot/testingtool/node_modules/mongodb-core/lib/topologies/server.js:336:35)
    at Pool.emit (events.js:182:13)
    at Pool.EventEmitter.emit (domain.js:442:20)
    at Connection.<anonymous> (/home/lalit/webroot/testingtool/node_modules/mongodb-core/lib/connection/pool.js:280:12)
    at Object.onceWrapper (events.js:273:13)
    at Connection.emit (events.js:182:13)
    at Connection.EventEmitter.emit (domain.js:442:20)
    at Socket.<anonymous> (/home/lalit/webroot/testingtool/node_modules/mongodb-core/lib/connection/connection.js:187:49)
    at Object.onceWrapper (events.js:273:13)
    at Socket.emit (events.js:182:13)
    at Socket.EventEmitter.emit (domain.js:442:20)
    at emitErrorNT (internal/streams/destroy.js:82:8)
    at emitErrorAndCloseNT (internal/streams/destroy.js:50:3)
    at process._tickCallback (internal/process/next_tick.js:63:19)
[2018-11-04] APP-INFO: Server started at http://0.0.0.0:4000/
[2018-11-04] APP-INFO: Server started at http://0.0.0.0:4000/
[2018-11-04] APP-INFO: --> GET / 200 58ms
[2018-11-04] APP-INFO: --> GET /app/auth/login 200 29ms
[2018-11-04] APP-INFO: --> POST /app/auth/login 200 86ms
[2018-11-04] APP-INFO: --> GET /app 200 42ms
[2018-11-04] APP-INFO: --> GET /app/project/5b16ca833192d5212014da03/scenarios 200 69ms
[2018-11-04] APP-INFO: --> GET /app/scenario/5b9e004a3bdf8033cfe20edb/runs 200 70ms
[2018-11-04] APP-INFO: --> GET /app 200 12ms
[2018-11-04] APP-INFO: --> GET /app/project/5b16ca833192d5212014da03/scenarios 200 16ms
[2018-11-04] APP-INFO: --> GET /app/project/5b16ca833192d5212014da03/reports 200 38ms
[2018-11-04] APP-INFO: --> GET / 200 20ms
[2018-11-04] APP-INFO: --> GET /app 200 11ms
[2018-11-04] APP-INFO: --> GET /app/project/5b16ca833192d5212014da03/scenarios 200 20ms
[2018-11-04] APP-INFO: --> GET /app 200 12ms
[2018-11-04] APP-INFO: Server started at http://0.0.0.0:4000/
[2018-11-04] APP-INFO: Server started at http://0.0.0.0:4000/
[2018-11-04] APP-INFO: Server started at http://0.0.0.0:4000/
[2018-11-04] APP-INFO: --> GET /app/project/5b16ca833192d5212014da03/scenarios 200 95ms
[2018-11-04] APP-INFO: --> GET /app 200 16ms
[2018-11-04] APP-INFO: --> GET /app 200 13ms
[2018-11-04] APP-INFO: Server started at http://0.0.0.0:4000/
[2018-11-04] APP-INFO: --> GET /app 200 66ms
[2018-11-04] APP-INFO: --> GET /app 200 15ms
[2018-11-04] APP-INFO: --> GET /app 200 11ms
[2018-11-04] APP-INFO: --> GET /app 200 11ms
[2018-11-04] APP-INFO: --> GET /app 200 10ms
[2018-11-04] APP-INFO: --> GET /app 200 10ms
[2018-11-04] APP-INFO: --> GET /app 200 10ms
[2018-11-04] APP-INFO: --> GET /app 200 14ms
[2018-11-04] APP-INFO: --> GET /app 200 9ms
[2018-11-04] APP-INFO: --> GET /app 200 10ms
[2018-11-04] APP-INFO: --> GET /app 200 8ms
[2018-11-04] APP-INFO: --> GET /app 200 13ms
[2018-11-04] APP-INFO: --> GET /app 200 7ms
[2018-11-04] APP-INFO: --> GET /app 200 13ms
[2018-11-04] APP-INFO: --> GET /app 200 7ms
[2018-11-04] APP-INFO: --> GET /app 200 9ms
[2018-11-04] APP-INFO: Server started at http://0.0.0.0:4000/
[2018-11-04] APP-INFO: Server started at http://0.0.0.0:4000/
[2018-11-04] APP-INFO: Server started at http://0.0.0.0:4000/
[2018-11-04] APP-INFO: Server started at http://0.0.0.0:4000/
[2018-11-04] APP-INFO: Server started at http://0.0.0.0:4000/
[2018-11-04] APP-INFO: Server started at http://0.0.0.0:4000/
[2018-11-04] APP-INFO: Server started at http://0.0.0.0:4000/
[2018-11-04] APP-INFO: Server started at http://0.0.0.0:4000/
[2018-11-04] APP-INFO: Server started at http://0.0.0.0:4000/
[2018-11-04] APP-INFO: Server started at http://0.0.0.0:4000/
[2018-11-04] APP-INFO: Server started at http://0.0.0.0:4000/
[2018-11-04] APP-INFO: Server started at http://0.0.0.0:4000/
[2018-11-04] APP-INFO: Server started at http://0.0.0.0:4000/
[2018-11-04] APP-INFO: Server started at http://0.0.0.0:4000/
[2018-11-04] APP-INFO: Server started at http://0.0.0.0:4000/
[2018-11-04] APP-INFO: Server started at http://0.0.0.0:4000/
[2018-11-04] APP-INFO: Server started at http://0.0.0.0:4000/
[2018-11-04] APP-INFO: Server started at http://0.0.0.0:4000/
[2018-11-04] APP-INFO: Server started at http://0.0.0.0:4000/
[2018-11-04] APP-ERROR: MongoError: failed to connect to server [127.0.0.1:27017] on first connect [MongoError: connect ECONNREFUSED 127.0.0.1:27017]
    at Pool.<anonymous> (/home/lalit/webroot/testingtool/node_modules/mongodb-core/lib/topologies/server.js:336:35)
    at Pool.emit (events.js:182:13)
    at Pool.EventEmitter.emit (domain.js:442:20)
    at Connection.<anonymous> (/home/lalit/webroot/testingtool/node_modules/mongodb-core/lib/connection/pool.js:280:12)
    at Object.onceWrapper (events.js:273:13)
    at Connection.emit (events.js:182:13)
    at Connection.EventEmitter.emit (domain.js:442:20)
    at Socket.<anonymous> (/home/lalit/webroot/testingtool/node_modules/mongodb-core/lib/connection/connection.js:189:49)
    at Object.onceWrapper (events.js:273:13)
    at Socket.emit (events.js:182:13)
    at Socket.EventEmitter.emit (domain.js:442:20)
    at emitErrorNT (internal/streams/destroy.js:82:8)
    at emitErrorAndCloseNT (internal/streams/destroy.js:50:3)
    at process._tickCallback (internal/process/next_tick.js:63:19)
[2018-11-04] APP-ERROR: MongoError: failed to connect to server [127.0.0.1:27017] on first connect [MongoError: connect ECONNREFUSED 127.0.0.1:27017]
    at Pool.<anonymous> (/home/lalit/webroot/testingtool/node_modules/mongodb-core/lib/topologies/server.js:336:35)
    at Pool.emit (events.js:182:13)
    at Pool.EventEmitter.emit (domain.js:442:20)
    at Connection.<anonymous> (/home/lalit/webroot/testingtool/node_modules/mongodb-core/lib/connection/pool.js:280:12)
    at Object.onceWrapper (events.js:273:13)
    at Connection.emit (events.js:182:13)
    at Connection.EventEmitter.emit (domain.js:442:20)
    at Socket.<anonymous> (/home/lalit/webroot/testingtool/node_modules/mongodb-core/lib/connection/connection.js:189:49)
    at Object.onceWrapper (events.js:273:13)
    at Socket.emit (events.js:182:13)
    at Socket.EventEmitter.emit (domain.js:442:20)
    at emitErrorNT (internal/streams/destroy.js:82:8)
    at emitErrorAndCloseNT (internal/streams/destroy.js:50:3)
    at process._tickCallback (internal/process/next_tick.js:63:19)
[2018-11-04] APP-ERROR: MongoError: failed to connect to server [127.0.0.1:27017] on first connect [MongoError: connect ECONNREFUSED 127.0.0.1:27017]
    at Pool.<anonymous> (/home/lalit/webroot/testingtool/node_modules/mongodb-core/lib/topologies/server.js:336:35)
    at Pool.emit (events.js:182:13)
    at Pool.EventEmitter.emit (domain.js:442:20)
    at Connection.<anonymous> (/home/lalit/webroot/testingtool/node_modules/mongodb-core/lib/connection/pool.js:280:12)
    at Object.onceWrapper (events.js:273:13)
    at Connection.emit (events.js:182:13)
    at Connection.EventEmitter.emit (domain.js:442:20)
    at Socket.<anonymous> (/home/lalit/webroot/testingtool/node_modules/mongodb-core/lib/connection/connection.js:189:49)
    at Object.onceWrapper (events.js:273:13)
    at Socket.emit (events.js:182:13)
    at Socket.EventEmitter.emit (domain.js:442:20)
    at emitErrorNT (internal/streams/destroy.js:82:8)
    at emitErrorAndCloseNT (internal/streams/destroy.js:50:3)
    at process._tickCallback (internal/process/next_tick.js:63:19)
[2018-11-04] APP-ERROR: MongoError: failed to connect to server [127.0.0.1:27017] on first connect [MongoError: connect ECONNREFUSED 127.0.0.1:27017]
    at Pool.<anonymous> (/home/lalit/webroot/testingtool/node_modules/mongodb-core/lib/topologies/server.js:336:35)
    at Pool.emit (events.js:182:13)
    at Pool.EventEmitter.emit (domain.js:442:20)
    at Connection.<anonymous> (/home/lalit/webroot/testingtool/node_modules/mongodb-core/lib/connection/pool.js:280:12)
    at Object.onceWrapper (events.js:273:13)
    at Connection.emit (events.js:182:13)
    at Connection.EventEmitter.emit (domain.js:442:20)
    at Socket.<anonymous> (/home/lalit/webroot/testingtool/node_modules/mongodb-core/lib/connection/connection.js:189:49)
    at Object.onceWrapper (events.js:273:13)
    at Socket.emit (events.js:182:13)
    at Socket.EventEmitter.emit (domain.js:442:20)
    at emitErrorNT (internal/streams/destroy.js:82:8)
    at emitErrorAndCloseNT (internal/streams/destroy.js:50:3)
    at process._tickCallback (internal/process/next_tick.js:63:19)
[2018-11-04] APP-INFO: Server started at http://0.0.0.0:4000/
[2018-11-04] APP-ERROR: MongoError: failed to connect to server [127.0.0.1:27017] on first connect [MongoError: connect ECONNREFUSED 127.0.0.1:27017]
    at Pool.<anonymous> (/home/lalit/webroot/testingtool/node_modules/mongodb-core/lib/topologies/server.js:336:35)
    at Pool.emit (events.js:182:13)
    at Pool.EventEmitter.emit (domain.js:442:20)
    at Connection.<anonymous> (/home/lalit/webroot/testingtool/node_modules/mongodb-core/lib/connection/pool.js:280:12)
    at Object.onceWrapper (events.js:273:13)
    at Connection.emit (events.js:182:13)
    at Connection.EventEmitter.emit (domain.js:442:20)
    at Socket.<anonymous> (/home/lalit/webroot/testingtool/node_modules/mongodb-core/lib/connection/connection.js:189:49)
    at Object.onceWrapper (events.js:273:13)
    at Socket.emit (events.js:182:13)
    at Socket.EventEmitter.emit (domain.js:442:20)
    at emitErrorNT (internal/streams/destroy.js:82:8)
    at emitErrorAndCloseNT (internal/streams/destroy.js:50:3)
    at process._tickCallback (internal/process/next_tick.js:63:19)
[2018-11-04] APP-ERROR: MongoError: failed to connect to server [127.0.0.1:27017] on first connect [MongoError: connect ECONNREFUSED 127.0.0.1:27017]
    at Pool.<anonymous> (/home/lalit/webroot/testingtool/node_modules/mongodb-core/lib/topologies/server.js:336:35)
    at Pool.emit (events.js:182:13)
    at Pool.EventEmitter.emit (domain.js:442:20)
    at Connection.<anonymous> (/home/lalit/webroot/testingtool/node_modules/mongodb-core/lib/connection/pool.js:280:12)
    at Object.onceWrapper (events.js:273:13)
    at Connection.emit (events.js:182:13)
    at Connection.EventEmitter.emit (domain.js:442:20)
    at Socket.<anonymous> (/home/lalit/webroot/testingtool/node_modules/mongodb-core/lib/connection/connection.js:189:49)
    at Object.onceWrapper (events.js:273:13)
    at Socket.emit (events.js:182:13)
    at Socket.EventEmitter.emit (domain.js:442:20)
    at emitErrorNT (internal/streams/destroy.js:82:8)
    at emitErrorAndCloseNT (internal/streams/destroy.js:50:3)
    at process._tickCallback (internal/process/next_tick.js:63:19)
[2018-11-04] APP-ERROR: MongoError: failed to connect to server [127.0.0.1:27017] on first connect [MongoError: connect ECONNREFUSED 127.0.0.1:27017]
    at Pool.<anonymous> (/home/lalit/webroot/testingtool/node_modules/mongodb-core/lib/topologies/server.js:336:35)
    at Pool.emit (events.js:182:13)
    at Pool.EventEmitter.emit (domain.js:442:20)
    at Connection.<anonymous> (/home/lalit/webroot/testingtool/node_modules/mongodb-core/lib/connection/pool.js:280:12)
    at Object.onceWrapper (events.js:273:13)
    at Connection.emit (events.js:182:13)
    at Connection.EventEmitter.emit (domain.js:442:20)
    at Socket.<anonymous> (/home/lalit/webroot/testingtool/node_modules/mongodb-core/lib/connection/connection.js:189:49)
    at Object.onceWrapper (events.js:273:13)
    at Socket.emit (events.js:182:13)
    at Socket.EventEmitter.emit (domain.js:442:20)
    at emitErrorNT (internal/streams/destroy.js:82:8)
    at emitErrorAndCloseNT (internal/streams/destroy.js:50:3)
    at process._tickCallback (internal/process/next_tick.js:63:19)
[2018-11-04] APP-ERROR: MongoError: failed to connect to server [127.0.0.1:27017] on first connect [MongoError: connect ECONNREFUSED 127.0.0.1:27017]
    at Pool.<anonymous> (/home/lalit/webroot/testingtool/node_modules/mongodb-core/lib/topologies/server.js:336:35)
    at Pool.emit (events.js:182:13)
    at Pool.EventEmitter.emit (domain.js:442:20)
    at Connection.<anonymous> (/home/lalit/webroot/testingtool/node_modules/mongodb-core/lib/connection/pool.js:280:12)
    at Object.onceWrapper (events.js:273:13)
    at Connection.emit (events.js:182:13)
    at Connection.EventEmitter.emit (domain.js:442:20)
    at Socket.<anonymous> (/home/lalit/webroot/testingtool/node_modules/mongodb-core/lib/connection/connection.js:189:49)
    at Object.onceWrapper (events.js:273:13)
    at Socket.emit (events.js:182:13)
    at Socket.EventEmitter.emit (domain.js:442:20)
    at emitErrorNT (internal/streams/destroy.js:82:8)
    at emitErrorAndCloseNT (internal/streams/destroy.js:50:3)
    at process._tickCallback (internal/process/next_tick.js:63:19)
[2018-11-04] APP-INFO: Server started at http://0.0.0.0:4000/
[2018-11-04] APP-INFO: Server started at http://0.0.0.0:4000/
[2018-11-04] APP-INFO: --> GET /app 200 104ms
[2018-11-04] APP-INFO: Server started at http://0.0.0.0:4000/
[2018-11-04] APP-INFO: --> GET /app 200 76ms
[2018-11-04] APP-INFO: --> GET /app 200 14ms
[2018-11-04] APP-INFO: --> GET /app 200 10ms
[2018-11-04] APP-INFO: --> GET /app 200 9ms
[2018-11-04] APP-INFO: --> GET /app 200 9ms
[2018-11-04] APP-INFO: --> GET /app 200 8ms
[2018-11-04] APP-INFO: --> GET /app 200 9ms
[2018-11-04] APP-INFO: --> GET /app 200 8ms
[2018-11-04] APP-INFO: --> GET /app 200 10ms
[2018-11-04] APP-INFO: --> GET /app 200 8ms
[2018-11-04] APP-INFO: --> GET /app 200 13ms
[2018-11-04] APP-INFO: --> GET /app 200 11ms
[2018-11-04] APP-INFO: --> GET /app 200 7ms
[2018-11-04] APP-INFO: --> GET /app 200 9ms
[2018-11-04] APP-INFO: --> GET /app 200 6ms
[2018-11-04] APP-INFO: --> GET /app 200 9ms
[2018-11-04] APP-INFO: --> GET /app 200 8ms
[2018-11-04] APP-INFO: --> GET /app 200 8ms
[2018-11-04] APP-INFO: --> GET /app 200 7ms
[2018-11-04] APP-INFO: --> GET /app 200 10ms
[2018-11-04] APP-INFO: --> GET /app 200 7ms
[2018-11-04] APP-INFO: --> GET /app 200 11ms
[2018-11-04] APP-INFO: --> GET /app 200 6ms
[2018-11-04] APP-INFO: --> GET /app 200 7ms
[2018-11-04] APP-INFO: --> GET /app 200 11ms
[2018-11-04] APP-INFO: --> GET /app 200 8ms
[2018-11-04] APP-INFO: --> GET /app 200 7ms
[2018-11-04] APP-INFO: --> GET /app 200 8ms
[2018-11-04] APP-INFO: --> GET /app 200 8ms
[2018-11-04] APP-INFO: Server started at http://0.0.0.0:4000/
[2018-11-04] APP-INFO: --> GET /app 200 58ms
[2018-11-04] APP-INFO: --> GET /app 200 17ms
[2018-11-04] APP-INFO: --> GET /app 200 11ms
[2018-11-04] APP-INFO: --> GET /app 200 11ms
[2018-11-04] APP-INFO: --> GET /app 200 11ms
[2018-11-04] APP-INFO: --> GET /app 200 12ms
[2018-11-04] APP-INFO: --> GET /app 200 12ms
[2018-11-04] APP-INFO: --> GET /app 200 12ms
[2018-11-04] APP-INFO: --> GET /app 200 13ms
[2018-11-04] APP-INFO: Server started at http://0.0.0.0:4000/
[2018-11-04] APP-INFO: --> GET /app?title=&url=&owner=5b1426453192d5212014da01 200 64ms
[2018-11-04] APP-INFO: Server started at http://0.0.0.0:4000/
[2018-11-04] APP-INFO: xxx POST /app/project/save 404 11ms
[2018-11-04] APP-INFO: --> GET /app?title=&url=&owner=5b1426453192d5212014da01 200 48ms
[2018-11-04] APP-INFO: --> GET /app?title=&url=&owner=5b1426453192d5212014da01 200 13ms
[2018-11-04] APP-INFO: Server started at http://0.0.0.0:4000/
[2018-11-04] APP-INFO: --> GET /app?title=&url=&owner=5b1426453192d5212014da01 200 53ms
[2018-11-04] APP-INFO: --> GET /app?title=&url=&owner=5b1426453192d5212014da01 200 15ms
[2018-11-04] APP-INFO: --> POST /app/project/save 200 149ms
[2018-11-04] APP-INFO: --> GET /app?title=&url=&owner=5b1426453192d5212014da01 200 12ms
[2018-11-04] APP-INFO: Server started at http://0.0.0.0:4000/
[2018-11-04] APP-INFO: --> GET /app?title=&url=&owner=5b1426453192d5212014da01 200 55ms
[2018-11-04] APP-INFO: --> POST /app/project/save 200 20ms
[2018-11-04] APP-INFO: --> GET /app?title=&url=&owner=5b1426453192d5212014da01 200 32ms
[2018-11-04] APP-INFO: --> GET /app?title=&url=&owner=5b1426453192d5212014da01 200 13ms
[2018-11-04] APP-INFO: --> GET /app?title=&url=&owner=5b1426453192d5212014da01 200 10ms
[2018-11-04] APP-INFO: --> GET /app?title=&url=&owner=5b1426453192d5212014da01 200 10ms
[2018-11-04] APP-INFO: --> GET /app?title=&url=&owner=5b1426453192d5212014da01 200 9ms
[2018-11-04] APP-INFO: --> GET /app?title=&url=&owner=5b1426453192d5212014da01 200 9ms
[2018-11-04] APP-INFO: --> GET /app?title=&url=&owner=5b1426453192d5212014da01 200 10ms
[2018-11-04] APP-INFO: --> GET /app?title=&url=&owner=5b1426453192d5212014da01 200 13ms
[2018-11-04] APP-INFO: --> GET /app?title=&url=&owner=5b1426453192d5212014da01 200 12ms
[2018-11-04] APP-INFO: --> GET /app?title=&url=&owner=5b1426453192d5212014da01 200 11ms
[2018-11-04] APP-INFO: --> GET /app?title=&url=&owner=5b1426453192d5212014da01 200 13ms
[2018-11-04] APP-INFO: --> GET /app?title=&url=&owner=5b1426453192d5212014da01 200 11ms
[2018-11-04] APP-INFO: --> GET /app?title=&url=&owner=5b1426453192d5212014da01 200 14ms
[2018-11-04] APP-INFO: --> GET /app?title=&url=&owner=5b1426453192d5212014da01 200 10ms
[2018-11-04] APP-INFO: --> GET /app?title=&url=&owner=5b1426453192d5212014da01 200 8ms
[2018-11-04] APP-INFO: --> GET /app?title=&url=&owner=5b1426453192d5212014da01 200 10ms
[2018-11-04] APP-INFO: --> GET /app?title=&url=&owner=5b1426453192d5212014da01 200 12ms
[2018-11-04] APP-INFO: --> GET /app?title=&url=&owner=5b1426453192d5212014da01 200 7ms
[2018-11-04] APP-INFO: --> GET /app?title=&url=&owner=5b1426453192d5212014da01 200 10ms
[2018-11-04] APP-INFO: --> GET /app?title=&url=&owner=5b1426453192d5212014da01 200 8ms
[2018-11-04] APP-INFO: --> GET /app?title=&url=&owner=5b1426453192d5212014da01 200 8ms
[2018-11-04] APP-INFO: --> GET /app?title=&url=&owner=5b1426453192d5212014da01 200 9ms
[2018-11-04] APP-INFO: --> GET /app?title=&url=&owner=5b1426453192d5212014da01 200 11ms
[2018-11-04] APP-INFO: --> GET /app?title=&url=&owner=5b1426453192d5212014da01 200 8ms
[2018-11-04] APP-INFO: --> GET /app?title=&url=&owner=5b1426453192d5212014da01 200 6ms
[2018-11-04] APP-INFO: --> GET /app?title=&url=&owner=5b1426453192d5212014da01 200 7ms
[2018-11-04] APP-INFO: --> GET /app?title=&url=&owner=5b1426453192d5212014da01 200 8ms
[2018-11-04] APP-INFO: --> GET /app?title=&url=&owner=5b1426453192d5212014da01 200 10ms
[2018-11-04] APP-INFO: --> GET /app?title=&url=&owner=5b1426453192d5212014da01 200 9ms
[2018-11-04] APP-INFO: --> GET /app?title=&url=&owner=5b1426453192d5212014da01 200 9ms
[2018-11-04] APP-INFO: --> POST /app/project/save 200 7ms
[2018-11-04] APP-INFO: --> GET /app?title=&url=&owner=5b1426453192d5212014da01 200 5ms
[2018-11-04] APP-INFO: --> GET /app?title=&url=&owner=5b1426453192d5212014da01 200 9ms
[2018-11-04] APP-INFO: --> GET /app?title=&url=&owner=5b1426453192d5212014da01 200 7ms
[2018-11-04] APP-INFO: --> GET /app?title=&url=&owner=5b1426453192d5212014da01 200 7ms
[2018-11-04] APP-INFO: --> GET / 200 51ms
[2018-11-04] APP-INFO: --> GET /app/auth/login 200 71ms
[2018-11-04] APP-INFO: --> POST /app/auth/login 200 134ms
[2018-11-04] APP-INFO: --> GET /app 200 12ms
[2018-11-04] APP-INFO: --> POST /app/project/save 200 5ms
[2018-11-04] APP-INFO: --> GET /app 200 9ms
[2018-11-04] APP-INFO: --> GET /app 200 16ms
[2018-11-04] APP-INFO: --> POST /app/project/save 200 4ms
[2018-11-04] APP-INFO: --> GET /app 200 10ms
[2018-11-04] APP-INFO: Server started at http://0.0.0.0:4000/
[2018-11-04] APP-ERROR: MongoError: failed to connect to server [127.0.0.1:27017] on first connect [MongoError: connect ECONNREFUSED 127.0.0.1:27017]
    at Pool.<anonymous> (/home/lalit/webroot/testingtool/node_modules/mongodb-core/lib/topologies/server.js:336:35)
    at Pool.emit (events.js:182:13)
    at Pool.EventEmitter.emit (domain.js:442:20)
    at Connection.<anonymous> (/home/lalit/webroot/testingtool/node_modules/mongodb-core/lib/connection/pool.js:280:12)
    at Object.onceWrapper (events.js:273:13)
    at Connection.emit (events.js:182:13)
    at Connection.EventEmitter.emit (domain.js:442:20)
    at Socket.<anonymous> (/home/lalit/webroot/testingtool/node_modules/mongodb-core/lib/connection/connection.js:189:49)
    at Object.onceWrapper (events.js:273:13)
    at Socket.emit (events.js:182:13)
    at Socket.EventEmitter.emit (domain.js:442:20)
    at emitErrorNT (internal/streams/destroy.js:82:8)
    at emitErrorAndCloseNT (internal/streams/destroy.js:50:3)
    at process._tickCallback (internal/process/next_tick.js:63:19)
[2018-11-04] APP-ERROR: MongoError: failed to connect to server [127.0.0.1:27017] on first connect [MongoError: connect ECONNREFUSED 127.0.0.1:27017]
    at Pool.<anonymous> (/home/lalit/webroot/testingtool/node_modules/mongodb-core/lib/topologies/server.js:336:35)
    at Pool.emit (events.js:182:13)
    at Pool.EventEmitter.emit (domain.js:442:20)
    at Connection.<anonymous> (/home/lalit/webroot/testingtool/node_modules/mongodb-core/lib/connection/pool.js:280:12)
    at Object.onceWrapper (events.js:273:13)
    at Connection.emit (events.js:182:13)
    at Connection.EventEmitter.emit (domain.js:442:20)
    at Socket.<anonymous> (/home/lalit/webroot/testingtool/node_modules/mongodb-core/lib/connection/connection.js:189:49)
    at Object.onceWrapper (events.js:273:13)
    at Socket.emit (events.js:182:13)
    at Socket.EventEmitter.emit (domain.js:442:20)
    at emitErrorNT (internal/streams/destroy.js:82:8)
    at emitErrorAndCloseNT (internal/streams/destroy.js:50:3)
    at process._tickCallback (internal/process/next_tick.js:63:19)
[2018-11-04] APP-ERROR: MongoError: failed to connect to server [127.0.0.1:27017] on first connect [MongoError: connect ECONNREFUSED 127.0.0.1:27017]
    at Pool.<anonymous> (/home/lalit/webroot/testingtool/node_modules/mongodb-core/lib/topologies/server.js:336:35)
    at Pool.emit (events.js:182:13)
    at Pool.EventEmitter.emit (domain.js:442:20)
    at Connection.<anonymous> (/home/lalit/webroot/testingtool/node_modules/mongodb-core/lib/connection/pool.js:280:12)
    at Object.onceWrapper (events.js:273:13)
    at Connection.emit (events.js:182:13)
    at Connection.EventEmitter.emit (domain.js:442:20)
    at Socket.<anonymous> (/home/lalit/webroot/testingtool/node_modules/mongodb-core/lib/connection/connection.js:189:49)
    at Object.onceWrapper (events.js:273:13)
    at Socket.emit (events.js:182:13)
    at Socket.EventEmitter.emit (domain.js:442:20)
    at emitErrorNT (internal/streams/destroy.js:82:8)
    at emitErrorAndCloseNT (internal/streams/destroy.js:50:3)
    at process._tickCallback (internal/process/next_tick.js:63:19)
[2018-11-04] APP-ERROR: MongoError: failed to connect to server [127.0.0.1:27017] on first connect [MongoError: connect ECONNREFUSED 127.0.0.1:27017]
    at Pool.<anonymous> (/home/lalit/webroot/testingtool/node_modules/mongodb-core/lib/topologies/server.js:336:35)
    at Pool.emit (events.js:182:13)
    at Pool.EventEmitter.emit (domain.js:442:20)
    at Connection.<anonymous> (/home/lalit/webroot/testingtool/node_modules/mongodb-core/lib/connection/pool.js:280:12)
    at Object.onceWrapper (events.js:273:13)
    at Connection.emit (events.js:182:13)
    at Connection.EventEmitter.emit (domain.js:442:20)
    at Socket.<anonymous> (/home/lalit/webroot/testingtool/node_modules/mongodb-core/lib/connection/connection.js:189:49)
    at Object.onceWrapper (events.js:273:13)
    at Socket.emit (events.js:182:13)
    at Socket.EventEmitter.emit (domain.js:442:20)
    at emitErrorNT (internal/streams/destroy.js:82:8)
    at emitErrorAndCloseNT (internal/streams/destroy.js:50:3)
    at process._tickCallback (internal/process/next_tick.js:63:19)
[2018-11-04] APP-INFO: Server started at http://0.0.0.0:4000/
[2018-11-04] APP-INFO: --> GET / 200 66ms
[2018-11-04] APP-INFO: --> GET /app 200 142ms
[2018-11-04] APP-INFO: --> POST /app/project/save 200 94ms
[2018-11-04] APP-INFO: --> GET /app 200 18ms
[2018-11-04] APP-INFO: --> GET /app/project/5bded28d5f7673079e999c13/scenarios 200 36ms
[2018-11-04] APP-INFO: Server started at http://0.0.0.0:4000/
[2018-11-04] APP-INFO: --> GET /app 200 53ms
[2018-11-04] APP-INFO: --> GET /app/project/5b16ca833192d5212014da03/scenarios 200 27ms
[2018-11-04] APP-INFO: --> GET /app 200 12ms
[2018-11-04] APP-INFO: --> GET /app/project/5b16ca833192d5212014da03/scenarios 200 18ms
[2018-11-04] APP-INFO: --> GET /app 200 9ms
[2018-11-04] APP-INFO: --> POST /app/project/save 200 22ms
[2018-11-04] APP-INFO: --> GET /app 200 12ms
[2018-11-04] APP-INFO: --> GET /app/project/5b16ca833192d5212014da03/scenarios 200 19ms
[2018-11-04] APP-INFO: --> GET /app/scenario/5b9e004a3bdf8033cfe20edb/runs 200 76ms
[2018-11-04] APP-INFO: --> GET /app/project/5b16ca833192d5212014da03/scenarios 200 15ms
[2018-11-04] APP-INFO: --> GET /app/scenario/5b9e004a3bdf8033cfe20edb/runs 200 23ms
[2018-11-04] APP-INFO: --> GET /app 200 12ms
[2018-11-04] APP-INFO: --> GET /app/project/5bded4d787b1cf0b17e5f067/scenarios 200 18ms
[2018-11-04] APP-INFO: --> GET /app 200 15ms
[2018-11-04] APP-INFO: --> GET /app/project/5b16ca833192d5212014da03/scenarios 200 13ms
[2018-11-04] APP-INFO: Server started at http://0.0.0.0:4000/
[2018-11-04] APP-INFO: Server started at http://0.0.0.0:4000/
[2018-11-04] APP-INFO: --> GET /app/project/5b16ca833192d5212014da03/scenarios 200 506ms
[2018-11-04] APP-INFO: --> GET /app/project/5b16ca833192d5212014da03/scenarios 200 19ms
[2018-11-04] APP-INFO: --> GET /app/project/5b16ca833192d5212014da03/scenarios?scenario=5b16ca833192d5212014da03&name=ASH&start_url=hello.com&description=sdcashbahjda 200 17ms
[2018-11-04] APP-INFO: Server started at http://0.0.0.0:4000/
[2018-11-04] APP-INFO: Server started at http://0.0.0.0:4000/
[2018-11-04] APP-INFO: Server started at http://0.0.0.0:4000/
[2018-11-04] APP-INFO: --> GET /app/project/5b16ca833192d5212014da03/scenarios?scenario=5b16ca833192d5212014da03&name=ASH&start_url=hello.com&description=sdcashbahjda 200 65ms
[2018-11-04] APP-INFO: --> GET /app/project/5b16ca833192d5212014da03/scenarios?scenario=5b16ca833192d5212014da03&name=ASH&start_url=sasfsf&description=asfasfasf 200 21ms
[2018-11-04] APP-INFO: Server started at http://0.0.0.0:4000/
[2018-11-04] APP-INFO: Server started at http://0.0.0.0:4000/
[2018-11-04] APP-INFO: Server started at http://0.0.0.0:4000/
[2018-11-04] APP-INFO: Server started at http://0.0.0.0:4000/
[2018-11-04] APP-INFO: --> GET /app/project/5b16ca833192d5212014da03/scenarios?scenario=5b16ca833192d5212014da03&name=ASH&start_url=wdasfasf&description=dfafafa 200 80ms
[2018-11-04] APP-INFO: Server started at http://0.0.0.0:4000/
[2018-11-04] APP-INFO: --> POST /app/project/5b16ca833192d5212014da03/app/project/save 200 139ms
[2018-11-04] APP-INFO: Server started at http://0.0.0.0:4000/
[2018-11-04] APP-INFO: Server started at http://0.0.0.0:4000/
[2018-11-04] APP-INFO: --> POST /app/project/5b16ca833192d5212014da03/app/project/save 200 28ms
[2018-11-04] APP-INFO: --> GET /app/project/5b16ca833192d5212014da03/scenarios?scenario=5b16ca833192d5212014da03&name=ASH&start_url=wdasfasf&description=dfafafa 200 42ms
[2018-11-04] APP-INFO: --> GET /app/project/5b16ca833192d5212014da03/scenarios?scenario=5b16ca833192d5212014da03&name=ASH&start_url=wdasfasf&description=dfafafa 200 27ms
[2018-11-04] APP-INFO: --> GET /app/project/5b16ca833192d5212014da03/scenarios?scenario=5b16ca833192d5212014da03&name=ASH&start_url=wdasfasf&description=dfafafa 200 18ms
[2018-11-04] APP-INFO: --> GET /app/project/5b16ca833192d5212014da03/scenarios?scenario=5b16ca833192d5212014da03&name=ASH&start_url=wdasfasf&description=dfafafa 200 19ms
[2018-11-04] APP-INFO: --> GET /app/project/5b16ca833192d5212014da03/scenarios?scenario=5b16ca833192d5212014da03&name=ASH&start_url=wdasfasf&description=dfafafa 200 17ms
[2018-11-04] APP-INFO: --> GET /app/project/5b16ca833192d5212014da03/scenarios?scenario=5b16ca833192d5212014da03&name=ASH&start_url=wdasfasf&description=dfafafa 200 17ms
[2018-11-04] APP-INFO: --> GET /app/project/5b16ca833192d5212014da03/scenarios?scenario=5b16ca833192d5212014da03&name=ASH&start_url=wdasfasf&description=dfafafa 200 18ms
[2018-11-04] APP-INFO: --> GET /app/project/5b16ca833192d5212014da03/scenarios?scenario=5b16ca833192d5212014da03&name=ASH&start_url=wdasfasf&description=dfafafa 200 17ms
[2018-11-04] APP-INFO: --> GET /app/project/5b16ca833192d5212014da03/scenarios?scenario=5b16ca833192d5212014da03&name=ASH&start_url=wdasfasf&description=dfafafa 200 16ms
[2018-11-04] APP-INFO: --> GET /app/project/5b16ca833192d5212014da03/scenarios?scenario=5b16ca833192d5212014da03&name=ASH&start_url=wdasfasf&description=dfafafa 200 16ms
[2018-11-04] APP-INFO: --> GET /app/project/5b16ca833192d5212014da03/scenarios?scenario=5b16ca833192d5212014da03&name=ASH&start_url=wdasfasf&description=dfafafa 200 16ms
[2018-11-04] APP-INFO: --> GET /app/project/5b16ca833192d5212014da03/scenarios?scenario=5b16ca833192d5212014da03&name=ASH&start_url=wdasfasf&description=dfafafa 200 18ms
[2018-11-04] APP-INFO: --> POST /app/project/5b16ca833192d5212014da03/app/scenario/save 200 10ms
[2018-11-04] APP-INFO: Server started at http://0.0.0.0:4000/
[2018-11-04] APP-INFO: --> GET /app/project/5b16ca833192d5212014da03/scenarios?scenario=5b16ca833192d5212014da03&name=ASH&start_url=wdasfasf&description=dfafafa 200 89ms
[2018-11-04] APP-INFO: --> GET /app/project/5b16ca833192d5212014da03/scenarios?scenario=5b16ca833192d5212014da03&name=ASH&start_url=wdasfasf&description=dfafafa 200 27ms
[2018-11-04] APP-INFO: --> GET /app/project/5b16ca833192d5212014da03/scenarios?scenario=5b16ca833192d5212014da03&name=ASH&start_url=wdasfasf&description=dfafafa 200 19ms
[2018-11-04] APP-INFO: --> POST /app/project/5b16ca833192d5212014da03/app/scenario/save 200 6ms
[2018-11-04] APP-INFO: Server started at http://0.0.0.0:4000/
[2018-11-04] APP-INFO: --> POST /app/project/5b16ca833192d5212014da03/app/scenario/save 200 28ms
[2018-11-04] APP-INFO: --> GET /app/project/5b16ca833192d5212014da03/scenarios?scenario=5b16ca833192d5212014da03&name=ASH&start_url=wdasfasf&description=dfafafa 200 44ms
[2018-11-04] APP-INFO: --> GET /app/project/5b16ca833192d5212014da03/scenarios?scenario=5b16ca833192d5212014da03&name=ASH&start_url=wdasfasf&description=dfafafa 200 15ms
[2018-11-04] APP-INFO: --> GET /app/project/5b16ca833192d5212014da03/scenarios?scenario=5b16ca833192d5212014da03&name=ASH&start_url=wdasfasf&description=dfafafa 200 13ms
[2018-11-04] APP-INFO: --> GET /app/project/5b16ca833192d5212014da03/scenarios?scenario=5b16ca833192d5212014da03&name=ASH&start_url=wdasfasf&description=dfafafa 200 17ms
[2018-11-04] APP-INFO: --> GET /app/project/5b16ca833192d5212014da03/scenarios?scenario=5b16ca833192d5212014da03&name=ASH&start_url=DSDASDFF&description=FASFFA 200 15ms
