[2018-10-28] APP-INFO: Server started at http://0.0.0.0:4000/
[2018-10-28] APP-ERROR: { __v: 0,
  key: 'toPort',
  priority: 1,
  compared_url: 'http://blazedemo.com/reserve.php',
  location: 'post_data',
  reg_count: '$1$',
  reg_name: 'prefEasy_Cor',
  final_regex: '<input type="text" name="toPort" value=(.*?)>',
  scenario: 5b9e004a3bdf8033cfe20edb,
  _id: 5bd561b3413cc14fd1edabfb,
  second:
   { url: 'http://blazedemo.com/',
     matched: '<input type="text" name="toPort" value="New+York">',
     request: 5bd434bc4b3e03290c9a3392,
     run: 5ba255b716ba6e92e5ce908c },
  first:
   { url: 'http://blazedemo.com/',
     matched: '<input type="text" name="toPort" value="Rome">',
     request: 5bd4349a4b3e03290c9a337e,
     run: 5b9e004a3bdf8033cfe20eec } }
[2018-10-28] APP-INFO: --> GET /app/run/backtrack 200 5400ms
[2018-10-28] APP-INFO: Server started at http://0.0.0.0:4000/
[2018-10-28] APP-INFO: Server started at http://0.0.0.0:4000/
[2018-10-28] APP-ERROR: TypeError: Cannot read property 'response' of undefined
    at backtrack._callee4$ (/home/lalit/webroot/testingtool/src/cron/backtrack.js:378:60)
    at tryCatch (/home/lalit/webroot/testingtool/node_modules/regenerator-runtime/runtime.js:65:40)
    at Generator.invoke [as _invoke] (/home/lalit/webroot/testingtool/node_modules/regenerator-runtime/runtime.js:303:22)
    at Generator.prototype.(anonymous function) [as next] (/home/lalit/webroot/testingtool/node_modules/regenerator-runtime/runtime.js:117:21)
    at step (/home/lalit/webroot/testingtool/src/cron/backtrack.js:55:191)
    at /home/lalit/webroot/testingtool/src/cron/backtrack.js:55:361
    at process._tickCallback (internal/process/next_tick.js:68:7)
[2018-10-28] APP-ERROR: TypeError: Cannot read property 'response' of undefined
    at backtrack._callee4$ (/home/lalit/webroot/testingtool/src/cron/backtrack.js:378:60)
    at tryCatch (/home/lalit/webroot/testingtool/node_modules/regenerator-runtime/runtime.js:65:40)
    at Generator.invoke [as _invoke] (/home/lalit/webroot/testingtool/node_modules/regenerator-runtime/runtime.js:303:22)
    at Generator.prototype.(anonymous function) [as next] (/home/lalit/webroot/testingtool/node_modules/regenerator-runtime/runtime.js:117:21)
    at step (/home/lalit/webroot/testingtool/src/cron/backtrack.js:55:191)
    at /home/lalit/webroot/testingtool/src/cron/backtrack.js:55:361
    at process._tickCallback (internal/process/next_tick.js:68:7)
[2018-10-28] APP-INFO: Server started at http://0.0.0.0:4000/
[2018-10-28] APP-INFO: Server started at http://0.0.0.0:4000/
[2018-10-28] APP-ERROR: MongoError: failed to connect to server [127.0.0.1:27017] on first connect [MongoError: connect ECONNREFUSED 127.0.0.1:27017]
    at Pool.<anonymous> (/home/lalit/webroot/testingtool/node_modules/mongodb-core/lib/topologies/server.js:336:35)
    at Pool.emit (events.js:182:13)
    at Pool.EventEmitter.emit (domain.js:442:20)
    at Connection.<anonymous> (/home/lalit/webroot/testingtool/node_modules/mongodb-core/lib/connection/pool.js:280:12)
    at Object.onceWrapper (events.js:273:13)
    at Connection.emit (events.js:182:13)
    at Connection.EventEmitter.emit (domain.js:442:20)
    at Socket.<anonymous> (/home/lalit/webroot/testingtool/node_modules/mongodb-core/lib/connection/connection.js:187:49)
    at Object.onceWrapper (events.js:273:13)
    at Socket.emit (events.js:182:13)
    at Socket.EventEmitter.emit (domain.js:442:20)
    at emitErrorNT (internal/streams/destroy.js:82:8)
    at emitErrorAndCloseNT (internal/streams/destroy.js:50:3)
    at process._tickCallback (internal/process/next_tick.js:63:19)
[2018-10-28] APP-ERROR: MongoError: failed to connect to server [127.0.0.1:27017] on first connect [MongoError: connect ECONNREFUSED 127.0.0.1:27017]
    at Pool.<anonymous> (/home/lalit/webroot/testingtool/node_modules/mongodb-core/lib/topologies/server.js:336:35)
    at Pool.emit (events.js:182:13)
    at Pool.EventEmitter.emit (domain.js:442:20)
    at Connection.<anonymous> (/home/lalit/webroot/testingtool/node_modules/mongodb-core/lib/connection/pool.js:280:12)
    at Object.onceWrapper (events.js:273:13)
    at Connection.emit (events.js:182:13)
    at Connection.EventEmitter.emit (domain.js:442:20)
    at Socket.<anonymous> (/home/lalit/webroot/testingtool/node_modules/mongodb-core/lib/connection/connection.js:187:49)
    at Object.onceWrapper (events.js:273:13)
    at Socket.emit (events.js:182:13)
    at Socket.EventEmitter.emit (domain.js:442:20)
    at emitErrorNT (internal/streams/destroy.js:82:8)
    at emitErrorAndCloseNT (internal/streams/destroy.js:50:3)
    at process._tickCallback (internal/process/next_tick.js:63:19)
[2018-10-28] APP-ERROR: MongoError: failed to connect to server [127.0.0.1:27017] on first connect [MongoError: connect ECONNREFUSED 127.0.0.1:27017]
    at Pool.<anonymous> (/home/lalit/webroot/testingtool/node_modules/mongodb-core/lib/topologies/server.js:336:35)
    at Pool.emit (events.js:182:13)
    at Pool.EventEmitter.emit (domain.js:442:20)
    at Connection.<anonymous> (/home/lalit/webroot/testingtool/node_modules/mongodb-core/lib/connection/pool.js:280:12)
    at Object.onceWrapper (events.js:273:13)
    at Connection.emit (events.js:182:13)
    at Connection.EventEmitter.emit (domain.js:442:20)
    at Socket.<anonymous> (/home/lalit/webroot/testingtool/node_modules/mongodb-core/lib/connection/connection.js:187:49)
    at Object.onceWrapper (events.js:273:13)
    at Socket.emit (events.js:182:13)
    at Socket.EventEmitter.emit (domain.js:442:20)
    at emitErrorNT (internal/streams/destroy.js:82:8)
    at emitErrorAndCloseNT (internal/streams/destroy.js:50:3)
    at process._tickCallback (internal/process/next_tick.js:63:19)
[2018-10-28] APP-ERROR: MongoError: failed to connect to server [127.0.0.1:27017] on first connect [MongoError: connect ECONNREFUSED 127.0.0.1:27017]
    at Pool.<anonymous> (/home/lalit/webroot/testingtool/node_modules/mongodb-core/lib/topologies/server.js:336:35)
    at Pool.emit (events.js:182:13)
    at Pool.EventEmitter.emit (domain.js:442:20)
    at Connection.<anonymous> (/home/lalit/webroot/testingtool/node_modules/mongodb-core/lib/connection/pool.js:280:12)
    at Object.onceWrapper (events.js:273:13)
    at Connection.emit (events.js:182:13)
    at Connection.EventEmitter.emit (domain.js:442:20)
    at Socket.<anonymous> (/home/lalit/webroot/testingtool/node_modules/mongodb-core/lib/connection/connection.js:187:49)
    at Object.onceWrapper (events.js:273:13)
    at Socket.emit (events.js:182:13)
    at Socket.EventEmitter.emit (domain.js:442:20)
    at emitErrorNT (internal/streams/destroy.js:82:8)
    at emitErrorAndCloseNT (internal/streams/destroy.js:50:3)
    at process._tickCallback (internal/process/next_tick.js:63:19)
[2018-10-28] APP-INFO: Server started at http://0.0.0.0:4000/
[2018-10-28] APP-ERROR: 
[2018-10-28] APP-INFO: --> GET /app/run/backtrack 200 3933ms
[2018-10-28] APP-INFO: Server started at http://0.0.0.0:4000/
[2018-10-28] APP-INFO: Server started at http://0.0.0.0:4000/
[2018-10-28] APP-INFO: Server started at http://0.0.0.0:4000/
[2018-10-28] APP-ERROR: TypeError: Cannot read property 'response' of undefined
    at backtrack._callee4$ (/home/lalit/webroot/testingtool/src/cron/backtrack.js:378:64)
    at tryCatch (/home/lalit/webroot/testingtool/node_modules/regenerator-runtime/runtime.js:65:40)
    at Generator.invoke [as _invoke] (/home/lalit/webroot/testingtool/node_modules/regenerator-runtime/runtime.js:303:22)
    at Generator.prototype.(anonymous function) [as next] (/home/lalit/webroot/testingtool/node_modules/regenerator-runtime/runtime.js:117:21)
    at step (/home/lalit/webroot/testingtool/src/cron/backtrack.js:55:191)
    at /home/lalit/webroot/testingtool/src/cron/backtrack.js:55:361
    at process._tickCallback (internal/process/next_tick.js:68:7)
[2018-10-28] APP-INFO: --> GET /app/scenario/5b9e004a3bdf8033cfe20edb/differnces 200 118ms
[2018-10-28] APP-INFO: --> GET /app/scenario/5b9e004a3bdf8033cfe20edb/runs 200 40ms
[2018-10-28] APP-INFO: --> GET /app/scenario/5b9e004a3bdf8033cfe20edb/runs 200 19ms
[2018-10-28] APP-INFO: --> POST /app/session/save 200 125ms
[2018-10-28] APP-INFO: --> GET /app/scenario/5b9e004a3bdf8033cfe20edb/runs 200 22ms
[2018-10-28] APP-INFO: --> POST /app/session/save 200 49ms
[2018-10-28] APP-INFO: --> GET /app/scenario/5b9e004a3bdf8033cfe20edb/runs 200 22ms
[2018-10-28] APP-INFO: --> POST /app/session/save 200 65ms
[2018-10-28] APP-INFO: --> GET /app/scenario/5b9e004a3bdf8033cfe20edb/runs 200 33ms
[2018-10-28] APP-INFO: --> POST /app/session/save 200 52ms
[2018-10-28] APP-INFO: --> GET /app/scenario/5b9e004a3bdf8033cfe20edb/runs 200 25ms
[2018-10-28] APP-INFO: --> POST /app/run/compare 200 5ms
[2018-10-28] APP-INFO: --> POST /app/run/compare 200 69ms
[2018-10-28] APP-ERROR: { __v: 0,
  url: 'http://blazedemo.com/reserve.php',
  sequence: 10,
  location: 'header',
  key: 'Content-Length',
  scenario: 5b9e004a3bdf8033cfe20edb,
  session_sequence: 2,
  session: 5bd569a0ffb4760c99a65f73,
  _id: 5bd569dfffb4760c99a65f92,
  duplicate: '',
  updated_on: 2018-10-28T07:48:47.850Z,
  added_on: 2018-10-28T07:48:47.850Z,
  second:
   { value: 'New+York',
     request: 5bd569c5ffb4760c99a65f88,
     run: 5ba255b716ba6e92e5ce908c },
  first:
   { value: 'Rome',
     request: 5bd569a0ffb4760c99a65f74,
     run: 5b9e004a3bdf8033cfe20eec } },{ __v: 0,
  url: 'http://blazedemo.com/reserve.php',
  sequence: 10,
  location: 'post_data',
  key: 'fromPort',
  scenario: 5b9e004a3bdf8033cfe20edb,
  session_sequence: 2,
  session: 5bd569a0ffb4760c99a65f73,
  _id: 5bd569dfffb4760c99a65f93,
  duplicate: '',
  updated_on: 2018-10-28T07:48:47.855Z,
  added_on: 2018-10-28T07:48:47.855Z,
  second:
   { value: 'New+York',
     request: 5bd569c5ffb4760c99a65f88,
     run: 5ba255b716ba6e92e5ce908c },
  first:
   { value: 'Rome',
     request: 5bd569a0ffb4760c99a65f74,
     run: 5b9e004a3bdf8033cfe20eec } },{ __v: 0,
  url: 'http://blazedemo.com/reserve.php',
  sequence: 10,
  location: 'post_data',
  key: 'toPort',
  scenario: 5b9e004a3bdf8033cfe20edb,
  session_sequence: 2,
  session: 5bd569a0ffb4760c99a65f73,
  _id: 5bd569dfffb4760c99a65f94,
  duplicate: '',
  updated_on: 2018-10-28T07:48:47.857Z,
  added_on: 2018-10-28T07:48:47.857Z,
  second:
   { value: 'New+York',
     request: 5bd569c5ffb4760c99a65f88,
     run: 5ba255b716ba6e92e5ce908c },
  first:
   { value: 'Rome',
     request: 5bd569a0ffb4760c99a65f74,
     run: 5b9e004a3bdf8033cfe20eec } },{ __v: 0,
  url: 'https://bam.nr-data.net/1/338cffe5d3',
  sequence: 18,
  location: 'params',
  key: 'rst',
  scenario: 5b9e004a3bdf8033cfe20edb,
  session_sequence: 2,
  session: 5bd569a0ffb4760c99a65f73,
  _id: 5bd569dfffb4760c99a65f95,
  duplicate: '',
  updated_on: 2018-10-28T07:48:47.860Z,
  added_on: 2018-10-28T07:48:47.860Z,
  second:
   { value:
      '%7B%22timing%22:%7B%22of%22:1519032429597,%22n%22:0,%22u%22:840,%22ue%22:840,%22f%22:5,%22dn%22:5,%22dne%22:5,%22c%22:6,%22ce%22:9,%22rq%22:10,%22rp%22:822,%22rpe%22:833,%22dl%22:850,%22di%22:1023,%22ds%22:1023,%22de%22:1109,%22dc%22:1162,%22l%22:1162,%22le%22:1171%7D,%22navigation%22:%7B%7D%7D',
     request: 5bd569c5ffb4760c99a65f90,
     run: 5ba255b716ba6e92e5ce908c },
  first:
   { value:
      '%7B%22timing%22:%7B%22of%22:1519031782396,%22n%22:0,%22u%22:2294,%22ue%22:2294,%22f%22:6,%22dn%22:6,%22dne%22:6,%22c%22:7,%22ce%22:9,%22rq%22:9,%22rp%22:2213,%22rpe%22:2286,%22dl%22:2310,%22di%22:2578,%22ds%22:2578,%22de%22:2660,%22dc%22:2697,%22l%22:2697,%22le%22:2704%7D,%22navigation%22:%7B%7D%7D',
     request: 5bd569a0ffb4760c99a65f7c,
     run: 5b9e004a3bdf8033cfe20eec } },{ __v: 0,
  url: 'https://bam.nr-data.net/1/338cffe5d3',
  sequence: 18,
  location: 'params',
  key: 'ap',
  scenario: 5b9e004a3bdf8033cfe20edb,
  session_sequence: 2,
  session: 5bd569a0ffb4760c99a65f73,
  _id: 5bd569dfffb4760c99a65f96,
  duplicate: '',
  updated_on: 2018-10-28T07:48:47.861Z,
  added_on: 2018-10-28T07:48:47.861Z,
  second:
   { value:
      '%7B%22timing%22:%7B%22of%22:1519032429597,%22n%22:0,%22u%22:840,%22ue%22:840,%22f%22:5,%22dn%22:5,%22dne%22:5,%22c%22:6,%22ce%22:9,%22rq%22:10,%22rp%22:822,%22rpe%22:833,%22dl%22:850,%22di%22:1023,%22ds%22:1023,%22de%22:1109,%22dc%22:1162,%22l%22:1162,%22le%22:1171%7D,%22navigation%22:%7B%7D%7D',
     request: 5bd569c5ffb4760c99a65f90,
     run: 5ba255b716ba6e92e5ce908c },
  first:
   { value:
      '%7B%22timing%22:%7B%22of%22:1519031782396,%22n%22:0,%22u%22:2294,%22ue%22:2294,%22f%22:6,%22dn%22:6,%22dne%22:6,%22c%22:7,%22ce%22:9,%22rq%22:9,%22rp%22:2213,%22rpe%22:2286,%22dl%22:2310,%22di%22:2578,%22ds%22:2578,%22de%22:2660,%22dc%22:2697,%22l%22:2697,%22le%22:2704%7D,%22navigation%22:%7B%7D%7D',
     request: 5bd569a0ffb4760c99a65f7c,
     run: 5b9e004a3bdf8033cfe20eec } },{ __v: 0,
  url: 'https://bam.nr-data.net/1/338cffe5d3',
  sequence: 18,
  location: 'params',
  key: 'be',
  scenario: 5b9e004a3bdf8033cfe20edb,
  session_sequence: 2,
  session: 5bd569a0ffb4760c99a65f73,
  _id: 5bd569dfffb4760c99a65f97,
  duplicate: '',
  updated_on: 2018-10-28T07:48:47.863Z,
  added_on: 2018-10-28T07:48:47.863Z,
  second:
   { value:
      '%7B%22timing%22:%7B%22of%22:1519032429597,%22n%22:0,%22u%22:840,%22ue%22:840,%22f%22:5,%22dn%22:5,%22dne%22:5,%22c%22:6,%22ce%22:9,%22rq%22:10,%22rp%22:822,%22rpe%22:833,%22dl%22:850,%22di%22:1023,%22ds%22:1023,%22de%22:1109,%22dc%22:1162,%22l%22:1162,%22le%22:1171%7D,%22navigation%22:%7B%7D%7D',
     request: 5bd569c5ffb4760c99a65f90,
     run: 5ba255b716ba6e92e5ce908c },
  first:
   { value:
      '%7B%22timing%22:%7B%22of%22:1519031782396,%22n%22:0,%22u%22:2294,%22ue%22:2294,%22f%22:6,%22dn%22:6,%22dne%22:6,%22c%22:7,%22ce%22:9,%22rq%22:9,%22rp%22:2213,%22rpe%22:2286,%22dl%22:2310,%22di%22:2578,%22ds%22:2578,%22de%22:2660,%22dc%22:2697,%22l%22:2697,%22le%22:2704%7D,%22navigation%22:%7B%7D%7D',
     request: 5bd569a0ffb4760c99a65f7c,
     run: 5b9e004a3bdf8033cfe20eec } },{ __v: 0,
  url: 'https://bam.nr-data.net/1/338cffe5d3',
  sequence: 18,
  location: 'params',
  key: 'fe',
  scenario: 5b9e004a3bdf8033cfe20edb,
  session_sequence: 2,
  session: 5bd569a0ffb4760c99a65f73,
  _id: 5bd569dfffb4760c99a65f98,
  duplicate: '',
  updated_on: 2018-10-28T07:48:47.864Z,
  added_on: 2018-10-28T07:48:47.864Z,
  second:
   { value:
      '%7B%22timing%22:%7B%22of%22:1519032429597,%22n%22:0,%22u%22:840,%22ue%22:840,%22f%22:5,%22dn%22:5,%22dne%22:5,%22c%22:6,%22ce%22:9,%22rq%22:10,%22rp%22:822,%22rpe%22:833,%22dl%22:850,%22di%22:1023,%22ds%22:1023,%22de%22:1109,%22dc%22:1162,%22l%22:1162,%22le%22:1171%7D,%22navigation%22:%7B%7D%7D',
     request: 5bd569c5ffb4760c99a65f90,
     run: 5ba255b716ba6e92e5ce908c },
  first:
   { value:
      '%7B%22timing%22:%7B%22of%22:1519031782396,%22n%22:0,%22u%22:2294,%22ue%22:2294,%22f%22:6,%22dn%22:6,%22dne%22:6,%22c%22:7,%22ce%22:9,%22rq%22:9,%22rp%22:2213,%22rpe%22:2286,%22dl%22:2310,%22di%22:2578,%22ds%22:2578,%22de%22:2660,%22dc%22:2697,%22l%22:2697,%22le%22:2704%7D,%22navigation%22:%7B%7D%7D',
     request: 5bd569a0ffb4760c99a65f7c,
     run: 5b9e004a3bdf8033cfe20eec } },{ __v: 0,
  url: 'https://bam.nr-data.net/1/338cffe5d3',
  sequence: 18,
  location: 'params',
  key: 'dc',
  scenario: 5b9e004a3bdf8033cfe20edb,
  session_sequence: 2,
  session: 5bd569a0ffb4760c99a65f73,
  _id: 5bd569dfffb4760c99a65f99,
  duplicate: '',
  updated_on: 2018-10-28T07:48:47.867Z,
  added_on: 2018-10-28T07:48:47.867Z,
  second:
   { value:
      '%7B%22timing%22:%7B%22of%22:1519032429597,%22n%22:0,%22u%22:840,%22ue%22:840,%22f%22:5,%22dn%22:5,%22dne%22:5,%22c%22:6,%22ce%22:9,%22rq%22:10,%22rp%22:822,%22rpe%22:833,%22dl%22:850,%22di%22:1023,%22ds%22:1023,%22de%22:1109,%22dc%22:1162,%22l%22:1162,%22le%22:1171%7D,%22navigation%22:%7B%7D%7D',
     request: 5bd569c5ffb4760c99a65f90,
     run: 5ba255b716ba6e92e5ce908c },
  first:
   { value:
      '%7B%22timing%22:%7B%22of%22:1519031782396,%22n%22:0,%22u%22:2294,%22ue%22:2294,%22f%22:6,%22dn%22:6,%22dne%22:6,%22c%22:7,%22ce%22:9,%22rq%22:9,%22rp%22:2213,%22rpe%22:2286,%22dl%22:2310,%22di%22:2578,%22ds%22:2578,%22de%22:2660,%22dc%22:2697,%22l%22:2697,%22le%22:2704%7D,%22navigation%22:%7B%7D%7D',
     request: 5bd569a0ffb4760c99a65f7c,
     run: 5b9e004a3bdf8033cfe20eec } },{ __v: 0,
  url: 'https://bam.nr-data.net/1/338cffe5d3',
  sequence: 18,
  location: 'params',
  key: 'perf',
  scenario: 5b9e004a3bdf8033cfe20edb,
  session_sequence: 2,
  session: 5bd569a0ffb4760c99a65f73,
  _id: 5bd569dfffb4760c99a65f9a,
  duplicate: '',
  updated_on: 2018-10-28T07:48:47.868Z,
  added_on: 2018-10-28T07:48:47.868Z,
  second:
   { value:
      '%7B%22timing%22:%7B%22of%22:1519032429597,%22n%22:0,%22u%22:840,%22ue%22:840,%22f%22:5,%22dn%22:5,%22dne%22:5,%22c%22:6,%22ce%22:9,%22rq%22:10,%22rp%22:822,%22rpe%22:833,%22dl%22:850,%22di%22:1023,%22ds%22:1023,%22de%22:1109,%22dc%22:1162,%22l%22:1162,%22le%22:1171%7D,%22navigation%22:%7B%7D%7D',
     request: 5bd569c5ffb4760c99a65f90,
     run: 5ba255b716ba6e92e5ce908c },
  first:
   { value:
      '%7B%22timing%22:%7B%22of%22:1519031782396,%22n%22:0,%22u%22:2294,%22ue%22:2294,%22f%22:6,%22dn%22:6,%22dne%22:6,%22c%22:7,%22ce%22:9,%22rq%22:9,%22rp%22:2213,%22rpe%22:2286,%22dl%22:2310,%22di%22:2578,%22ds%22:2578,%22de%22:2660,%22dc%22:2697,%22l%22:2697,%22le%22:2704%7D,%22navigation%22:%7B%7D%7D',
     request: 5bd569a0ffb4760c99a65f7c,
     run: 5b9e004a3bdf8033cfe20eec } },{ __v: 0,
  url: 'https://bam.nr-data.net/1/338cffe5d3',
  sequence: 18,
  location: 'url',
  key: 'url',
  scenario: 5b9e004a3bdf8033cfe20edb,
  session_sequence: 2,
  session: 5bd569a0ffb4760c99a65f73,
  _id: 5bd569dfffb4760c99a65f9b,
  duplicate: '',
  updated_on: 2018-10-28T07:48:47.870Z,
  added_on: 2018-10-28T07:48:47.870Z,
  second:
   { value:
      'https://bam.nr-data.net/1/338cffe5d3?a=6657625&v=1071.385e752&to=YVxSYxACCxcEVRFfWlgWcVQWCgoKSkQARVBET1UZEgsV&rst=1213&ref=http://blazedemo.com/reserve.php&ap=5&be=875&fe=1162&dc=1023&perf=%7B%22timing%22:%7B%22of%22:1519032429597,%22n%22:0,%22u%22:840,%22ue%22:840,%22f%22:5,%22dn%22:5,%22dne%22:5,%22c%22:6,%22ce%22:9,%22rq%22:10,%22rp%22:822,%22rpe%22:833,%22dl%22:850,%22di%22:1023,%22ds%22:1023,%22de%22:1109,%22dc%22:1162,%22l%22:1162,%22le%22:1171%7D,%22navigation%22:%7B%7D%7D&at=TRtRFVgYGBk%3D&jsonp=NREUM.setToken',
     request: 5bd569c5ffb4760c99a65f90,
     run: 5ba255b716ba6e92e5ce908c },
  first:
   { value:
      'https://bam.nr-data.net/1/338cffe5d3?a=6657625&v=1071.385e752&to=YVxSYxACCxcEVRFfWlgWcVQWCgoKSkQARVBET1UZEgsV&rst=2768&ref=http://blazedemo.com/reserve.php&ap=7&be=2333&fe=2699&dc=2578&perf=%7B%22timing%22:%7B%22of%22:1519031782396,%22n%22:0,%22u%22:2294,%22ue%22:2294,%22f%22:6,%22dn%22:6,%22dne%22:6,%22c%22:7,%22ce%22:9,%22rq%22:9,%22rp%22:2213,%22rpe%22:2286,%22dl%22:2310,%22di%22:2578,%22ds%22:2578,%22de%22:2660,%22dc%22:2697,%22l%22:2697,%22le%22:2704%7D,%22navigation%22:%7B%7D%7D&at=TRtRFVgYGBk%3D&jsonp=NREUM.setToken',
     request: 5bd569a0ffb4760c99a65f7c,
     run: 5b9e004a3bdf8033cfe20eec } }
[2018-10-28] APP-ERROR: { __v: 0,
  _id: 5bd569dfffb4760c99a65f9c,
  updated_on: 2018-10-28T07:48:47.888Z,
  added_on: 2018-10-28T07:48:47.888Z,
  runs: [] }
[2018-10-28] APP-INFO: --> GET /app/scenario/5b9e004a3bdf8033cfe20edb/differnces 200 34ms
[2018-10-28] APP-ERROR: { __v: 0,
  key: 'toPort',
  priority: 1,
  compared_url: 'http://blazedemo.com/reserve.php',
  location: 'post_data',
  reg_count: '$1$',
  reg_name: 'prefEasy_Cor',
  final_regex: '<input type="text" name="toPort" value=(.*?)>',
  scenario: 5b9e004a3bdf8033cfe20edb,
  _id: 5bd569f6ffb4760c99a65f9d,
  second:
   { url: 'http://blazedemo.com/',
     matched: '<input type="text" name="toPort" value="New+York">',
     request: 5bd569b4ffb4760c99a65f7e,
     run: 5ba255b716ba6e92e5ce908c },
  first:
   { url: 'http://blazedemo.com/',
     matched: '<input type="text" name="toPort" value="Rome">',
     request: 5bd5698fffb4760c99a65f6a,
     run: 5b9e004a3bdf8033cfe20eec } }
[2018-10-28] APP-INFO: --> GET /app/run/backtrack 200 3641ms
[2018-10-28] APP-ERROR: { __v: 0,
  key: 'toPort',
  priority: 1,
  compared_url: 'http://blazedemo.com/reserve.php',
  location: 'post_data',
  reg_count: '$1$',
  reg_name: 'prefEasy_Cor',
  final_regex: '<input type="text" name="toPort" value=(.*?)>',
  scenario: 5b9e004a3bdf8033cfe20edb,
  _id: 5bd56b1cffb4760c99a65f9e,
  second:
   { url: 'http://blazedemo.com/',
     matched: '<input type="text" name="toPort" value="New+York">',
     request: 5bd569b4ffb4760c99a65f7e,
     run: 5ba255b716ba6e92e5ce908c },
  first:
   { url: 'http://blazedemo.com/',
     matched: '<input type="text" name="toPort" value="Rome">',
     request: 5bd5698fffb4760c99a65f6a,
     run: 5b9e004a3bdf8033cfe20eec } }
[2018-10-28] APP-INFO: --> GET /app/run/backtrack 200 3508ms
[2018-10-28] APP-INFO: Server started at http://0.0.0.0:4000/
[2018-10-28] APP-ERROR: MongoError: failed to connect to server [127.0.0.1:27017] on first connect [MongoError: connect ECONNREFUSED 127.0.0.1:27017]
    at Pool.<anonymous> (/home/lalit/webroot/testingtool/node_modules/mongodb-core/lib/topologies/server.js:336:35)
    at Pool.emit (events.js:182:13)
    at Pool.EventEmitter.emit (domain.js:442:20)
    at Connection.<anonymous> (/home/lalit/webroot/testingtool/node_modules/mongodb-core/lib/connection/pool.js:280:12)
    at Object.onceWrapper (events.js:273:13)
    at Connection.emit (events.js:182:13)
    at Connection.EventEmitter.emit (domain.js:442:20)
    at Socket.<anonymous> (/home/lalit/webroot/testingtool/node_modules/mongodb-core/lib/connection/connection.js:187:49)
    at Object.onceWrapper (events.js:273:13)
    at Socket.emit (events.js:182:13)
    at Socket.EventEmitter.emit (domain.js:442:20)
    at emitErrorNT (internal/streams/destroy.js:82:8)
    at emitErrorAndCloseNT (internal/streams/destroy.js:50:3)
    at process._tickCallback (internal/process/next_tick.js:63:19)
[2018-10-28] APP-ERROR: MongoError: failed to connect to server [127.0.0.1:27017] on first connect [MongoError: connect ECONNREFUSED 127.0.0.1:27017]
    at Pool.<anonymous> (/home/lalit/webroot/testingtool/node_modules/mongodb-core/lib/topologies/server.js:336:35)
    at Pool.emit (events.js:182:13)
    at Pool.EventEmitter.emit (domain.js:442:20)
    at Connection.<anonymous> (/home/lalit/webroot/testingtool/node_modules/mongodb-core/lib/connection/pool.js:280:12)
    at Object.onceWrapper (events.js:273:13)
    at Connection.emit (events.js:182:13)
    at Connection.EventEmitter.emit (domain.js:442:20)
    at Socket.<anonymous> (/home/lalit/webroot/testingtool/node_modules/mongodb-core/lib/connection/connection.js:187:49)
    at Object.onceWrapper (events.js:273:13)
    at Socket.emit (events.js:182:13)
    at Socket.EventEmitter.emit (domain.js:442:20)
    at emitErrorNT (internal/streams/destroy.js:82:8)
    at emitErrorAndCloseNT (internal/streams/destroy.js:50:3)
    at process._tickCallback (internal/process/next_tick.js:63:19)
[2018-10-28] APP-ERROR: MongoError: failed to connect to server [127.0.0.1:27017] on first connect [MongoError: connect ECONNREFUSED 127.0.0.1:27017]
    at Pool.<anonymous> (/home/lalit/webroot/testingtool/node_modules/mongodb-core/lib/topologies/server.js:336:35)
    at Pool.emit (events.js:182:13)
    at Pool.EventEmitter.emit (domain.js:442:20)
    at Connection.<anonymous> (/home/lalit/webroot/testingtool/node_modules/mongodb-core/lib/connection/pool.js:280:12)
    at Object.onceWrapper (events.js:273:13)
    at Connection.emit (events.js:182:13)
    at Connection.EventEmitter.emit (domain.js:442:20)
    at Socket.<anonymous> (/home/lalit/webroot/testingtool/node_modules/mongodb-core/lib/connection/connection.js:187:49)
    at Object.onceWrapper (events.js:273:13)
    at Socket.emit (events.js:182:13)
    at Socket.EventEmitter.emit (domain.js:442:20)
    at emitErrorNT (internal/streams/destroy.js:82:8)
    at emitErrorAndCloseNT (internal/streams/destroy.js:50:3)
    at process._tickCallback (internal/process/next_tick.js:63:19)
[2018-10-28] APP-ERROR: MongoError: failed to connect to server [127.0.0.1:27017] on first connect [MongoError: connect ECONNREFUSED 127.0.0.1:27017]
    at Pool.<anonymous> (/home/lalit/webroot/testingtool/node_modules/mongodb-core/lib/topologies/server.js:336:35)
    at Pool.emit (events.js:182:13)
    at Pool.EventEmitter.emit (domain.js:442:20)
    at Connection.<anonymous> (/home/lalit/webroot/testingtool/node_modules/mongodb-core/lib/connection/pool.js:280:12)
    at Object.onceWrapper (events.js:273:13)
    at Connection.emit (events.js:182:13)
    at Connection.EventEmitter.emit (domain.js:442:20)
    at Socket.<anonymous> (/home/lalit/webroot/testingtool/node_modules/mongodb-core/lib/connection/connection.js:187:49)
    at Object.onceWrapper (events.js:273:13)
    at Socket.emit (events.js:182:13)
    at Socket.EventEmitter.emit (domain.js:442:20)
    at emitErrorNT (internal/streams/destroy.js:82:8)
    at emitErrorAndCloseNT (internal/streams/destroy.js:50:3)
    at process._tickCallback (internal/process/next_tick.js:63:19)
[2018-10-28] APP-INFO: Server started at http://0.0.0.0:4000/
[2018-10-28] APP-INFO: Server started at http://0.0.0.0:4000/
[2018-10-28] APP-ERROR: { __v: 0,
  key: 'toPort',
  priority: 1,
  compared_url: 'http://blazedemo.com/reserve.php',
  location: 'post_data',
  reg_count: '$1$',
  reg_name: 'prefEasy_Cor',
  final_regex: '<input type="text" name="toPort" value=(.*?)>',
  scenario: 5b9e004a3bdf8033cfe20edb,
  _id: 5bd56e8d0ddd500d306dbabe,
  second:
   { url: 'http://blazedemo.com/',
     matched: '<input type="text" name="toPort" value="New+York">',
     request: 5bd569b4ffb4760c99a65f7e,
     run: 5ba255b716ba6e92e5ce908c },
  first:
   { url: 'http://blazedemo.com/',
     matched: '<input type="text" name="toPort" value="Rome">',
     request: 5bd5698fffb4760c99a65f6a,
     run: 5b9e004a3bdf8033cfe20eec } }
[2018-10-28] APP-INFO: --> GET /app/run/backtrack 200 3889ms
[2018-10-28] APP-INFO: Server started at http://0.0.0.0:4000/
[2018-10-28] APP-INFO: Server started at http://0.0.0.0:4000/
[2018-10-28] APP-ERROR: { __v: 0,
  key: 'toPort',
  priority: 1,
  compared_url: 'http://blazedemo.com/reserve.php',
  location: 'post_data',
  reg_count: '$1$',
  reg_name: 'prefEasy_Cor',
  final_regex: '<input type="text" name="toPort" value=(.*?)>',
  scenario: 5b9e004a3bdf8033cfe20edb,
  _id: 5bd56f7c3766b90f30112d51,
  second:
   { url: 'http://blazedemo.com/',
     matched: '<input type="text" name="toPort" value="New+York">',
     request: 5bd569b4ffb4760c99a65f7e,
     run: 5ba255b716ba6e92e5ce908c },
  first:
   { url: 'http://blazedemo.com/',
     matched: '<input type="text" name="toPort" value="Rome">',
     request: 5bd5698fffb4760c99a65f6a,
     run: 5b9e004a3bdf8033cfe20eec } }
[2018-10-28] APP-INFO: --> GET /app/run/backtrack 200 3453ms
[2018-10-28] APP-INFO: Server started at http://0.0.0.0:4000/
[2018-10-28] APP-INFO: Server started at http://0.0.0.0:4000/
[2018-10-28] APP-INFO: Server started at http://0.0.0.0:4000/
[2018-10-28] APP-ERROR: { __v: 0,
  key: 'toPort',
  priority: 1,
  compared_url: 'http://blazedemo.com/reserve.php',
  location: 'post_data',
  reg_count: '$1$',
  reg_name: 'prefEasy_Cor',
  final_regex: '<input type="text" name="toPort" value=(.*?)>',
  scenario: 5b9e004a3bdf8033cfe20edb,
  _id: 5bd5702c0a551b10eed3f931,
  second:
   { url: 'http://blazedemo.com/',
     matched: '<input type="text" name="toPort" value="New+York">',
     request: 5bd569b4ffb4760c99a65f7e,
     run: 5ba255b716ba6e92e5ce908c },
  first:
   { url: 'http://blazedemo.com/',
     matched: '<input type="text" name="toPort" value="Rome">',
     request: 5bd5698fffb4760c99a65f6a,
     run: 5b9e004a3bdf8033cfe20eec } }
[2018-10-28] APP-INFO: --> GET /app/run/backtrack 200 3475ms
[2018-10-28] APP-INFO: Server started at http://0.0.0.0:4000/
[2018-10-28] APP-ERROR: { __v: 0,
  key: 'toPort',
  priority: 1,
  compared_url: 'http://blazedemo.com/reserve.php',
  location: 'post_data',
  reg_count: '$1$',
  reg_name: 'prefEasy_Cor',
  final_regex: '<input type="text" name="toPort" value=(.*?)>',
  scenario: 5b9e004a3bdf8033cfe20edb,
  _id: 5bd5716ed1dd5e117c8e1ff3,
  second:
   { url: 'http://blazedemo.com/',
     matched: '<input type="text" name="toPort" value="New+York">',
     request: 5bd569b4ffb4760c99a65f7e,
     run: 5ba255b716ba6e92e5ce908c },
  first:
   { url: 'http://blazedemo.com/',
     matched: '<input type="text" name="toPort" value="Rome">',
     request: 5bd5698fffb4760c99a65f6a,
     run: 5b9e004a3bdf8033cfe20eec } }
[2018-10-28] APP-INFO: --> GET /app/run/backtrack 200 3706ms
[2018-10-28] APP-INFO: Server started at http://0.0.0.0:4000/
[2018-10-28] APP-INFO: Server started at http://0.0.0.0:4000/
[2018-10-28] APP-INFO: Server started at http://0.0.0.0:4000/
[2018-10-28] APP-ERROR: { __v: 0,
  key: 'toPort',
  priority: 1,
  compared_url: 'http://blazedemo.com/reserve.php',
  location: 'post_data',
  reg_count: '$1$',
  reg_name: 'prefEasy_Cor',
  final_regex: '<input type="text" name="toPort" value=(.*?)>',
  scenario: 5b9e004a3bdf8033cfe20edb,
  _id: 5bd57264f51aed12b3a91e64,
  second:
   { url: 'http://blazedemo.com/',
     matched: '<input type="text" name="toPort" value="New+York">',
     request: 5bd569b4ffb4760c99a65f7e,
     run: 5ba255b716ba6e92e5ce908c },
  first:
   { url: 'http://blazedemo.com/',
     matched: '<input type="text" name="toPort" value="Rome">',
     request: 5bd5698fffb4760c99a65f6a,
     run: 5b9e004a3bdf8033cfe20eec } }
[2018-10-28] APP-INFO: --> GET /app/run/backtrack 200 3703ms
[2018-10-28] APP-ERROR: { __v: 0,
  key: 'toPort',
  priority: 1,
  compared_url: 'http://blazedemo.com/reserve.php',
  location: 'post_data',
  reg_count: '$1$',
  reg_name: 'prefEasy_Cor',
  final_regex: '<input type="text" name="toPort" value=(.*?)>',
  scenario: 5b9e004a3bdf8033cfe20edb,
  _id: 5bd572e6f51aed12b3a91e65,
  second:
   { url: 'http://blazedemo.com/',
     matched: '<input type="text" name="toPort" value="New+York">',
     request: 5bd569b4ffb4760c99a65f7e,
     run: 5ba255b716ba6e92e5ce908c },
  first:
   { url: 'http://blazedemo.com/',
     matched: '<input type="text" name="toPort" value="Rome">',
     request: 5bd5698fffb4760c99a65f6a,
     run: 5b9e004a3bdf8033cfe20eec } }
[2018-10-28] APP-INFO: --> GET /app/run/backtrack 200 3836ms
[2018-10-28] APP-INFO: Server started at http://0.0.0.0:4000/
[2018-10-28] APP-ERROR: { __v: 0,
  key: 'toPort',
  priority: 1,
  compared_url: 'http://blazedemo.com/reserve.php',
  location: 'post_data',
  reg_count: '$1$',
  reg_name: 'prefEasy_Cor',
  final_regex: '<input type="text" name="toPort" value=(.*?)>',
  scenario: 5b9e004a3bdf8033cfe20edb,
  _id: 5bd5730af86b3614ef6da152,
  second:
   { url: 'http://blazedemo.com/',
     matched: '<input type="text" name="toPort" value="New+York">',
     request: 5bd569b4ffb4760c99a65f7e,
     run: 5ba255b716ba6e92e5ce908c },
  first:
   { url: 'http://blazedemo.com/',
     matched: '<input type="text" name="toPort" value="Rome">',
     request: 5bd5698fffb4760c99a65f6a,
     run: 5b9e004a3bdf8033cfe20eec } }
[2018-10-28] APP-INFO: --> GET /app/run/backtrack 200 3513ms
[2018-10-28] APP-INFO: Server started at http://0.0.0.0:4000/
[2018-10-28] APP-INFO: Server started at http://0.0.0.0:4000/
[2018-10-28] APP-INFO: Server started at http://0.0.0.0:4000/
[2018-10-28] APP-ERROR: { __v: 0,
  key: 'toPort',
  priority: 1,
  compared_url: 'http://blazedemo.com/reserve.php',
  location: 'post_data',
  reg_count: '$1$',
  reg_name: 'prefEasy_Cor',
  final_regex: '<input type="text" name="toPort" value=(.*?)>',
  scenario: 5b9e004a3bdf8033cfe20edb,
  _id: 5bd573a60ad26d16f6fc3f8c,
  second:
   { url: 'http://blazedemo.com/',
     matched: '<input type="text" name="toPort" value="New+York">',
     request: 5bd569b4ffb4760c99a65f7e,
     run: 5ba255b716ba6e92e5ce908c },
  first:
   { url: 'http://blazedemo.com/',
     matched: '<input type="text" name="toPort" value="Rome">',
     request: 5bd5698fffb4760c99a65f6a,
     run: 5b9e004a3bdf8033cfe20eec } }
[2018-10-28] APP-INFO: --> GET /app/run/backtrack 200 3638ms
[2018-10-28] APP-INFO: Server started at http://0.0.0.0:4000/
[2018-10-28] APP-INFO: Server started at http://0.0.0.0:4000/
[2018-10-28] APP-ERROR: { __v: 0,
  key: 'toPort',
  priority: 1,
  compared_url: 'http://blazedemo.com/reserve.php',
  location: 'post_data',
  reg_count: '$1$',
  reg_name: 'prefEasy_Cor',
  final_regex: '<input type="text" name="toPort" value=(.*?)>',
  scenario: 5b9e004a3bdf8033cfe20edb,
  _id: 5bd578c66b9f9c217fe9d417,
  second:
   { url: 'http://blazedemo.com/',
     matched: '<input type="text" name="toPort" value="New+York">',
     request: 5bd569b4ffb4760c99a65f7e,
     run: 5ba255b716ba6e92e5ce908c },
  first:
   { url: 'http://blazedemo.com/',
     matched: '<input type="text" name="toPort" value="Rome">',
     request: 5bd5698fffb4760c99a65f6a,
     run: 5b9e004a3bdf8033cfe20eec } }
[2018-10-28] APP-ERROR: ReferenceError: post_data is not defined
    at _callee2$ (/home/lalit/webroot/testingtool/src/utility/jmxConstants.js:54:66)
    at tryCatch (/home/lalit/webroot/testingtool/node_modules/regenerator-runtime/runtime.js:65:40)
    at Generator.invoke [as _invoke] (/home/lalit/webroot/testingtool/node_modules/regenerator-runtime/runtime.js:303:22)
    at Generator.prototype.(anonymous function) [as next] (/home/lalit/webroot/testingtool/node_modules/regenerator-runtime/runtime.js:117:21)
    at step (/home/lalit/webroot/testingtool/src/utility/jmxConstants.js:26:191)
    at /home/lalit/webroot/testingtool/src/utility/jmxConstants.js:26:437
    at new Promise (<anonymous>)
    at /home/lalit/webroot/testingtool/src/utility/jmxConstants.js:26:99
    at resolveArray (/home/lalit/webroot/testingtool/src/utility/jmxConstants.js:28:14)
    at RunController._callee10$ (/home/lalit/webroot/testingtool/src/controllers/RunController.js:328:71)
    at tryCatch (/home/lalit/webroot/testingtool/node_modules/regenerator-runtime/runtime.js:65:40)
    at Generator.invoke [as _invoke] (/home/lalit/webroot/testingtool/node_modules/regenerator-runtime/runtime.js:303:22)
    at Generator.prototype.(anonymous function) [as next] (/home/lalit/webroot/testingtool/node_modules/regenerator-runtime/runtime.js:117:21)
    at step (/home/lalit/webroot/testingtool/src/controllers/RunController.js:79:191)
    at /home/lalit/webroot/testingtool/src/controllers/RunController.js:79:361
    at process._tickCallback (internal/process/next_tick.js:68:7)
[2018-10-28] APP-INFO: Server started at http://0.0.0.0:4000/
[2018-10-28] APP-ERROR: { __v: 0,
  key: 'toPort',
  priority: 1,
  compared_url: 'http://blazedemo.com/reserve.php',
  location: 'post_data',
  reg_count: '$1$',
  reg_name: 'prefEasy_Cor',
  final_regex: '<input type="text" name="toPort" value=(.*?)>',
  scenario: 5b9e004a3bdf8033cfe20edb,
  _id: 5bd578f606505621c4ea19ba,
  second:
   { url: 'http://blazedemo.com/',
     matched: '<input type="text" name="toPort" value="New+York">',
     request: 5bd569b4ffb4760c99a65f7e,
     run: 5ba255b716ba6e92e5ce908c },
  first:
   { url: 'http://blazedemo.com/',
     matched: '<input type="text" name="toPort" value="Rome">',
     request: 5bd5698fffb4760c99a65f6a,
     run: 5b9e004a3bdf8033cfe20eec } }
[2018-10-28] APP-ERROR: ReferenceError: post_data is not defined
    at _callee2$ (/home/lalit/webroot/testingtool/src/utility/jmxConstants.js:58:53)
    at tryCatch (/home/lalit/webroot/testingtool/node_modules/regenerator-runtime/runtime.js:65:40)
    at Generator.invoke [as _invoke] (/home/lalit/webroot/testingtool/node_modules/regenerator-runtime/runtime.js:303:22)
    at Generator.prototype.(anonymous function) [as next] (/home/lalit/webroot/testingtool/node_modules/regenerator-runtime/runtime.js:117:21)
    at step (/home/lalit/webroot/testingtool/src/utility/jmxConstants.js:26:191)
    at /home/lalit/webroot/testingtool/src/utility/jmxConstants.js:26:361
    at process._tickCallback (internal/process/next_tick.js:68:7)
[2018-10-28] APP-INFO: Server started at http://0.0.0.0:4000/
[2018-10-28] APP-ERROR: { __v: 0,
  key: 'toPort',
  priority: 1,
  compared_url: 'http://blazedemo.com/reserve.php',
  location: 'post_data',
  reg_count: '$1$',
  reg_name: 'prefEasy_Cor',
  final_regex: '<input type="text" name="toPort" value=(.*?)>',
  scenario: 5b9e004a3bdf8033cfe20edb,
  _id: 5bd579469a5fde231da3082f,
  second:
   { url: 'http://blazedemo.com/',
     matched: '<input type="text" name="toPort" value="New+York">',
     request: 5bd569b4ffb4760c99a65f7e,
     run: 5ba255b716ba6e92e5ce908c },
  first:
   { url: 'http://blazedemo.com/',
     matched: '<input type="text" name="toPort" value="Rome">',
     request: 5bd5698fffb4760c99a65f6a,
     run: 5b9e004a3bdf8033cfe20eec } }
[2018-10-28] APP-INFO: --> GET /app/run/backtrack 200 3796ms
[2018-10-28] APP-ERROR: { __v: 0,
  key: 'toPort',
  priority: 1,
  compared_url: 'http://blazedemo.com/reserve.php',
  location: 'post_data',
  reg_count: '$1$',
  reg_name: 'prefEasy_Cor',
  final_regex: '<input type="text" name="toPort" value=(.*?)>',
  scenario: 5b9e004a3bdf8033cfe20edb,
  _id: 5bd5796d9a5fde231da30830,
  second:
   { url: 'http://blazedemo.com/',
     matched: '<input type="text" name="toPort" value="New+York">',
     request: 5bd569b4ffb4760c99a65f7e,
     run: 5ba255b716ba6e92e5ce908c },
  first:
   { url: 'http://blazedemo.com/',
     matched: '<input type="text" name="toPort" value="Rome">',
     request: 5bd5698fffb4760c99a65f6a,
     run: 5b9e004a3bdf8033cfe20eec } }
[2018-10-28] APP-INFO: --> GET /app/run/backtrack 200 3521ms
[2018-10-28] APP-INFO: Server started at http://0.0.0.0:4000/
[2018-10-28] APP-INFO: Server started at http://0.0.0.0:4000/
[2018-10-28] APP-ERROR: { __v: 0,
  key: 'toPort',
  priority: 1,
  compared_url: 'http://blazedemo.com/reserve.php',
  location: 'post_data',
  reg_count: '$1$',
  reg_name: 'prefEasy_Cor',
  final_regex: '<input type="text" name="toPort" value=(.*?)>',
  scenario: 5b9e004a3bdf8033cfe20edb,
  _id: 5bd57a4b9d520e24e4183c6b,
  second:
   { url: 'http://blazedemo.com/',
     matched: '<input type="text" name="toPort" value="New+York">',
     request: 5bd569b4ffb4760c99a65f7e,
     run: 5ba255b716ba6e92e5ce908c },
  first:
   { url: 'http://blazedemo.com/',
     matched: '<input type="text" name="toPort" value="Rome">',
     request: 5bd5698fffb4760c99a65f6a,
     run: 5b9e004a3bdf8033cfe20eec } }
[2018-10-28] APP-INFO: --> GET /app/run/backtrack 200 3497ms
[2018-10-28] APP-INFO: Server started at http://0.0.0.0:4000/
[2018-10-28] APP-INFO: Server started at http://0.0.0.0:4000/
[2018-10-28] APP-INFO: Server started at http://0.0.0.0:4000/
[2018-10-28] APP-INFO: Server started at http://0.0.0.0:4000/
[2018-10-28] APP-INFO: Server started at http://0.0.0.0:4000/
[2018-10-28] APP-INFO: Server started at http://0.0.0.0:4000/
[2018-10-28] APP-ERROR: { __v: 0,
  key: 'toPort',
  priority: 1,
  compared_url: 'http://blazedemo.com/reserve.php',
  location: 'post_data',
  reg_count: '$1$',
  reg_name: 'prefEasy_Cor',
  final_regex: '<input type="text" name="toPort" value=(.*?)>',
  scenario: 5b9e004a3bdf8033cfe20edb,
  _id: 5bd57ad59421f4277f48954c,
  second:
   { url: 'http://blazedemo.com/',
     matched: '<input type="text" name="toPort" value="New+York">',
     request: 5bd569b4ffb4760c99a65f7e,
     run: 5ba255b716ba6e92e5ce908c },
  first:
   { url: 'http://blazedemo.com/',
     matched: '<input type="text" name="toPort" value="Rome">',
     request: 5bd5698fffb4760c99a65f6a,
     run: 5b9e004a3bdf8033cfe20eec } }
[2018-10-28] APP-INFO: --> GET /app/run/backtrack 200 3593ms
[2018-10-28] APP-INFO: Server started at http://0.0.0.0:4000/
[2018-10-28] APP-INFO: Server started at http://0.0.0.0:4000/
[2018-10-28] APP-INFO: Server started at http://0.0.0.0:4000/
[2018-10-28] APP-INFO: Server started at http://0.0.0.0:4000/
[2018-10-28] APP-ERROR: { __v: 0,
  key: 'toPort',
  priority: 1,
  compared_url: 'http://blazedemo.com/reserve.php',
  location: 'post_data',
  reg_count: '$1$',
  reg_name: 'prefEasy_Cor',
  final_regex: '<input type="text" name="toPort" value=(.*?)>',
  scenario: 5b9e004a3bdf8033cfe20edb,
  difference: 5bd569dfffb4760c99a65f94,
  _id: 5bd5804b7dc48a2a76eb49c6,
  second:
   { url: 'http://blazedemo.com/',
     matched: '<input type="text" name="toPort" value="New+York">',
     request: 5bd569b4ffb4760c99a65f7e,
     run: 5ba255b716ba6e92e5ce908c },
  first:
   { url: 'http://blazedemo.com/',
     matched: '<input type="text" name="toPort" value="Rome">',
     request: 5bd5698fffb4760c99a65f6a,
     run: 5b9e004a3bdf8033cfe20eec } }
[2018-10-28] APP-INFO: --> GET /app/run/backtrack 200 3533ms
[2018-10-28] APP-INFO: Server started at http://0.0.0.0:4000/
[2018-10-28] APP-ERROR: { __v: 0,
  key: 'toPort',
  priority: 1,
  compared_url: 'http://blazedemo.com/reserve.php',
  location: 'post_data',
  reg_count: '$1$',
  reg_name: 'prefEasy_Cor',
  final_regex: '<input type="text" name="toPort" value=(.*?)>',
  scenario: 5b9e004a3bdf8033cfe20edb,
  difference: 5bd569dfffb4760c99a65f94,
  _id: 5bd5811d8e53633060396696,
  second:
   { url: 'http://blazedemo.com/',
     matched: '<input type="text" name="toPort" value="New+York">',
     request: 5bd569b4ffb4760c99a65f7e,
     run: 5ba255b716ba6e92e5ce908c },
  first:
   { url: 'http://blazedemo.com/',
     matched: '<input type="text" name="toPort" value="Rome">',
     request: 5bd5698fffb4760c99a65f6a,
     run: 5b9e004a3bdf8033cfe20eec } }
[2018-10-28] APP-INFO: --> GET /app/run/backtrack 200 3598ms
[2018-10-28] APP-INFO: Server started at http://0.0.0.0:4000/
[2018-10-28] APP-INFO: Server started at http://0.0.0.0:4000/
[2018-10-28] APP-ERROR: { __v: 0,
  key: 'toPort',
  priority: 1,
  compared_url: 'http://blazedemo.com/reserve.php',
  location: 'post_data',
  reg_count: '$1$',
  reg_name: 'prefEasy_Cor',
  final_regex: '<input type="text" name="toPort" value=(.*?)>',
  scenario: 5b9e004a3bdf8033cfe20edb,
  difference: 5bd569dfffb4760c99a65f94,
  _id: 5bd5822ca6f65d329c2ffe58,
  second:
   { url: 'http://blazedemo.com/',
     matched: '<input type="text" name="toPort" value="New+York">',
     request: 5bd569b4ffb4760c99a65f7e,
     run: 5ba255b716ba6e92e5ce908c },
  first:
   { url: 'http://blazedemo.com/',
     matched: '<input type="text" name="toPort" value="Rome">',
     request: 5bd5698fffb4760c99a65f6a,
     run: 5b9e004a3bdf8033cfe20eec } }
[2018-10-28] APP-INFO: --> GET /app/run/backtrack 200 3462ms
[2018-10-28] APP-INFO: Server started at http://0.0.0.0:4000/
[2018-10-28] APP-ERROR: { __v: 0,
  key: 'toPort',
  priority: 1,
  compared_url: 'http://blazedemo.com/reserve.php',
  location: 'post_data',
  reg_count: '$1$',
  reg_name: 'prefEasy_Cor',
  final_regex: '<input type="text" name="toPort" value=(.*?)>',
  scenario: 5b9e004a3bdf8033cfe20edb,
  difference: 5bd569dfffb4760c99a65f94,
  _id: 5bd582f5873956331685752c,
  second:
   { url: 'http://blazedemo.com/',
     matched: '<input type="text" name="toPort" value="New+York">',
     request: 5bd569b4ffb4760c99a65f7e,
     run: 5ba255b716ba6e92e5ce908c },
  first:
   { url: 'http://blazedemo.com/',
     matched: '<input type="text" name="toPort" value="Rome">',
     request: 5bd5698fffb4760c99a65f6a,
     run: 5b9e004a3bdf8033cfe20eec } }
[2018-10-28] APP-INFO: --> GET /app/run/backtrack 200 3629ms
[2018-10-28] APP-INFO: --> GET / 200 383ms
[2018-10-28] APP-ERROR: { __v: 0,
  key: 'toPort',
  priority: 1,
  compared_url: 'http://blazedemo.com/reserve.php',
  location: 'post_data',
  reg_count: '$1$',
  reg_name: 'prefEasy_Cor',
  final_regex: '<input type="text" name="toPort" value=(.*?)>',
  scenario: 5b9e004a3bdf8033cfe20edb,
  difference: 5bd569dfffb4760c99a65f94,
  _id: 5bd583f1873956331685752d,
  second:
   { url: 'http://blazedemo.com/',
     matched: '<input type="text" name="toPort" value="New+York">',
     request: 5bd569b4ffb4760c99a65f7e,
     run: 5ba255b716ba6e92e5ce908c },
  first:
   { url: 'http://blazedemo.com/',
     matched: '<input type="text" name="toPort" value="Rome">',
     request: 5bd5698fffb4760c99a65f6a,
     run: 5b9e004a3bdf8033cfe20eec } }
[2018-10-28] APP-INFO: --> GET /app/run/backtrack 200 3686ms
[2018-10-28] APP-INFO: Server started at http://0.0.0.0:4000/
[2018-10-28] APP-ERROR: { __v: 0,
  key: 'toPort',
  priority: 1,
  compared_url: 'http://blazedemo.com/reserve.php',
  location: 'post_data',
  reg_count: '$1$',
  reg_name: 'prefEasy_Cor',
  final_regex: '<input type="text" name="toPort" value=(.*?)>',
  scenario: 5b9e004a3bdf8033cfe20edb,
  difference: 5bd569dfffb4760c99a65f94,
  _id: 5bd5841d45bd703742352d24,
  second:
   { url: 'http://blazedemo.com/',
     matched: '<input type="text" name="toPort" value="New+York">',
     request: 5bd569b4ffb4760c99a65f7e,
     run: 5ba255b716ba6e92e5ce908c },
  first:
   { url: 'http://blazedemo.com/',
     matched: '<input type="text" name="toPort" value="Rome">',
     request: 5bd5698fffb4760c99a65f6a,
     run: 5b9e004a3bdf8033cfe20eec } }
[2018-10-28] APP-INFO: --> GET /app/run/backtrack 200 3543ms
[2018-10-28] APP-ERROR: { __v: 0,
  key: 'toPort',
  priority: 1,
  compared_url: 'http://blazedemo.com/reserve.php',
  location: 'post_data',
  reg_count: '$1$',
  reg_name: 'prefEasy_Cor',
  final_regex: '<input type="text" name="toPort" value=(.*?)>',
  scenario: 5b9e004a3bdf8033cfe20edb,
  difference: 5bd569dfffb4760c99a65f94,
  _id: 5bd5846e45bd703742352d25,
  second:
   { url: 'http://blazedemo.com/',
     matched: '<input type="text" name="toPort" value="New+York">',
     request: 5bd569b4ffb4760c99a65f7e,
     run: 5ba255b716ba6e92e5ce908c },
  first:
   { url: 'http://blazedemo.com/',
     matched: '<input type="text" name="toPort" value="Rome">',
     request: 5bd5698fffb4760c99a65f6a,
     run: 5b9e004a3bdf8033cfe20eec } }
[2018-10-28] APP-INFO: --> GET /app/run/backtrack 200 3739ms
[2018-10-28] APP-INFO: Server started at http://0.0.0.0:4000/
[2018-10-28] APP-ERROR: MongoError: failed to connect to server [127.0.0.1:27017] on first connect [MongoError: connect ECONNREFUSED 127.0.0.1:27017]
    at Pool.<anonymous> (/home/lalit/webroot/testingtool/node_modules/mongodb-core/lib/topologies/server.js:336:35)
    at Pool.emit (events.js:182:13)
    at Pool.EventEmitter.emit (domain.js:442:20)
    at Connection.<anonymous> (/home/lalit/webroot/testingtool/node_modules/mongodb-core/lib/connection/pool.js:280:12)
    at Object.onceWrapper (events.js:273:13)
    at Connection.emit (events.js:182:13)
    at Connection.EventEmitter.emit (domain.js:442:20)
    at Socket.<anonymous> (/home/lalit/webroot/testingtool/node_modules/mongodb-core/lib/connection/connection.js:187:49)
    at Object.onceWrapper (events.js:273:13)
    at Socket.emit (events.js:182:13)
    at Socket.EventEmitter.emit (domain.js:442:20)
    at emitErrorNT (internal/streams/destroy.js:82:8)
    at emitErrorAndCloseNT (internal/streams/destroy.js:50:3)
    at process._tickCallback (internal/process/next_tick.js:63:19)
[2018-10-28] APP-ERROR: MongoError: failed to connect to server [127.0.0.1:27017] on first connect [MongoError: connect ECONNREFUSED 127.0.0.1:27017]
    at Pool.<anonymous> (/home/lalit/webroot/testingtool/node_modules/mongodb-core/lib/topologies/server.js:336:35)
    at Pool.emit (events.js:182:13)
    at Pool.EventEmitter.emit (domain.js:442:20)
    at Connection.<anonymous> (/home/lalit/webroot/testingtool/node_modules/mongodb-core/lib/connection/pool.js:280:12)
    at Object.onceWrapper (events.js:273:13)
    at Connection.emit (events.js:182:13)
    at Connection.EventEmitter.emit (domain.js:442:20)
    at Socket.<anonymous> (/home/lalit/webroot/testingtool/node_modules/mongodb-core/lib/connection/connection.js:187:49)
    at Object.onceWrapper (events.js:273:13)
    at Socket.emit (events.js:182:13)
    at Socket.EventEmitter.emit (domain.js:442:20)
    at emitErrorNT (internal/streams/destroy.js:82:8)
    at emitErrorAndCloseNT (internal/streams/destroy.js:50:3)
    at process._tickCallback (internal/process/next_tick.js:63:19)
[2018-10-28] APP-ERROR: MongoError: failed to connect to server [127.0.0.1:27017] on first connect [MongoError: connect ECONNREFUSED 127.0.0.1:27017]
    at Pool.<anonymous> (/home/lalit/webroot/testingtool/node_modules/mongodb-core/lib/topologies/server.js:336:35)
    at Pool.emit (events.js:182:13)
    at Pool.EventEmitter.emit (domain.js:442:20)
    at Connection.<anonymous> (/home/lalit/webroot/testingtool/node_modules/mongodb-core/lib/connection/pool.js:280:12)
    at Object.onceWrapper (events.js:273:13)
    at Connection.emit (events.js:182:13)
    at Connection.EventEmitter.emit (domain.js:442:20)
    at Socket.<anonymous> (/home/lalit/webroot/testingtool/node_modules/mongodb-core/lib/connection/connection.js:187:49)
    at Object.onceWrapper (events.js:273:13)
    at Socket.emit (events.js:182:13)
    at Socket.EventEmitter.emit (domain.js:442:20)
    at emitErrorNT (internal/streams/destroy.js:82:8)
    at emitErrorAndCloseNT (internal/streams/destroy.js:50:3)
    at process._tickCallback (internal/process/next_tick.js:63:19)
[2018-10-28] APP-ERROR: MongoError: failed to connect to server [127.0.0.1:27017] on first connect [MongoError: connect ECONNREFUSED 127.0.0.1:27017]
    at Pool.<anonymous> (/home/lalit/webroot/testingtool/node_modules/mongodb-core/lib/topologies/server.js:336:35)
    at Pool.emit (events.js:182:13)
    at Pool.EventEmitter.emit (domain.js:442:20)
    at Connection.<anonymous> (/home/lalit/webroot/testingtool/node_modules/mongodb-core/lib/connection/pool.js:280:12)
    at Object.onceWrapper (events.js:273:13)
    at Connection.emit (events.js:182:13)
    at Connection.EventEmitter.emit (domain.js:442:20)
    at Socket.<anonymous> (/home/lalit/webroot/testingtool/node_modules/mongodb-core/lib/connection/connection.js:187:49)
    at Object.onceWrapper (events.js:273:13)
    at Socket.emit (events.js:182:13)
    at Socket.EventEmitter.emit (domain.js:442:20)
    at emitErrorNT (internal/streams/destroy.js:82:8)
    at emitErrorAndCloseNT (internal/streams/destroy.js:50:3)
    at process._tickCallback (internal/process/next_tick.js:63:19)
