[2018-11-05] APP-INFO: --> GET /app 200 10ms
[2018-11-05] APP-INFO: --> GET /app/project/5bded4d787b1cf0b17e5f067/scenarios 200 10ms
[2018-11-05] APP-INFO: --> GET /app 200 14ms
[2018-11-05] APP-INFO: --> GET /app/project/5bded4d787b1cf0b17e5f067/scenarios 200 126ms
[2018-11-05] APP-INFO: --> POST /app/project/5bded4d787b1cf0b17e5f067/app/scenario/save 200 5ms
[2018-11-05] APP-INFO: --> GET /app/project/5bded4d787b1cf0b17e5f067/scenarios 200 14ms
[2018-11-05] APP-INFO: --> GET /app/project/5bded4d787b1cf0b17e5f067/scenarios 200 14ms
[2018-11-05] APP-INFO: --> GET /app/project/5bded4d787b1cf0b17e5f067/scenarios 200 15ms
[2018-11-05] APP-INFO: --> POST /app/project/5bded4d787b1cf0b17e5f067/app/scenario/save 200 4ms
[2018-11-05] APP-INFO: --> GET /app/project/5bded4d787b1cf0b17e5f067/scenarios 200 9ms
[2018-11-05] APP-INFO: --> GET /app/project/5bded4d787b1cf0b17e5f067/scenarios 200 10ms
[2018-11-05] APP-INFO: --> GET /app/project/5bded4d787b1cf0b17e5f067/scenarios 200 13ms
[2018-11-05] APP-INFO: --> GET /app/project/5bded4d787b1cf0b17e5f067/scenarios 200 10ms
[2018-11-05] APP-INFO: --> GET /app/project/5bded4d787b1cf0b17e5f067/scenarios 200 15ms
[2018-11-05] APP-INFO: --> GET /app/project/5bded4d787b1cf0b17e5f067/scenarios 200 16ms
[2018-11-05] APP-INFO: --> POST /app/project/5bded4d787b1cf0b17e5f067/app/scenario/save 200 5ms
[2018-11-05] APP-INFO: --> GET /app/project/5bded4d787b1cf0b17e5f067/scenarios 200 14ms
[2018-11-05] APP-INFO: --> GET /app/project/5bded4d787b1cf0b17e5f067/scenarios 200 11ms
[2018-11-05] APP-INFO: --> POST /app/project/5bded4d787b1cf0b17e5f067/app/scenario/save 200 3ms
[2018-11-05] APP-INFO: --> GET /app/auth/login 200 66ms
[2018-11-05] APP-INFO: Server started at http://0.0.0.0:4000/
[2018-11-05] APP-INFO: Server started at http://0.0.0.0:4000/
[2018-11-05] APP-INFO: --> GET /app/auth/login 200 22ms
[2018-11-05] APP-INFO: Server started at http://0.0.0.0:4000/
[2018-11-05] APP-INFO: --> GET /app/auth/login 200 22ms
[2018-11-05] APP-INFO: --> POST /app/project/5bded4d787b1cf0b17e5f067/app/scenario/save 200 36ms
[2018-11-05] APP-INFO: Server started at http://0.0.0.0:4000/
[2018-11-05] APP-INFO: --> GET /app/project/5bded4d787b1cf0b17e5f067/scenarios 200 144ms
[2018-11-05] APP-INFO: --> POST /app/project/5bded4d787b1cf0b17e5f067/app/scenario/save 200 10ms
[2018-11-05] APP-INFO: --> GET /app/project/5bded4d787b1cf0b17e5f067/scenarios 200 22ms
[2018-11-05] APP-INFO: --> GET /app/project/5bded4d787b1cf0b17e5f067/scenarios 200 19ms
[2018-11-05] APP-INFO: --> GET /app/project/5bded4d787b1cf0b17e5f067/scenarios 200 15ms
[2018-11-05] APP-INFO: --> GET /app/project/5bded4d787b1cf0b17e5f067/scenarios 200 15ms
[2018-11-05] APP-INFO: --> GET /app/project/5bded4d787b1cf0b17e5f067/scenarios 200 20ms
[2018-11-05] APP-INFO: --> POST /app/project/5bded4d787b1cf0b17e5f067/app/scenario/save 200 6ms
[2018-11-05] APP-INFO: --> GET /app/project/5bded4d787b1cf0b17e5f067/scenarios 200 16ms
[2018-11-05] APP-INFO: --> GET /app/project/5bded4d787b1cf0b17e5f067/scenarios 200 14ms
[2018-11-05] APP-INFO: --> GET /app/project/5bded4d787b1cf0b17e5f067/scenarios 200 15ms
[2018-11-05] APP-INFO: --> GET /app/project/5bded4d787b1cf0b17e5f067/scenarios 200 12ms
[2018-11-05] APP-INFO: --> POST /app/project/5bded4d787b1cf0b17e5f067/app/scenario/save 200 4ms
[2018-11-05] APP-INFO: --> GET /app/project/5bded4d787b1cf0b17e5f067/scenarios 200 22ms
[2018-11-05] APP-INFO: --> GET /app/project/5bded4d787b1cf0b17e5f067/scenarios 200 30ms
[2018-11-05] APP-INFO: --> GET /app/project/5bded4d787b1cf0b17e5f067/scenarios 200 15ms
[2018-11-05] APP-INFO: --> POST /app/project/5bded4d787b1cf0b17e5f067/scenarios 200 2ms
[2018-11-05] APP-INFO: --> GET /app/project/5bded4d787b1cf0b17e5f067/scenarios 200 11ms
[2018-11-05] APP-INFO: --> GET /app/project/5bded4d787b1cf0b17e5f067/scenarios 200 14ms
[2018-11-05] APP-INFO: --> GET /app/project/5bded4d787b1cf0b17e5f067/scenarios 200 19ms
[2018-11-05] APP-INFO: --> GET /app/project/5bded4d787b1cf0b17e5f067/scenarios 200 12ms
[2018-11-05] APP-INFO: --> GET /app/project/5bded4d787b1cf0b17e5f067/scenarios 200 15ms
[2018-11-05] APP-INFO: --> GET /app/project/5bded4d787b1cf0b17e5f067/scenarios 200 13ms
[2018-11-05] APP-INFO: --> GET /app/project/5bded4d787b1cf0b17e5f067/scenarios 200 10ms
[2018-11-05] APP-INFO: --> GET /app/project/5bded4d787b1cf0b17e5f067/scenarios 200 12ms
[2018-11-05] APP-INFO: --> GET /app/project/5bded4d787b1cf0b17e5f067/scenarios 200 15ms
[2018-11-05] APP-INFO: --> GET /app/project/5bded4d787b1cf0b17e5f067/scenarios 200 10ms
[2018-11-05] APP-INFO: --> GET /app/project/5bded4d787b1cf0b17e5f067/scenarios 200 11ms
[2018-11-05] APP-INFO: --> GET /app/project/5bded4d787b1cf0b17e5f067/scenarios 200 13ms
[2018-11-05] APP-INFO: --> GET /app/project/5bded4d787b1cf0b17e5f067/scenarios 200 12ms
[2018-11-05] APP-INFO: --> GET /app/project/5bded4d787b1cf0b17e5f067/scenarios 200 11ms
[2018-11-05] APP-INFO: --> GET /app/project/5bded4d787b1cf0b17e5f067/scenarios 200 14ms
[2018-11-05] APP-INFO: --> GET /app/project/5bded4d787b1cf0b17e5f067/scenarios 200 12ms
[2018-11-05] APP-INFO: --> GET /app/project/5bded4d787b1cf0b17e5f067/scenarios 200 10ms
[2018-11-05] APP-INFO: --> GET /app/project/5bded4d787b1cf0b17e5f067/scenarios 200 13ms
[2018-11-05] APP-INFO: --> GET /app/project/5bded4d787b1cf0b17e5f067/scenarios 200 9ms
[2018-11-05] APP-INFO: --> GET /app/project/5bded4d787b1cf0b17e5f067/scenarios 200 11ms
[2018-11-05] APP-INFO: --> GET /app/project/5bded4d787b1cf0b17e5f067/scenarios 200 11ms
[2018-11-05] APP-INFO: --> GET /app/project/5bded4d787b1cf0b17e5f067/scenarios 200 12ms
[2018-11-05] APP-INFO: --> GET /app/project/5bded4d787b1cf0b17e5f067/scenarios 200 8ms
[2018-11-05] APP-INFO: --> GET /app/project/5bded4d787b1cf0b17e5f067/scenarios 200 12ms
[2018-11-05] APP-INFO: --> GET /app/project/5bded4d787b1cf0b17e5f067/scenarios 200 12ms
[2018-11-05] APP-INFO: --> GET /app/project/5bded4d787b1cf0b17e5f067/scenarios 200 13ms
[2018-11-05] APP-INFO: --> GET /app/project/5bded4d787b1cf0b17e5f067/scenarios 200 12ms
[2018-11-05] APP-INFO: --> GET /app/project/5bded4d787b1cf0b17e5f067/scenarios 200 25ms
[2018-11-05] APP-INFO: --> GET /app/project/5bded4d787b1cf0b17e5f067/scenarios 200 10ms
[2018-11-05] APP-INFO: --> POST /app/project/5bded4d787b1cf0b17e5f067/scenarios 200 2ms
[2018-11-05] APP-INFO: --> GET /app/auth/login 200 4ms
[2018-11-05] APP-INFO: --> GET /app/project/5bded4d787b1cf0b17e5f067/scenarios 200 9ms
[2018-11-05] APP-INFO: --> GET /app/project/5bded4d787b1cf0b17e5f067/scenarios 200 13ms
[2018-11-05] APP-INFO: --> GET /app/project/5bded4d787b1cf0b17e5f067/scenarios 200 11ms
[2018-11-05] APP-INFO: --> GET /app/project/5bded4d787b1cf0b17e5f067/scenarios 200 10ms
[2018-11-05] APP-INFO: --> GET /app/project/5bded4d787b1cf0b17e5f067/scenarios 200 9ms
[2018-11-05] APP-INFO: --> GET /app/project/5bded4d787b1cf0b17e5f067/scenarios 200 9ms
[2018-11-05] APP-INFO: --> POST /app/scenario/save 200 9ms
[2018-11-05] APP-INFO: --> GET /app/project/5bded4d787b1cf0b17e5f067/scenarios 200 12ms
[2018-11-05] APP-INFO: --> GET /app/project/5bded4d787b1cf0b17e5f067/scenarios 200 16ms
[2018-11-05] APP-INFO: --> GET /app/project/5bded4d787b1cf0b17e5f067/scenarios 200 12ms
[2018-11-05] APP-INFO: --> GET /app/project/5bded4d787b1cf0b17e5f067/scenarios 200 15ms
[2018-11-05] APP-INFO: --> GET /app/project/5bded4d787b1cf0b17e5f067/scenarios 200 14ms
[2018-11-05] APP-INFO: --> GET /app/project/5bded4d787b1cf0b17e5f067/scenarios 200 14ms
[2018-11-05] APP-INFO: --> GET /app/project/5bded4d787b1cf0b17e5f067/scenarios 200 11ms
[2018-11-05] APP-INFO: --> POST /app/scenario/save 200 4ms
[2018-11-05] APP-INFO: --> GET /app/project/5bded4d787b1cf0b17e5f067/scenarios 200 13ms
[2018-11-05] APP-INFO: --> POST /app/scenario/delete 200 129ms
[2018-11-05] APP-INFO: --> GET /app/project/5bded4d787b1cf0b17e5f067/scenarios 200 15ms
[2018-11-05] APP-INFO: --> POST /app/scenario/delete 200 15ms
[2018-11-05] APP-INFO: --> GET /app/project/5bded4d787b1cf0b17e5f067/scenarios 200 21ms
[2018-11-05] APP-INFO: --> POST /app/scenario/save 200 12ms
[2018-11-05] APP-INFO: --> GET /app/project/5bded4d787b1cf0b17e5f067/scenarios 200 17ms
[2018-11-05] APP-INFO: --> GET /app/scenario/5bdf59af82330e1d644421bf/runs 200 19ms
[2018-11-05] APP-INFO: --> POST /app/run/save 200 66ms
[2018-11-05] APP-INFO: --> GET /app/scenario/5bdf59af82330e1d644421bf/runs 200 33ms
[2018-11-05] APP-INFO: --> POST /app/scenario/delete 204 5ms
[2018-11-05] APP-INFO: --> POST /app/scenario/delete 204 2ms
[2018-11-05] APP-INFO: --> GET /app/project/5bded4d787b1cf0b17e5f067/scenarios 200 12ms
[2018-11-05] APP-INFO: --> POST /app/scenario/delete 200 13ms
[2018-11-05] APP-INFO: --> GET /app/project/5bded4d787b1cf0b17e5f067/scenarios 200 10ms
[2018-11-05] APP-INFO: --> GET /app/projects 200 41ms
[2018-11-05] APP-INFO: --> GET /app/project/5b16ca833192d5212014da03/scenarios 200 12ms
[2018-11-05] APP-INFO: --> GET /app/scenario/5b9e004a3bdf8033cfe20edb/runs 200 29ms
[2018-11-05] APP-INFO: --> GET /app/scenario/5b9e004a3bdf8033cfe20edb/differnces 200 33ms
[2018-11-05] APP-INFO: --> GET /app/scenario/5b9e004a3bdf8033cfe20edb/runs 200 31ms
[2018-11-05] APP-INFO: --> POST /app/run/compare 200 6ms
[2018-11-05] APP-INFO: --> GET /app/scenario/5b9e004a3bdf8033cfe20edb/differnces 200 20ms
[2018-11-05] APP-INFO: --> GET /app/scenario/5b9e004a3bdf8033cfe20edb/corelations 200 67ms
[2018-11-05] APP-INFO: --> GET /app/scenario/5b9e004a3bdf8033cfe20edb/corelations 200 14ms
[2018-11-05] APP-INFO: --> GET /app/scenario/5b9e004a3bdf8033cfe20edb/differnces 200 14ms
[2018-11-05] APP-INFO: --> GET /app/scenario/5b9e004a3bdf8033cfe20edb/corelations 200 13ms
[2018-11-05] APP-INFO: --> GET /app/scenario/5b9e004a3bdf8033cfe20edb/corelations 200 15ms
[2018-11-05] APP-INFO: --> GET /app/scenario/5b9e004a3bdf8033cfe20edb/corelations 200 15ms
[2018-11-05] APP-INFO: --> GET /app/scenario/5b9e004a3bdf8033cfe20edb/corelations 200 13ms
[2018-11-05] APP-INFO: --> GET /app/scenario/5b9e004a3bdf8033cfe20edb/corelations 200 13ms
[2018-11-05] APP-INFO: --> GET /app/scenario/5b9e004a3bdf8033cfe20edb/corelations 200 14ms
[2018-11-05] APP-INFO: --> GET /app/scenario/5b9e004a3bdf8033cfe20edb/corelations 200 73ms
[2018-11-05] APP-INFO: --> GET /app/scenario/5b9e004a3bdf8033cfe20edb/differnces 200 30ms
[2018-11-05] APP-INFO: --> GET /app 200 390ms
[2018-11-05] APP-INFO: --> GET /app/project/5b16ca833192d5212014da03/scenarios 200 872ms
[2018-11-05] APP-INFO: --> GET /app/scenario/5b9e004a3bdf8033cfe20edb/runs 200 195ms
[2018-11-05] APP-INFO: --> GET /app/scenario/5b9e004a3bdf8033cfe20edb/corelations 200 126ms
[2018-11-05] APP-INFO: --> GET /app/scenario/5b9e004a3bdf8033cfe20edb/differnces 200 291ms
[2018-11-05] APP-INFO: --> GET /favicon.ico 200 36ms
[2018-11-05] APP-INFO: --> GET /app/scenario/5b9e004a3bdf8033cfe20edb/runs 200 18ms
