[2018-10-24] APP-INFO: Server started at http://0.0.0.0:8080/
[2018-10-24] APP-INFO: Server started at http://0.0.0.0:8080/
[2018-10-24] APP-ERROR: { __v: 0,
  key: 'toPort',
  priority: 1,
  compared_url: 'http://blazedemo.com/reserve.php',
  location: 'post_data',
  reg_count: '',
  optimal_reg_number: null,
  final_regex: 'false>',
  scenario: 5b9e004a3bdf8033cfe20edb,
  _id: 5bd09599b310ed28abbf3ad6,
  second:
   { url: 'http://blazedemo.com/',
     matched: '<input type="text" name="toPort" value="New York">',
     request: 5bcc497696a1a92eedbffd22,
     run: 5ba255b716ba6e92e5ce908c },
  first:
   { url: 'http://blazedemo.com/',
     matched: '<input type="text" name="toPort" value="Rome">',
     request: 5bcc492c96a1a92eedbffd0e,
     run: 5b9e004a3bdf8033cfe20eec } }
[2018-10-24] APP-INFO: xxx GET /app/run/backtrack 404 2744ms
[2018-10-24] APP-INFO: Server started at http://0.0.0.0:8080/
[2018-10-24] APP-INFO: Server started at http://0.0.0.0:8080/
[2018-10-24] APP-INFO: Server started at http://0.0.0.0:8080/
[2018-10-24] APP-ERROR: { __v: 0,
  key: 'toPort',
  priority: 1,
  compared_url: 'http://blazedemo.com/reserve.php',
  location: 'post_data',
  reg_count: '',
  optimal_reg_number: null,
  final_regex: 'false>',
  scenario: 5b9e004a3bdf8033cfe20edb,
  _id: 5bd0961d1ac5ed2a7721a2fd,
  second:
   { url: 'http://blazedemo.com/',
     matched: '<input type="text" name="toPort" value="New York">',
     request: 5bcc497696a1a92eedbffd22,
     run: 5ba255b716ba6e92e5ce908c },
  first:
   { url: 'http://blazedemo.com/',
     matched: '<input type="text" name="toPort" value="Rome">',
     request: 5bcc492c96a1a92eedbffd0e,
     run: 5b9e004a3bdf8033cfe20eec } }
[2018-10-24] APP-INFO: xxx GET /app/run/backtrack 404 2152ms
[2018-10-24] APP-INFO: Server started at http://0.0.0.0:8080/
[2018-10-24] APP-INFO: Server started at http://0.0.0.0:8080/
[2018-10-24] APP-INFO: Server started at http://0.0.0.0:8080/
[2018-10-24] APP-ERROR: { __v: 0,
  key: 'toPort',
  priority: 1,
  compared_url: 'http://blazedemo.com/reserve.php',
  location: 'post_data',
  reg_count: '',
  optimal_reg_number: null,
  final_regex: 'false>',
  scenario: 5b9e004a3bdf8033cfe20edb,
  _id: 5bd096f3df94f62c1988d18c,
  second:
   { url: 'http://blazedemo.com/',
     matched: '<input type="text" name="toPort" value="New York">',
     request: 5bcc497696a1a92eedbffd22,
     run: 5ba255b716ba6e92e5ce908c },
  first:
   { url: 'http://blazedemo.com/',
     matched: '<input type="text" name="toPort" value="Rome">',
     request: 5bcc492c96a1a92eedbffd0e,
     run: 5b9e004a3bdf8033cfe20eec } }
[2018-10-24] APP-INFO: xxx GET /app/run/backtrack 404 2228ms
[2018-10-24] APP-INFO: Server started at http://0.0.0.0:8080/
[2018-10-24] APP-INFO: Server started at http://0.0.0.0:8080/
[2018-10-24] APP-ERROR: { __v: 0,
  key: 'toPort',
  priority: 1,
  compared_url: 'http://blazedemo.com/reserve.php',
  location: 'post_data',
  reg_count: '',
  optimal_reg_number: null,
  final_regex: 'false>',
  scenario: 5b9e004a3bdf8033cfe20edb,
  _id: 5bd09793cfc1d62ef081a829,
  second:
   { url: 'http://blazedemo.com/',
     matched: '<input type="text" name="toPort" value="New York">',
     request: 5bcc497696a1a92eedbffd22,
     run: 5ba255b716ba6e92e5ce908c },
  first:
   { url: 'http://blazedemo.com/',
     matched: '<input type="text" name="toPort" value="Rome">',
     request: 5bcc492c96a1a92eedbffd0e,
     run: 5b9e004a3bdf8033cfe20eec } }
[2018-10-24] APP-INFO: xxx GET /app/run/backtrack 404 2107ms
[2018-10-24] APP-INFO: Server started at http://0.0.0.0:8080/
[2018-10-24] APP-INFO: Server started at http://0.0.0.0:8080/
[2018-10-24] APP-INFO: Server started at http://0.0.0.0:8080/
[2018-10-24] APP-INFO: Server started at http://0.0.0.0:8080/
[2018-10-24] APP-ERROR: { __v: 0,
  key: 'toPort',
  priority: 1,
  compared_url: 'http://blazedemo.com/reserve.php',
  location: 'post_data',
  reg_count: '',
  optimal_reg_number: null,
  final_regex: 'false>',
  scenario: 5b9e004a3bdf8033cfe20edb,
  _id: 5bd09a1648271b30be45ed5b,
  second:
   { url: 'http://blazedemo.com/',
     matched: '<input type="text" name="toPort" value="New York">',
     request: 5bcc497696a1a92eedbffd22,
     run: 5ba255b716ba6e92e5ce908c },
  first:
   { url: 'http://blazedemo.com/',
     matched: '<input type="text" name="toPort" value="Rome">',
     request: 5bcc492c96a1a92eedbffd0e,
     run: 5b9e004a3bdf8033cfe20eec } }
[2018-10-24] APP-INFO: xxx GET /app/run/backtrack 404 1951ms
[2018-10-24] APP-INFO: Server started at http://0.0.0.0:8080/
[2018-10-24] APP-ERROR: { __v: 0,
  key: 'toPort',
  priority: 1,
  compared_url: 'http://blazedemo.com/reserve.php',
  location: 'post_data',
  reg_count: '',
  optimal_reg_number: null,
  final_regex: 'false>',
  scenario: 5b9e004a3bdf8033cfe20edb,
  _id: 5bd09a2e4fc612312cf4b7c4,
  second:
   { url: 'http://blazedemo.com/',
     matched: '<input type="text" name="toPort" value="New York">',
     request: 5bcc497696a1a92eedbffd22,
     run: 5ba255b716ba6e92e5ce908c },
  first:
   { url: 'http://blazedemo.com/',
     matched: '<input type="text" name="toPort" value="Rome">',
     request: 5bcc492c96a1a92eedbffd0e,
     run: 5b9e004a3bdf8033cfe20eec } }
[2018-10-24] APP-INFO: xxx GET /app/run/backtrack 404 2065ms
[2018-10-24] APP-INFO: Server started at http://0.0.0.0:8080/
[2018-10-24] APP-INFO: Server started at http://0.0.0.0:8080/
[2018-10-24] APP-INFO: Server started at http://0.0.0.0:8080/
[2018-10-24] APP-ERROR: TypeError: Cannot read property 'value' of undefined
    at backtrack._callee4$ (/home/lalit/webroot/testingtool/src/cron/backtrack.js:399:76)
    at tryCatch (/home/lalit/webroot/testingtool/node_modules/regenerator-runtime/runtime.js:65:40)
    at Generator.invoke [as _invoke] (/home/lalit/webroot/testingtool/node_modules/regenerator-runtime/runtime.js:303:22)
    at Generator.prototype.(anonymous function) [as next] (/home/lalit/webroot/testingtool/node_modules/regenerator-runtime/runtime.js:117:21)
    at step (/home/lalit/webroot/testingtool/src/cron/backtrack.js:55:191)
    at /home/lalit/webroot/testingtool/src/cron/backtrack.js:55:361
    at process._tickCallback (internal/process/next_tick.js:68:7)
[2018-10-24] APP-INFO: Server started at http://0.0.0.0:8080/
[2018-10-24] APP-INFO: Server started at http://0.0.0.0:8080/
[2018-10-24] APP-INFO: Server started at http://0.0.0.0:8080/
[2018-10-24] APP-ERROR: TypeError: forFinalReg[0].attribs.value.reaplce is not a function
    at backtrack._callee4$ (/home/lalit/webroot/testingtool/src/cron/backtrack.js:399:85)
    at tryCatch (/home/lalit/webroot/testingtool/node_modules/regenerator-runtime/runtime.js:65:40)
    at Generator.invoke [as _invoke] (/home/lalit/webroot/testingtool/node_modules/regenerator-runtime/runtime.js:303:22)
    at Generator.prototype.(anonymous function) [as next] (/home/lalit/webroot/testingtool/node_modules/regenerator-runtime/runtime.js:117:21)
    at step (/home/lalit/webroot/testingtool/src/cron/backtrack.js:55:191)
    at /home/lalit/webroot/testingtool/src/cron/backtrack.js:55:361
    at process._tickCallback (internal/process/next_tick.js:68:7)
[2018-10-24] APP-INFO: Server started at http://0.0.0.0:8080/
[2018-10-24] APP-INFO: xxx GET /app/run/backtrack 404 2555ms
[2018-10-24] APP-ERROR: { __v: 0,
  key: 'toPort',
  priority: 1,
  compared_url: 'http://blazedemo.com/reserve.php',
  location: 'post_data',
  reg_count: '$1$',
  optimal_reg_number: null,
  final_regex: '<input type="text" name="toPort" value=(.*?)>',
  scenario: 5b9e004a3bdf8033cfe20edb,
  _id: 5bd09c576dd5133562fbed01,
  second:
   { url: 'http://blazedemo.com/',
     matched: '<input type="text" name="toPort" value="New+York">',
     request: 5bcc497696a1a92eedbffd22,
     run: 5ba255b716ba6e92e5ce908c },
  first:
   { url: 'http://blazedemo.com/',
     matched: '<input type="text" name="toPort" value="Rome">',
     request: 5bcc492c96a1a92eedbffd0e,
     run: 5b9e004a3bdf8033cfe20eec } }
[2018-10-24] APP-INFO: Server started at http://0.0.0.0:8080/
[2018-10-24] APP-ERROR: { __v: 0,
  key: 'toPort',
  priority: 1,
  compared_url: 'http://blazedemo.com/reserve.php',
  location: 'post_data',
  reg_count: '$1$',
  optimal_reg_number: null,
  final_regex: '<input type="text" name="toPort" value=(.*?)>',
  scenario: 5b9e004a3bdf8033cfe20edb,
  _id: 5bd09c746afc9736d826b21d,
  second:
   { url: 'http://blazedemo.com/',
     matched: '<input type="text" name="toPort" value="New+York">',
     request: 5bcc497696a1a92eedbffd22,
     run: 5ba255b716ba6e92e5ce908c },
  first:
   { url: 'http://blazedemo.com/',
     matched: '<input type="text" name="toPort" value="Rome">',
     request: 5bcc492c96a1a92eedbffd0e,
     run: 5b9e004a3bdf8033cfe20eec } }
[2018-10-24] APP-INFO: xxx GET /app/run/backtrack 404 2043ms
[2018-10-24] APP-INFO: Server started at http://0.0.0.0:8080/
[2018-10-24] APP-INFO: Server started at http://0.0.0.0:8080/
[2018-10-24] APP-ERROR: { __v: 0,
  key: 'toPort',
  priority: 1,
  compared_url: 'http://blazedemo.com/reserve.php',
  location: 'post_data',
  reg_count: '$1$',
  optimal_reg_number: null,
  final_regex: '<input type="text" name="toPort" value=(.*?)>',
  scenario: 5b9e004a3bdf8033cfe20edb,
  _id: 5bd09d5d0eff1437f9861a95,
  second:
   { url: 'http://blazedemo.com/',
     matched: '<input type="text" name="toPort" value="New+York">',
     request: 5bcc497696a1a92eedbffd22,
     run: 5ba255b716ba6e92e5ce908c },
  first:
   { url: 'http://blazedemo.com/',
     matched: '<input type="text" name="toPort" value="Rome">',
     request: 5bcc492c96a1a92eedbffd0e,
     run: 5b9e004a3bdf8033cfe20eec } }
[2018-10-24] APP-INFO: xxx GET /app/run/backtrack 404 1924ms
[2018-10-24] APP-INFO: Server started at http://0.0.0.0:8080/
[2018-10-24] APP-ERROR: ReferenceError: value is not defined
    at backtrack._callee4$ (/home/lalit/webroot/testingtool/src/cron/backtrack.js:375:56)
    at tryCatch (/home/lalit/webroot/testingtool/node_modules/regenerator-runtime/runtime.js:65:40)
    at Generator.invoke [as _invoke] (/home/lalit/webroot/testingtool/node_modules/regenerator-runtime/runtime.js:303:22)
    at Generator.prototype.(anonymous function) [as next] (/home/lalit/webroot/testingtool/node_modules/regenerator-runtime/runtime.js:117:21)
    at step (/home/lalit/webroot/testingtool/src/cron/backtrack.js:55:191)
    at /home/lalit/webroot/testingtool/src/cron/backtrack.js:55:361
    at process._tickCallback (internal/process/next_tick.js:68:7)
[2018-10-24] APP-INFO: Server started at http://0.0.0.0:8080/
[2018-10-24] APP-INFO: Server started at http://0.0.0.0:8080/
[2018-10-24] APP-ERROR: ReferenceError: value is not defined
    at backtrack._callee4$ (/home/lalit/webroot/testingtool/src/cron/backtrack.js:376:56)
    at tryCatch (/home/lalit/webroot/testingtool/node_modules/regenerator-runtime/runtime.js:65:40)
    at Generator.invoke [as _invoke] (/home/lalit/webroot/testingtool/node_modules/regenerator-runtime/runtime.js:303:22)
    at Generator.prototype.(anonymous function) [as next] (/home/lalit/webroot/testingtool/node_modules/regenerator-runtime/runtime.js:117:21)
    at step (/home/lalit/webroot/testingtool/src/cron/backtrack.js:55:191)
    at /home/lalit/webroot/testingtool/src/cron/backtrack.js:55:361
    at process._tickCallback (internal/process/next_tick.js:68:7)
[2018-10-24] APP-INFO: Server started at http://0.0.0.0:8080/
[2018-10-24] APP-INFO: Server started at http://0.0.0.0:8080/
[2018-10-24] APP-ERROR: ReferenceError: forFinalRed is not defined
    at backtrack._callee4$ (/home/lalit/webroot/testingtool/src/cron/backtrack.js:389:21)
    at tryCatch (/home/lalit/webroot/testingtool/node_modules/regenerator-runtime/runtime.js:65:40)
    at Generator.invoke [as _invoke] (/home/lalit/webroot/testingtool/node_modules/regenerator-runtime/runtime.js:303:22)
    at Generator.prototype.(anonymous function) [as next] (/home/lalit/webroot/testingtool/node_modules/regenerator-runtime/runtime.js:117:21)
    at step (/home/lalit/webroot/testingtool/src/cron/backtrack.js:55:191)
    at /home/lalit/webroot/testingtool/src/cron/backtrack.js:55:361
    at process._tickCallback (internal/process/next_tick.js:68:7)
[2018-10-24] APP-INFO: Server started at http://0.0.0.0:8080/
[2018-10-24] APP-ERROR: ReferenceError: forFinalRed is not defined
    at backtrack._callee4$ (/home/lalit/webroot/testingtool/src/cron/backtrack.js:389:21)
    at tryCatch (/home/lalit/webroot/testingtool/node_modules/regenerator-runtime/runtime.js:65:40)
    at Generator.invoke [as _invoke] (/home/lalit/webroot/testingtool/node_modules/regenerator-runtime/runtime.js:303:22)
    at Generator.prototype.(anonymous function) [as next] (/home/lalit/webroot/testingtool/node_modules/regenerator-runtime/runtime.js:117:21)
    at step (/home/lalit/webroot/testingtool/src/cron/backtrack.js:55:191)
    at /home/lalit/webroot/testingtool/src/cron/backtrack.js:55:361
    at process._tickCallback (internal/process/next_tick.js:68:7)
[2018-10-24] APP-INFO: Server started at http://0.0.0.0:8080/
[2018-10-24] APP-ERROR: SyntaxError: Malformed attribute selector: value=%7B%22timing%22:%7B%22of%22:1519031782396,%22n%22:0,%22u%22:2294,%22ue%22:2294,%22f%22:6,%22dn%22:6,%22dne%22:6,%22c%22:7,%22ce%22:9,%22rq%22:9,%22rp%22:2213,%22rpe%22:2286,%22dl%22:2310,%22di%22:2578,%22ds%22:2578,%22de%22:2660,%22dc%22:2697,%22l%22:2697,%22le%22:2704%7D,%22navigation%22:%7B%7D%7D]
    at parseSelector (/home/lalit/webroot/testingtool/node_modules/css-what/index.js:152:12)
    at parse (/home/lalit/webroot/testingtool/node_modules/css-what/index.js:82:13)
    at compileUnsafe (/home/lalit/webroot/testingtool/node_modules/cheerio/node_modules/css-select/lib/compile.js:31:14)
    at select (/home/lalit/webroot/testingtool/node_modules/cheerio/node_modules/css-select/index.js:18:49)
    at CSSselect (/home/lalit/webroot/testingtool/node_modules/cheerio/node_modules/css-select/index.js:41:9)
    at initialize.exports.find (/home/lalit/webroot/testingtool/node_modules/cheerio/lib/api/traversing.js:40:21)
    at initialize.module.exports (/home/lalit/webroot/testingtool/node_modules/cheerio/lib/cheerio.js:88:18)
    at new initialize (/home/lalit/webroot/testingtool/node_modules/cheerio/lib/static.js:34:20)
    at initialize (/home/lalit/webroot/testingtool/node_modules/cheerio/lib/static.js:31:14)
    at backtrack.findSelect (/home/lalit/webroot/testingtool/src/cron/backtrack.js:484:23)
    at backtrack._callee4$ (/home/lalit/webroot/testingtool/src/cron/backtrack.js:375:34)
    at tryCatch (/home/lalit/webroot/testingtool/node_modules/regenerator-runtime/runtime.js:65:40)
    at Generator.invoke [as _invoke] (/home/lalit/webroot/testingtool/node_modules/regenerator-runtime/runtime.js:303:22)
    at Generator.prototype.(anonymous function) [as next] (/home/lalit/webroot/testingtool/node_modules/regenerator-runtime/runtime.js:117:21)
    at step (/home/lalit/webroot/testingtool/src/cron/backtrack.js:55:191)
    at /home/lalit/webroot/testingtool/src/cron/backtrack.js:55:361
[2018-10-24] APP-INFO: Server started at http://0.0.0.0:8080/
[2018-10-24] APP-INFO: Server started at http://0.0.0.0:8080/
[2018-10-24] APP-ERROR: { __v: 0,
  key: 'toPort',
  priority: 1,
  compared_url: 'http://blazedemo.com/reserve.php',
  location: 'post_data',
  reg_count: '$1$',
  optimal_reg_number: null,
  final_regex: '<input type="text" name="toPort" value=(.*?)>',
  scenario: 5b9e004a3bdf8033cfe20edb,
  _id: 5bd0ad86f2f18843c7c945b0,
  second:
   { url: 'http://blazedemo.com/',
     matched: '<input type="text" name="toPort" value="New+York">',
     request: 5bcc497696a1a92eedbffd22,
     run: 5ba255b716ba6e92e5ce908c },
  first:
   { url: 'http://blazedemo.com/',
     matched: '<input type="text" name="toPort" value="Rome">',
     request: 5bcc492c96a1a92eedbffd0e,
     run: 5b9e004a3bdf8033cfe20eec } }
[2018-10-24] APP-INFO: xxx GET /app/run/backtrack 404 3476ms
