[2018-10-27] APP-INFO: Server started at http://0.0.0.0:8080/
[2018-10-27] APP-ERROR: MongoError: failed to connect to server [127.0.0.1:27017] on first connect [MongoError: connect ECONNREFUSED 127.0.0.1:27017]
    at Pool.<anonymous> (/home/lalit/webroot/testingtool/node_modules/mongodb-core/lib/topologies/server.js:336:35)
    at Pool.emit (events.js:182:13)
    at Pool.EventEmitter.emit (domain.js:442:20)
    at Connection.<anonymous> (/home/lalit/webroot/testingtool/node_modules/mongodb-core/lib/connection/pool.js:280:12)
    at Object.onceWrapper (events.js:273:13)
    at Connection.emit (events.js:182:13)
    at Connection.EventEmitter.emit (domain.js:442:20)
    at Socket.<anonymous> (/home/lalit/webroot/testingtool/node_modules/mongodb-core/lib/connection/connection.js:187:49)
    at Object.onceWrapper (events.js:273:13)
    at Socket.emit (events.js:182:13)
    at Socket.EventEmitter.emit (domain.js:442:20)
    at emitErrorNT (internal/streams/destroy.js:82:8)
    at emitErrorAndCloseNT (internal/streams/destroy.js:50:3)
    at process._tickCallback (internal/process/next_tick.js:63:19)
[2018-10-27] APP-ERROR: MongoError: failed to connect to server [127.0.0.1:27017] on first connect [MongoError: connect ECONNREFUSED 127.0.0.1:27017]
    at Pool.<anonymous> (/home/lalit/webroot/testingtool/node_modules/mongodb-core/lib/topologies/server.js:336:35)
    at Pool.emit (events.js:182:13)
    at Pool.EventEmitter.emit (domain.js:442:20)
    at Connection.<anonymous> (/home/lalit/webroot/testingtool/node_modules/mongodb-core/lib/connection/pool.js:280:12)
    at Object.onceWrapper (events.js:273:13)
    at Connection.emit (events.js:182:13)
    at Connection.EventEmitter.emit (domain.js:442:20)
    at Socket.<anonymous> (/home/lalit/webroot/testingtool/node_modules/mongodb-core/lib/connection/connection.js:187:49)
    at Object.onceWrapper (events.js:273:13)
    at Socket.emit (events.js:182:13)
    at Socket.EventEmitter.emit (domain.js:442:20)
    at emitErrorNT (internal/streams/destroy.js:82:8)
    at emitErrorAndCloseNT (internal/streams/destroy.js:50:3)
    at process._tickCallback (internal/process/next_tick.js:63:19)
[2018-10-27] APP-ERROR: MongoError: failed to connect to server [127.0.0.1:27017] on first connect [MongoError: connect ECONNREFUSED 127.0.0.1:27017]
    at Pool.<anonymous> (/home/lalit/webroot/testingtool/node_modules/mongodb-core/lib/topologies/server.js:336:35)
    at Pool.emit (events.js:182:13)
    at Pool.EventEmitter.emit (domain.js:442:20)
    at Connection.<anonymous> (/home/lalit/webroot/testingtool/node_modules/mongodb-core/lib/connection/pool.js:280:12)
    at Object.onceWrapper (events.js:273:13)
    at Connection.emit (events.js:182:13)
    at Connection.EventEmitter.emit (domain.js:442:20)
    at Socket.<anonymous> (/home/lalit/webroot/testingtool/node_modules/mongodb-core/lib/connection/connection.js:187:49)
    at Object.onceWrapper (events.js:273:13)
    at Socket.emit (events.js:182:13)
    at Socket.EventEmitter.emit (domain.js:442:20)
    at emitErrorNT (internal/streams/destroy.js:82:8)
    at emitErrorAndCloseNT (internal/streams/destroy.js:50:3)
    at process._tickCallback (internal/process/next_tick.js:63:19)
[2018-10-27] APP-ERROR: MongoError: failed to connect to server [127.0.0.1:27017] on first connect [MongoError: connect ECONNREFUSED 127.0.0.1:27017]
    at Pool.<anonymous> (/home/lalit/webroot/testingtool/node_modules/mongodb-core/lib/topologies/server.js:336:35)
    at Pool.emit (events.js:182:13)
    at Pool.EventEmitter.emit (domain.js:442:20)
    at Connection.<anonymous> (/home/lalit/webroot/testingtool/node_modules/mongodb-core/lib/connection/pool.js:280:12)
    at Object.onceWrapper (events.js:273:13)
    at Connection.emit (events.js:182:13)
    at Connection.EventEmitter.emit (domain.js:442:20)
    at Socket.<anonymous> (/home/lalit/webroot/testingtool/node_modules/mongodb-core/lib/connection/connection.js:187:49)
    at Object.onceWrapper (events.js:273:13)
    at Socket.emit (events.js:182:13)
    at Socket.EventEmitter.emit (domain.js:442:20)
    at emitErrorNT (internal/streams/destroy.js:82:8)
    at emitErrorAndCloseNT (internal/streams/destroy.js:50:3)
    at process._tickCallback (internal/process/next_tick.js:63:19)
[2018-10-27] APP-INFO: Server started at http://0.0.0.0:8080/
[2018-10-27] APP-ERROR: MongoError: failed to connect to server [127.0.0.1:27017] on first connect [MongoError: connect ECONNREFUSED 127.0.0.1:27017]
    at Pool.<anonymous> (/home/lalit/webroot/testingtool/node_modules/mongodb-core/lib/topologies/server.js:336:35)
    at Pool.emit (events.js:182:13)
    at Pool.EventEmitter.emit (domain.js:442:20)
    at Connection.<anonymous> (/home/lalit/webroot/testingtool/node_modules/mongodb-core/lib/connection/pool.js:280:12)
    at Object.onceWrapper (events.js:273:13)
    at Connection.emit (events.js:182:13)
    at Connection.EventEmitter.emit (domain.js:442:20)
    at Socket.<anonymous> (/home/lalit/webroot/testingtool/node_modules/mongodb-core/lib/connection/connection.js:187:49)
    at Object.onceWrapper (events.js:273:13)
    at Socket.emit (events.js:182:13)
    at Socket.EventEmitter.emit (domain.js:442:20)
    at emitErrorNT (internal/streams/destroy.js:82:8)
    at emitErrorAndCloseNT (internal/streams/destroy.js:50:3)
    at process._tickCallback (internal/process/next_tick.js:63:19)
[2018-10-27] APP-ERROR: MongoError: failed to connect to server [127.0.0.1:27017] on first connect [MongoError: connect ECONNREFUSED 127.0.0.1:27017]
    at Pool.<anonymous> (/home/lalit/webroot/testingtool/node_modules/mongodb-core/lib/topologies/server.js:336:35)
    at Pool.emit (events.js:182:13)
    at Pool.EventEmitter.emit (domain.js:442:20)
    at Connection.<anonymous> (/home/lalit/webroot/testingtool/node_modules/mongodb-core/lib/connection/pool.js:280:12)
    at Object.onceWrapper (events.js:273:13)
    at Connection.emit (events.js:182:13)
    at Connection.EventEmitter.emit (domain.js:442:20)
    at Socket.<anonymous> (/home/lalit/webroot/testingtool/node_modules/mongodb-core/lib/connection/connection.js:187:49)
    at Object.onceWrapper (events.js:273:13)
    at Socket.emit (events.js:182:13)
    at Socket.EventEmitter.emit (domain.js:442:20)
    at emitErrorNT (internal/streams/destroy.js:82:8)
    at emitErrorAndCloseNT (internal/streams/destroy.js:50:3)
    at process._tickCallback (internal/process/next_tick.js:63:19)
[2018-10-27] APP-ERROR: MongoError: failed to connect to server [127.0.0.1:27017] on first connect [MongoError: connect ECONNREFUSED 127.0.0.1:27017]
    at Pool.<anonymous> (/home/lalit/webroot/testingtool/node_modules/mongodb-core/lib/topologies/server.js:336:35)
    at Pool.emit (events.js:182:13)
    at Pool.EventEmitter.emit (domain.js:442:20)
    at Connection.<anonymous> (/home/lalit/webroot/testingtool/node_modules/mongodb-core/lib/connection/pool.js:280:12)
    at Object.onceWrapper (events.js:273:13)
    at Connection.emit (events.js:182:13)
    at Connection.EventEmitter.emit (domain.js:442:20)
    at Socket.<anonymous> (/home/lalit/webroot/testingtool/node_modules/mongodb-core/lib/connection/connection.js:187:49)
    at Object.onceWrapper (events.js:273:13)
    at Socket.emit (events.js:182:13)
    at Socket.EventEmitter.emit (domain.js:442:20)
    at emitErrorNT (internal/streams/destroy.js:82:8)
    at emitErrorAndCloseNT (internal/streams/destroy.js:50:3)
    at process._tickCallback (internal/process/next_tick.js:63:19)
[2018-10-27] APP-ERROR: MongoError: failed to connect to server [127.0.0.1:27017] on first connect [MongoError: connect ECONNREFUSED 127.0.0.1:27017]
    at Pool.<anonymous> (/home/lalit/webroot/testingtool/node_modules/mongodb-core/lib/topologies/server.js:336:35)
    at Pool.emit (events.js:182:13)
    at Pool.EventEmitter.emit (domain.js:442:20)
    at Connection.<anonymous> (/home/lalit/webroot/testingtool/node_modules/mongodb-core/lib/connection/pool.js:280:12)
    at Object.onceWrapper (events.js:273:13)
    at Connection.emit (events.js:182:13)
    at Connection.EventEmitter.emit (domain.js:442:20)
    at Socket.<anonymous> (/home/lalit/webroot/testingtool/node_modules/mongodb-core/lib/connection/connection.js:187:49)
    at Object.onceWrapper (events.js:273:13)
    at Socket.emit (events.js:182:13)
    at Socket.EventEmitter.emit (domain.js:442:20)
    at emitErrorNT (internal/streams/destroy.js:82:8)
    at emitErrorAndCloseNT (internal/streams/destroy.js:50:3)
    at process._tickCallback (internal/process/next_tick.js:63:19)
[2018-10-27] APP-INFO: Server started at http://0.0.0.0:8080/
[2018-10-27] APP-ERROR: MongoError: failed to connect to server [127.0.0.1:27017] on first connect [MongoError: connect ECONNREFUSED 127.0.0.1:27017]
    at Pool.<anonymous> (/home/lalit/webroot/testingtool/node_modules/mongodb-core/lib/topologies/server.js:336:35)
    at Pool.emit (events.js:182:13)
    at Pool.EventEmitter.emit (domain.js:442:20)
    at Connection.<anonymous> (/home/lalit/webroot/testingtool/node_modules/mongodb-core/lib/connection/pool.js:280:12)
    at Object.onceWrapper (events.js:273:13)
    at Connection.emit (events.js:182:13)
    at Connection.EventEmitter.emit (domain.js:442:20)
    at Socket.<anonymous> (/home/lalit/webroot/testingtool/node_modules/mongodb-core/lib/connection/connection.js:187:49)
    at Object.onceWrapper (events.js:273:13)
    at Socket.emit (events.js:182:13)
    at Socket.EventEmitter.emit (domain.js:442:20)
    at emitErrorNT (internal/streams/destroy.js:82:8)
    at emitErrorAndCloseNT (internal/streams/destroy.js:50:3)
    at process._tickCallback (internal/process/next_tick.js:63:19)
[2018-10-27] APP-ERROR: MongoError: failed to connect to server [127.0.0.1:27017] on first connect [MongoError: connect ECONNREFUSED 127.0.0.1:27017]
    at Pool.<anonymous> (/home/lalit/webroot/testingtool/node_modules/mongodb-core/lib/topologies/server.js:336:35)
    at Pool.emit (events.js:182:13)
    at Pool.EventEmitter.emit (domain.js:442:20)
    at Connection.<anonymous> (/home/lalit/webroot/testingtool/node_modules/mongodb-core/lib/connection/pool.js:280:12)
    at Object.onceWrapper (events.js:273:13)
    at Connection.emit (events.js:182:13)
    at Connection.EventEmitter.emit (domain.js:442:20)
    at Socket.<anonymous> (/home/lalit/webroot/testingtool/node_modules/mongodb-core/lib/connection/connection.js:187:49)
    at Object.onceWrapper (events.js:273:13)
    at Socket.emit (events.js:182:13)
    at Socket.EventEmitter.emit (domain.js:442:20)
    at emitErrorNT (internal/streams/destroy.js:82:8)
    at emitErrorAndCloseNT (internal/streams/destroy.js:50:3)
    at process._tickCallback (internal/process/next_tick.js:63:19)
[2018-10-27] APP-ERROR: MongoError: failed to connect to server [127.0.0.1:27017] on first connect [MongoError: connect ECONNREFUSED 127.0.0.1:27017]
    at Pool.<anonymous> (/home/lalit/webroot/testingtool/node_modules/mongodb-core/lib/topologies/server.js:336:35)
    at Pool.emit (events.js:182:13)
    at Pool.EventEmitter.emit (domain.js:442:20)
    at Connection.<anonymous> (/home/lalit/webroot/testingtool/node_modules/mongodb-core/lib/connection/pool.js:280:12)
    at Object.onceWrapper (events.js:273:13)
    at Connection.emit (events.js:182:13)
    at Connection.EventEmitter.emit (domain.js:442:20)
    at Socket.<anonymous> (/home/lalit/webroot/testingtool/node_modules/mongodb-core/lib/connection/connection.js:187:49)
    at Object.onceWrapper (events.js:273:13)
    at Socket.emit (events.js:182:13)
    at Socket.EventEmitter.emit (domain.js:442:20)
    at emitErrorNT (internal/streams/destroy.js:82:8)
    at emitErrorAndCloseNT (internal/streams/destroy.js:50:3)
    at process._tickCallback (internal/process/next_tick.js:63:19)
[2018-10-27] APP-ERROR: MongoError: failed to connect to server [127.0.0.1:27017] on first connect [MongoError: connect ECONNREFUSED 127.0.0.1:27017]
    at Pool.<anonymous> (/home/lalit/webroot/testingtool/node_modules/mongodb-core/lib/topologies/server.js:336:35)
    at Pool.emit (events.js:182:13)
    at Pool.EventEmitter.emit (domain.js:442:20)
    at Connection.<anonymous> (/home/lalit/webroot/testingtool/node_modules/mongodb-core/lib/connection/pool.js:280:12)
    at Object.onceWrapper (events.js:273:13)
    at Connection.emit (events.js:182:13)
    at Connection.EventEmitter.emit (domain.js:442:20)
    at Socket.<anonymous> (/home/lalit/webroot/testingtool/node_modules/mongodb-core/lib/connection/connection.js:187:49)
    at Object.onceWrapper (events.js:273:13)
    at Socket.emit (events.js:182:13)
    at Socket.EventEmitter.emit (domain.js:442:20)
    at emitErrorNT (internal/streams/destroy.js:82:8)
    at emitErrorAndCloseNT (internal/streams/destroy.js:50:3)
    at process._tickCallback (internal/process/next_tick.js:63:19)
[2018-10-27] APP-INFO: Server started at http://0.0.0.0:8080/
[2018-10-27] APP-INFO: Server started at http://0.0.0.0:8080/
[2018-10-27] APP-INFO: Server started at http://0.0.0.0:8080/
[2018-10-27] APP-ERROR: 
[2018-10-27] APP-ERROR: TypeError: Cannot read property 'scenario' of null
    at RunController._callee10$ (/home/lalit/webroot/testingtool/src/controllers/RunController.js:373:75)
    at tryCatch (/home/lalit/webroot/testingtool/node_modules/regenerator-runtime/runtime.js:65:40)
    at Generator.invoke [as _invoke] (/home/lalit/webroot/testingtool/node_modules/regenerator-runtime/runtime.js:303:22)
    at Generator.prototype.(anonymous function) [as next] (/home/lalit/webroot/testingtool/node_modules/regenerator-runtime/runtime.js:117:21)
    at step (/home/lalit/webroot/testingtool/src/controllers/RunController.js:77:191)
    at /home/lalit/webroot/testingtool/src/controllers/RunController.js:77:361
    at process._tickCallback (internal/process/next_tick.js:68:7)
[2018-10-27] APP-ERROR: 
[2018-10-27] APP-ERROR: TypeError: Cannot read property 'scenario' of null
    at RunController._callee10$ (/home/lalit/webroot/testingtool/src/controllers/RunController.js:373:75)
    at tryCatch (/home/lalit/webroot/testingtool/node_modules/regenerator-runtime/runtime.js:65:40)
    at Generator.invoke [as _invoke] (/home/lalit/webroot/testingtool/node_modules/regenerator-runtime/runtime.js:303:22)
    at Generator.prototype.(anonymous function) [as next] (/home/lalit/webroot/testingtool/node_modules/regenerator-runtime/runtime.js:117:21)
    at step (/home/lalit/webroot/testingtool/src/controllers/RunController.js:77:191)
    at /home/lalit/webroot/testingtool/src/controllers/RunController.js:77:361
    at process._tickCallback (internal/process/next_tick.js:68:7)
[2018-10-27] APP-INFO: Server started at http://0.0.0.0:8080/
[2018-10-27] APP-INFO: Server started at http://0.0.0.0:8080/
[2018-10-27] APP-ERROR: 
[2018-10-27] APP-INFO: --> GET /app/run/backtrack 200 3712ms
[2018-10-27] APP-INFO: Server started at http://0.0.0.0:8080/
[2018-10-27] APP-INFO: Server started at http://0.0.0.0:8080/
[2018-10-27] APP-INFO: --> GET / 200 182ms
[2018-10-27] APP-INFO: --> GET /app/auth/login 200 36ms
[2018-10-27] APP-INFO: --> POST /app/auth/login 200 334ms
[2018-10-27] APP-INFO: --> GET /app 200 40ms
[2018-10-27] APP-INFO: --> GET /app/project/5b16ca833192d5212014da03/scenarios 200 67ms
[2018-10-27] APP-INFO: --> GET /app/scenario/5b9e004a3bdf8033cfe20edb/runs 200 75ms
[2018-10-27] APP-INFO: Server started at http://0.0.0.0:8080/
[2018-10-27] APP-INFO: Server started at http://0.0.0.0:8080/
[2018-10-27] APP-INFO: --> GET /app/scenario/5b9e004a3bdf8033cfe20edb/runs 200 125ms
[2018-10-27] APP-INFO: --> GET /app/scenario/5b9e004a3bdf8033cfe20edb/runs 200 24ms
[2018-10-27] APP-INFO: Server started at http://0.0.0.0:8080/
[2018-10-27] APP-INFO: --> GET /app/scenario/5b9e004a3bdf8033cfe20edb/runs 200 83ms
[2018-10-27] APP-INFO: --> GET /app/scenario/5b9e004a3bdf8033cfe20edb/runs 200 30ms
[2018-10-27] APP-INFO: --> GET /app/scenario/5b9e004a3bdf8033cfe20edb/runs 200 24ms
[2018-10-27] APP-INFO: --> GET /app/scenario/5b9e004a3bdf8033cfe20edb/runs 200 18ms
[2018-10-27] APP-INFO: --> GET /app/scenario/5b9e004a3bdf8033cfe20edb/runs 200 19ms
[2018-10-27] APP-INFO: --> GET /app/scenario/5b9e004a3bdf8033cfe20edb/runs 200 16ms
[2018-10-27] APP-INFO: --> GET /app/scenario/5b9e004a3bdf8033cfe20edb/runs 200 23ms
[2018-10-27] APP-INFO: --> GET /app/scenario/5b9e004a3bdf8033cfe20edb/runs 200 25ms
[2018-10-27] APP-INFO: --> GET /app/scenario/5b9e004a3bdf8033cfe20edb/runs 200 22ms
[2018-10-27] APP-INFO: --> GET /app/scenario/5b9e004a3bdf8033cfe20edb/runs 200 21ms
[2018-10-27] APP-INFO: --> GET /app/scenario/5b9e004a3bdf8033cfe20edb/runs 200 15ms
[2018-10-27] APP-ERROR: Error: write EPIPE
    at WriteWrap.afterWrite (net.js:788:14)
[2018-10-27] APP-INFO: --> GET /app/scenario/5b9e004a3bdf8033cfe20edb/runs 200 15ms
[2018-10-27] APP-INFO: --> GET /app/scenario/5b9e004a3bdf8033cfe20edb/runs 200 16ms
[2018-10-27] APP-INFO: --> GET /app/scenario/5b9e004a3bdf8033cfe20edb/runs 200 16ms
[2018-10-27] APP-INFO: --> GET /app/scenario/5b9e004a3bdf8033cfe20edb/runs 200 23ms
[2018-10-27] APP-INFO: --> GET /app/scenario/5b9e004a3bdf8033cfe20edb/runs 200 17ms
[2018-10-27] APP-INFO: --> GET /app/scenario/5b9e004a3bdf8033cfe20edb/runs 200 18ms
[2018-10-27] APP-INFO: Server started at http://0.0.0.0:4000/
[2018-10-27] APP-INFO: --> GET /app/scenario/5b9e004a3bdf8033cfe20edb/runs 200 87ms
[2018-10-27] APP-INFO: --> POST /app/session/save 200 211ms
[2018-10-27] APP-INFO: --> GET /app/scenario/5b9e004a3bdf8033cfe20edb/runs 200 38ms
[2018-10-27] APP-INFO: --> POST /app/session/save 200 54ms
[2018-10-27] APP-INFO: --> GET /app/scenario/5b9e004a3bdf8033cfe20edb/runs 200 27ms
[2018-10-27] APP-INFO: --> POST /app/session/save 200 63ms
[2018-10-27] APP-INFO: --> GET /app/scenario/5b9e004a3bdf8033cfe20edb/runs 200 22ms
[2018-10-27] APP-INFO: --> POST /app/session/save 200 39ms
[2018-10-27] APP-INFO: --> GET /app/scenario/5b9e004a3bdf8033cfe20edb/runs 200 23ms
[2018-10-27] APP-INFO: --> POST /app/session/save 200 73ms
[2018-10-27] APP-INFO: --> GET /app/scenario/5b9e004a3bdf8033cfe20edb/runs 200 32ms
[2018-10-27] APP-INFO: --> POST /app/session/save 200 62ms
[2018-10-27] APP-INFO: --> GET /app/scenario/5b9e004a3bdf8033cfe20edb/runs 200 27ms
[2018-10-27] APP-INFO: --> POST /app/run/compare 200 30ms
[2018-10-27] APP-ERROR: { __v: 0,
  url: 'http://blazedemo.com/reserve.php',
  sequence: 8,
  location: 'header',
  key: 'Content-Length',
  scenario: 5b9e004a3bdf8033cfe20edb,
  session_sequence: 2,
  session: 5bd433544b3e03290c9a3335,
  _id: 5bd433cb4b3e03290c9a3366,
  duplicate: '',
  updated_on: 2018-10-27T09:45:47.242Z,
  added_on: 2018-10-27T09:45:47.242Z,
  second:
   { value: 'New+York',
     request: 5bd433ad4b3e03290c9a3352,
     run: 5ba255b716ba6e92e5ce908c },
  first:
   { value: 'Rome',
     request: 5bd433544b3e03290c9a3336,
     run: 5b9e004a3bdf8033cfe20eec } },{ __v: 0,
  url: 'http://blazedemo.com/reserve.php',
  sequence: 8,
  location: 'post_data',
  key: 'fromPort',
  scenario: 5b9e004a3bdf8033cfe20edb,
  session_sequence: 2,
  session: 5bd433544b3e03290c9a3335,
  _id: 5bd433cb4b3e03290c9a3367,
  duplicate: '',
  updated_on: 2018-10-27T09:45:47.247Z,
  added_on: 2018-10-27T09:45:47.247Z,
  second:
   { value: 'New+York',
     request: 5bd433ad4b3e03290c9a3352,
     run: 5ba255b716ba6e92e5ce908c },
  first:
   { value: 'Rome',
     request: 5bd433544b3e03290c9a3336,
     run: 5b9e004a3bdf8033cfe20eec } },{ __v: 0,
  url: 'http://blazedemo.com/reserve.php',
  sequence: 8,
  location: 'post_data',
  key: 'toPort',
  scenario: 5b9e004a3bdf8033cfe20edb,
  session_sequence: 2,
  session: 5bd433544b3e03290c9a3335,
  _id: 5bd433cb4b3e03290c9a3368,
  duplicate: '',
  updated_on: 2018-10-27T09:45:47.249Z,
  added_on: 2018-10-27T09:45:47.249Z,
  second:
   { value: 'New+York',
     request: 5bd433ad4b3e03290c9a3352,
     run: 5ba255b716ba6e92e5ce908c },
  first:
   { value: 'Rome',
     request: 5bd433544b3e03290c9a3336,
     run: 5b9e004a3bdf8033cfe20eec } },{ __v: 0,
  url: 'https://bam.nr-data.net/1/338cffe5d3',
  sequence: 16,
  location: 'params',
  key: 'rst',
  scenario: 5b9e004a3bdf8033cfe20edb,
  session_sequence: 2,
  session: 5bd433544b3e03290c9a3335,
  _id: 5bd433cb4b3e03290c9a3369,
  duplicate: '',
  updated_on: 2018-10-27T09:45:47.251Z,
  added_on: 2018-10-27T09:45:47.251Z,
  second:
   { value:
      '%7B%22timing%22:%7B%22of%22:1519032429597,%22n%22:0,%22u%22:840,%22ue%22:840,%22f%22:5,%22dn%22:5,%22dne%22:5,%22c%22:6,%22ce%22:9,%22rq%22:10,%22rp%22:822,%22rpe%22:833,%22dl%22:850,%22di%22:1023,%22ds%22:1023,%22de%22:1109,%22dc%22:1162,%22l%22:1162,%22le%22:1171%7D,%22navigation%22:%7B%7D%7D',
     request: 5bd433ad4b3e03290c9a335a,
     run: 5ba255b716ba6e92e5ce908c },
  first:
   { value:
      '%7B%22timing%22:%7B%22of%22:1519031782396,%22n%22:0,%22u%22:2294,%22ue%22:2294,%22f%22:6,%22dn%22:6,%22dne%22:6,%22c%22:7,%22ce%22:9,%22rq%22:9,%22rp%22:2213,%22rpe%22:2286,%22dl%22:2310,%22di%22:2578,%22ds%22:2578,%22de%22:2660,%22dc%22:2697,%22l%22:2697,%22le%22:2704%7D,%22navigation%22:%7B%7D%7D',
     request: 5bd433544b3e03290c9a333e,
     run: 5b9e004a3bdf8033cfe20eec } },{ __v: 0,
  url: 'https://bam.nr-data.net/1/338cffe5d3',
  sequence: 16,
  location: 'params',
  key: 'ap',
  scenario: 5b9e004a3bdf8033cfe20edb,
  session_sequence: 2,
  session: 5bd433544b3e03290c9a3335,
  _id: 5bd433cb4b3e03290c9a336a,
  duplicate: '',
  updated_on: 2018-10-27T09:45:47.254Z,
  added_on: 2018-10-27T09:45:47.254Z,
  second:
   { value:
      '%7B%22timing%22:%7B%22of%22:1519032429597,%22n%22:0,%22u%22:840,%22ue%22:840,%22f%22:5,%22dn%22:5,%22dne%22:5,%22c%22:6,%22ce%22:9,%22rq%22:10,%22rp%22:822,%22rpe%22:833,%22dl%22:850,%22di%22:1023,%22ds%22:1023,%22de%22:1109,%22dc%22:1162,%22l%22:1162,%22le%22:1171%7D,%22navigation%22:%7B%7D%7D',
     request: 5bd433ad4b3e03290c9a335a,
     run: 5ba255b716ba6e92e5ce908c },
  first:
   { value:
      '%7B%22timing%22:%7B%22of%22:1519031782396,%22n%22:0,%22u%22:2294,%22ue%22:2294,%22f%22:6,%22dn%22:6,%22dne%22:6,%22c%22:7,%22ce%22:9,%22rq%22:9,%22rp%22:2213,%22rpe%22:2286,%22dl%22:2310,%22di%22:2578,%22ds%22:2578,%22de%22:2660,%22dc%22:2697,%22l%22:2697,%22le%22:2704%7D,%22navigation%22:%7B%7D%7D',
     request: 5bd433544b3e03290c9a333e,
     run: 5b9e004a3bdf8033cfe20eec } },{ __v: 0,
  url: 'https://bam.nr-data.net/1/338cffe5d3',
  sequence: 16,
  location: 'params',
  key: 'be',
  scenario: 5b9e004a3bdf8033cfe20edb,
  session_sequence: 2,
  session: 5bd433544b3e03290c9a3335,
  _id: 5bd433cb4b3e03290c9a336b,
  duplicate: '',
  updated_on: 2018-10-27T09:45:47.255Z,
  added_on: 2018-10-27T09:45:47.255Z,
  second:
   { value:
      '%7B%22timing%22:%7B%22of%22:1519032429597,%22n%22:0,%22u%22:840,%22ue%22:840,%22f%22:5,%22dn%22:5,%22dne%22:5,%22c%22:6,%22ce%22:9,%22rq%22:10,%22rp%22:822,%22rpe%22:833,%22dl%22:850,%22di%22:1023,%22ds%22:1023,%22de%22:1109,%22dc%22:1162,%22l%22:1162,%22le%22:1171%7D,%22navigation%22:%7B%7D%7D',
     request: 5bd433ad4b3e03290c9a335a,
     run: 5ba255b716ba6e92e5ce908c },
  first:
   { value:
      '%7B%22timing%22:%7B%22of%22:1519031782396,%22n%22:0,%22u%22:2294,%22ue%22:2294,%22f%22:6,%22dn%22:6,%22dne%22:6,%22c%22:7,%22ce%22:9,%22rq%22:9,%22rp%22:2213,%22rpe%22:2286,%22dl%22:2310,%22di%22:2578,%22ds%22:2578,%22de%22:2660,%22dc%22:2697,%22l%22:2697,%22le%22:2704%7D,%22navigation%22:%7B%7D%7D',
     request: 5bd433544b3e03290c9a333e,
     run: 5b9e004a3bdf8033cfe20eec } },{ __v: 0,
  url: 'https://bam.nr-data.net/1/338cffe5d3',
  sequence: 16,
  location: 'params',
  key: 'fe',
  scenario: 5b9e004a3bdf8033cfe20edb,
  session_sequence: 2,
  session: 5bd433544b3e03290c9a3335,
  _id: 5bd433cb4b3e03290c9a336c,
  duplicate: '',
  updated_on: 2018-10-27T09:45:47.257Z,
  added_on: 2018-10-27T09:45:47.257Z,
  second:
   { value:
      '%7B%22timing%22:%7B%22of%22:1519032429597,%22n%22:0,%22u%22:840,%22ue%22:840,%22f%22:5,%22dn%22:5,%22dne%22:5,%22c%22:6,%22ce%22:9,%22rq%22:10,%22rp%22:822,%22rpe%22:833,%22dl%22:850,%22di%22:1023,%22ds%22:1023,%22de%22:1109,%22dc%22:1162,%22l%22:1162,%22le%22:1171%7D,%22navigation%22:%7B%7D%7D',
     request: 5bd433ad4b3e03290c9a335a,
     run: 5ba255b716ba6e92e5ce908c },
  first:
   { value:
      '%7B%22timing%22:%7B%22of%22:1519031782396,%22n%22:0,%22u%22:2294,%22ue%22:2294,%22f%22:6,%22dn%22:6,%22dne%22:6,%22c%22:7,%22ce%22:9,%22rq%22:9,%22rp%22:2213,%22rpe%22:2286,%22dl%22:2310,%22di%22:2578,%22ds%22:2578,%22de%22:2660,%22dc%22:2697,%22l%22:2697,%22le%22:2704%7D,%22navigation%22:%7B%7D%7D',
     request: 5bd433544b3e03290c9a333e,
     run: 5b9e004a3bdf8033cfe20eec } },{ __v: 0,
  url: 'https://bam.nr-data.net/1/338cffe5d3',
  sequence: 16,
  location: 'params',
  key: 'dc',
  scenario: 5b9e004a3bdf8033cfe20edb,
  session_sequence: 2,
  session: 5bd433544b3e03290c9a3335,
  _id: 5bd433cb4b3e03290c9a336d,
  duplicate: '',
  updated_on: 2018-10-27T09:45:47.258Z,
  added_on: 2018-10-27T09:45:47.258Z,
  second:
   { value:
      '%7B%22timing%22:%7B%22of%22:1519032429597,%22n%22:0,%22u%22:840,%22ue%22:840,%22f%22:5,%22dn%22:5,%22dne%22:5,%22c%22:6,%22ce%22:9,%22rq%22:10,%22rp%22:822,%22rpe%22:833,%22dl%22:850,%22di%22:1023,%22ds%22:1023,%22de%22:1109,%22dc%22:1162,%22l%22:1162,%22le%22:1171%7D,%22navigation%22:%7B%7D%7D',
     request: 5bd433ad4b3e03290c9a335a,
     run: 5ba255b716ba6e92e5ce908c },
  first:
   { value:
      '%7B%22timing%22:%7B%22of%22:1519031782396,%22n%22:0,%22u%22:2294,%22ue%22:2294,%22f%22:6,%22dn%22:6,%22dne%22:6,%22c%22:7,%22ce%22:9,%22rq%22:9,%22rp%22:2213,%22rpe%22:2286,%22dl%22:2310,%22di%22:2578,%22ds%22:2578,%22de%22:2660,%22dc%22:2697,%22l%22:2697,%22le%22:2704%7D,%22navigation%22:%7B%7D%7D',
     request: 5bd433544b3e03290c9a333e,
     run: 5b9e004a3bdf8033cfe20eec } },{ __v: 0,
  url: 'https://bam.nr-data.net/1/338cffe5d3',
  sequence: 16,
  location: 'params',
  key: 'perf',
  scenario: 5b9e004a3bdf8033cfe20edb,
  session_sequence: 2,
  session: 5bd433544b3e03290c9a3335,
  _id: 5bd433cb4b3e03290c9a336e,
  duplicate: '',
  updated_on: 2018-10-27T09:45:47.261Z,
  added_on: 2018-10-27T09:45:47.261Z,
  second:
   { value:
      '%7B%22timing%22:%7B%22of%22:1519032429597,%22n%22:0,%22u%22:840,%22ue%22:840,%22f%22:5,%22dn%22:5,%22dne%22:5,%22c%22:6,%22ce%22:9,%22rq%22:10,%22rp%22:822,%22rpe%22:833,%22dl%22:850,%22di%22:1023,%22ds%22:1023,%22de%22:1109,%22dc%22:1162,%22l%22:1162,%22le%22:1171%7D,%22navigation%22:%7B%7D%7D',
     request: 5bd433ad4b3e03290c9a335a,
     run: 5ba255b716ba6e92e5ce908c },
  first:
   { value:
      '%7B%22timing%22:%7B%22of%22:1519031782396,%22n%22:0,%22u%22:2294,%22ue%22:2294,%22f%22:6,%22dn%22:6,%22dne%22:6,%22c%22:7,%22ce%22:9,%22rq%22:9,%22rp%22:2213,%22rpe%22:2286,%22dl%22:2310,%22di%22:2578,%22ds%22:2578,%22de%22:2660,%22dc%22:2697,%22l%22:2697,%22le%22:2704%7D,%22navigation%22:%7B%7D%7D',
     request: 5bd433544b3e03290c9a333e,
     run: 5b9e004a3bdf8033cfe20eec } },{ __v: 0,
  url: 'https://bam.nr-data.net/1/338cffe5d3',
  sequence: 16,
  location: 'url',
  key: 'url',
  scenario: 5b9e004a3bdf8033cfe20edb,
  session_sequence: 2,
  session: 5bd433544b3e03290c9a3335,
  _id: 5bd433cb4b3e03290c9a336f,
  duplicate: '',
  updated_on: 2018-10-27T09:45:47.265Z,
  added_on: 2018-10-27T09:45:47.265Z,
  second:
   { value:
      'https://bam.nr-data.net/1/338cffe5d3?a=6657625&v=1071.385e752&to=YVxSYxACCxcEVRFfWlgWcVQWCgoKSkQARVBET1UZEgsV&rst=1213&ref=http://blazedemo.com/reserve.php&ap=5&be=875&fe=1162&dc=1023&perf=%7B%22timing%22:%7B%22of%22:1519032429597,%22n%22:0,%22u%22:840,%22ue%22:840,%22f%22:5,%22dn%22:5,%22dne%22:5,%22c%22:6,%22ce%22:9,%22rq%22:10,%22rp%22:822,%22rpe%22:833,%22dl%22:850,%22di%22:1023,%22ds%22:1023,%22de%22:1109,%22dc%22:1162,%22l%22:1162,%22le%22:1171%7D,%22navigation%22:%7B%7D%7D&at=TRtRFVgYGBk%3D&jsonp=NREUM.setToken',
     request: 5bd433ad4b3e03290c9a335a,
     run: 5ba255b716ba6e92e5ce908c },
  first:
   { value:
      'https://bam.nr-data.net/1/338cffe5d3?a=6657625&v=1071.385e752&to=YVxSYxACCxcEVRFfWlgWcVQWCgoKSkQARVBET1UZEgsV&rst=2768&ref=http://blazedemo.com/reserve.php&ap=7&be=2333&fe=2699&dc=2578&perf=%7B%22timing%22:%7B%22of%22:1519031782396,%22n%22:0,%22u%22:2294,%22ue%22:2294,%22f%22:6,%22dn%22:6,%22dne%22:6,%22c%22:7,%22ce%22:9,%22rq%22:9,%22rp%22:2213,%22rpe%22:2286,%22dl%22:2310,%22di%22:2578,%22ds%22:2578,%22de%22:2660,%22dc%22:2697,%22l%22:2697,%22le%22:2704%7D,%22navigation%22:%7B%7D%7D&at=TRtRFVgYGBk%3D&jsonp=NREUM.setToken',
     request: 5bd433544b3e03290c9a333e,
     run: 5b9e004a3bdf8033cfe20eec } },{ __v: 0,
  url: 'http://blazedemo.com/purchase.php',
  sequence: 17,
  location: 'header',
  key: 'Content-Length',
  scenario: 5b9e004a3bdf8033cfe20edb,
  session_sequence: 3,
  session: 5bd433684b3e03290c9a333f,
  _id: 5bd433cb4b3e03290c9a3370,
  duplicate: '',
  updated_on: 2018-10-27T09:45:47.268Z,
  added_on: 2018-10-27T09:45:47.268Z,
  second:
   { value: 'New+York',
     request: 5bd433c24b3e03290c9a335c,
     run: 5ba255b716ba6e92e5ce908c },
  first:
   { value: 'Rome',
     request: 5bd433684b3e03290c9a3340,
     run: 5b9e004a3bdf8033cfe20eec } },{ __v: 0,
  url: 'http://blazedemo.com/purchase.php',
  sequence: 17,
  location: 'post_data',
  key: 'flight',
  scenario: 5b9e004a3bdf8033cfe20edb,
  session_sequence: 3,
  session: 5bd433684b3e03290c9a333f,
  _id: 5bd433cb4b3e03290c9a3371,
  duplicate: '',
  updated_on: 2018-10-27T09:45:47.271Z,
  added_on: 2018-10-27T09:45:47.271Z,
  second:
   { value: 'New+York',
     request: 5bd433c24b3e03290c9a335c,
     run: 5ba255b716ba6e92e5ce908c },
  first:
   { value: 'Rome',
     request: 5bd433684b3e03290c9a3340,
     run: 5b9e004a3bdf8033cfe20eec } },{ __v: 0,
  url: 'http://blazedemo.com/purchase.php',
  sequence: 17,
  location: 'post_data',
  key: 'price',
  scenario: 5b9e004a3bdf8033cfe20edb,
  session_sequence: 3,
  session: 5bd433684b3e03290c9a333f,
  _id: 5bd433cb4b3e03290c9a3372,
  duplicate: '',
  updated_on: 2018-10-27T09:45:47.272Z,
  added_on: 2018-10-27T09:45:47.272Z,
  second:
   { value: 'New+York',
     request: 5bd433c24b3e03290c9a335c,
     run: 5ba255b716ba6e92e5ce908c },
  first:
   { value: 'Rome',
     request: 5bd433684b3e03290c9a3340,
     run: 5b9e004a3bdf8033cfe20eec } },{ __v: 0,
  url: 'http://blazedemo.com/purchase.php',
  sequence: 17,
  location: 'post_data',
  key: 'airline',
  scenario: 5b9e004a3bdf8033cfe20edb,
  session_sequence: 3,
  session: 5bd433684b3e03290c9a333f,
  _id: 5bd433cb4b3e03290c9a3373,
  duplicate: '',
  updated_on: 2018-10-27T09:45:47.273Z,
  added_on: 2018-10-27T09:45:47.273Z,
  second:
   { value: 'New+York',
     request: 5bd433c24b3e03290c9a335c,
     run: 5ba255b716ba6e92e5ce908c },
  first:
   { value: 'Rome',
     request: 5bd433684b3e03290c9a3340,
     run: 5b9e004a3bdf8033cfe20eec } },{ __v: 0,
  url: 'http://blazedemo.com/purchase.php',
  sequence: 17,
  location: 'post_data',
  key: 'fromPort',
  scenario: 5b9e004a3bdf8033cfe20edb,
  session_sequence: 3,
  session: 5bd433684b3e03290c9a333f,
  _id: 5bd433cb4b3e03290c9a3374,
  duplicate: '',
  updated_on: 2018-10-27T09:45:47.275Z,
  added_on: 2018-10-27T09:45:47.275Z,
  second:
   { value: 'New+York',
     request: 5bd433c24b3e03290c9a335c,
     run: 5ba255b716ba6e92e5ce908c },
  first:
   { value: 'Rome',
     request: 5bd433684b3e03290c9a3340,
     run: 5b9e004a3bdf8033cfe20eec } },{ __v: 0,
  url: 'http://blazedemo.com/purchase.php',
  sequence: 17,
  location: 'post_data',
  key: 'toPort',
  scenario: 5b9e004a3bdf8033cfe20edb,
  session_sequence: 3,
  session: 5bd433684b3e03290c9a333f,
  _id: 5bd433cb4b3e03290c9a3375,
  duplicate: '',
  updated_on: 2018-10-27T09:45:47.276Z,
  added_on: 2018-10-27T09:45:47.276Z,
  second:
   { value: 'New+York',
     request: 5bd433c24b3e03290c9a335c,
     run: 5ba255b716ba6e92e5ce908c },
  first:
   { value: 'Rome',
     request: 5bd433684b3e03290c9a3340,
     run: 5b9e004a3bdf8033cfe20eec } },{ __v: 0,
  url: 'https://bam.nr-data.net/1/338cffe5d3',
  sequence: 25,
  location: 'params',
  key: 'rst',
  scenario: 5b9e004a3bdf8033cfe20edb,
  session_sequence: 3,
  session: 5bd433684b3e03290c9a333f,
  _id: 5bd433cb4b3e03290c9a3376,
  duplicate: '',
  updated_on: 2018-10-27T09:45:47.278Z,
  added_on: 2018-10-27T09:45:47.278Z,
  second:
   { value:
      '%7B%22timing%22:%7B%22of%22:1519032472211,%22n%22:0,%22u%22:704,%22ue%22:704,%22f%22:4,%22dn%22:4,%22dne%22:4,%22c%22:8,%22ce%22:9,%22rq%22:9,%22rp%22:674,%22rpe%22:700,%22dl%22:719,%22di%22:1018,%22ds%22:1018,%22de%22:1060,%22dc%22:1099,%22l%22:1099,%22le%22:1107%7D,%22navigation%22:%7B%7D%7D',
     request: 5bd433c24b3e03290c9a3364,
     run: 5ba255b716ba6e92e5ce908c },
  first:
   { value:
      '%7B%22timing%22:%7B%22of%22:1519031823751,%22n%22:0,%22u%22:724,%22ue%22:724,%22f%22:4,%22dn%22:4,%22dne%22:4,%22c%22:8,%22ce%22:10,%22rq%22:10,%22rp%22:711,%22rpe%22:720,%22dl%22:741,%22di%22:956,%22ds%22:957,%22de%22:1005,%22dc%22:1047,%22l%22:1047,%22le%22:1054%7D,%22navigation%22:%7B%7D%7D',
     request: 5bd433684b3e03290c9a3348,
     run: 5b9e004a3bdf8033cfe20eec } },{ __v: 0,
  url: 'https://bam.nr-data.net/1/338cffe5d3',
  sequence: 25,
  location: 'params',
  key: 'be',
  scenario: 5b9e004a3bdf8033cfe20edb,
  session_sequence: 3,
  session: 5bd433684b3e03290c9a333f,
  _id: 5bd433cb4b3e03290c9a3377,
  duplicate: '',
  updated_on: 2018-10-27T09:45:47.280Z,
  added_on: 2018-10-27T09:45:47.280Z,
  second:
   { value:
      '%7B%22timing%22:%7B%22of%22:1519032472211,%22n%22:0,%22u%22:704,%22ue%22:704,%22f%22:4,%22dn%22:4,%22dne%22:4,%22c%22:8,%22ce%22:9,%22rq%22:9,%22rp%22:674,%22rpe%22:700,%22dl%22:719,%22di%22:1018,%22ds%22:1018,%22de%22:1060,%22dc%22:1099,%22l%22:1099,%22le%22:1107%7D,%22navigation%22:%7B%7D%7D',
     request: 5bd433c24b3e03290c9a3364,
     run: 5ba255b716ba6e92e5ce908c },
  first:
   { value:
      '%7B%22timing%22:%7B%22of%22:1519031823751,%22n%22:0,%22u%22:724,%22ue%22:724,%22f%22:4,%22dn%22:4,%22dne%22:4,%22c%22:8,%22ce%22:10,%22rq%22:10,%22rp%22:711,%22rpe%22:720,%22dl%22:741,%22di%22:956,%22ds%22:957,%22de%22:1005,%22dc%22:1047,%22l%22:1047,%22le%22:1054%7D,%22navigation%22:%7B%7D%7D',
     request: 5bd433684b3e03290c9a3348,
     run: 5b9e004a3bdf8033cfe20eec } },{ __v: 0,
  url: 'https://bam.nr-data.net/1/338cffe5d3',
  sequence: 25,
  location: 'params',
  key: 'fe',
  scenario: 5b9e004a3bdf8033cfe20edb,
  session_sequence: 3,
  session: 5bd433684b3e03290c9a333f,
  _id: 5bd433cb4b3e03290c9a3378,
  duplicate: '',
  updated_on: 2018-10-27T09:45:47.282Z,
  added_on: 2018-10-27T09:45:47.282Z,
  second:
   { value:
      '%7B%22timing%22:%7B%22of%22:1519032472211,%22n%22:0,%22u%22:704,%22ue%22:704,%22f%22:4,%22dn%22:4,%22dne%22:4,%22c%22:8,%22ce%22:9,%22rq%22:9,%22rp%22:674,%22rpe%22:700,%22dl%22:719,%22di%22:1018,%22ds%22:1018,%22de%22:1060,%22dc%22:1099,%22l%22:1099,%22le%22:1107%7D,%22navigation%22:%7B%7D%7D',
     request: 5bd433c24b3e03290c9a3364,
     run: 5ba255b716ba6e92e5ce908c },
  first:
   { value:
      '%7B%22timing%22:%7B%22of%22:1519031823751,%22n%22:0,%22u%22:724,%22ue%22:724,%22f%22:4,%22dn%22:4,%22dne%22:4,%22c%22:8,%22ce%22:10,%22rq%22:10,%22rp%22:711,%22rpe%22:720,%22dl%22:741,%22di%22:956,%22ds%22:957,%22de%22:1005,%22dc%22:1047,%22l%22:1047,%22le%22:1054%7D,%22navigation%22:%7B%7D%7D',
     request: 5bd433684b3e03290c9a3348,
     run: 5b9e004a3bdf8033cfe20eec } },{ __v: 0,
  url: 'https://bam.nr-data.net/1/338cffe5d3',
  sequence: 25,
  location: 'params',
  key: 'dc',
  scenario: 5b9e004a3bdf8033cfe20edb,
  session_sequence: 3,
  session: 5bd433684b3e03290c9a333f,
  _id: 5bd433cb4b3e03290c9a3379,
  duplicate: '',
  updated_on: 2018-10-27T09:45:47.283Z,
  added_on: 2018-10-27T09:45:47.283Z,
  second:
   { value:
      '%7B%22timing%22:%7B%22of%22:1519032472211,%22n%22:0,%22u%22:704,%22ue%22:704,%22f%22:4,%22dn%22:4,%22dne%22:4,%22c%22:8,%22ce%22:9,%22rq%22:9,%22rp%22:674,%22rpe%22:700,%22dl%22:719,%22di%22:1018,%22ds%22:1018,%22de%22:1060,%22dc%22:1099,%22l%22:1099,%22le%22:1107%7D,%22navigation%22:%7B%7D%7D',
     request: 5bd433c24b3e03290c9a3364,
     run: 5ba255b716ba6e92e5ce908c },
  first:
   { value:
      '%7B%22timing%22:%7B%22of%22:1519031823751,%22n%22:0,%22u%22:724,%22ue%22:724,%22f%22:4,%22dn%22:4,%22dne%22:4,%22c%22:8,%22ce%22:10,%22rq%22:10,%22rp%22:711,%22rpe%22:720,%22dl%22:741,%22di%22:956,%22ds%22:957,%22de%22:1005,%22dc%22:1047,%22l%22:1047,%22le%22:1054%7D,%22navigation%22:%7B%7D%7D',
     request: 5bd433684b3e03290c9a3348,
     run: 5b9e004a3bdf8033cfe20eec } },{ __v: 0,
  url: 'https://bam.nr-data.net/1/338cffe5d3',
  sequence: 25,
  location: 'params',
  key: 'perf',
  scenario: 5b9e004a3bdf8033cfe20edb,
  session_sequence: 3,
  session: 5bd433684b3e03290c9a333f,
  _id: 5bd433cb4b3e03290c9a337a,
  duplicate: '',
  updated_on: 2018-10-27T09:45:47.285Z,
  added_on: 2018-10-27T09:45:47.285Z,
  second:
   { value:
      '%7B%22timing%22:%7B%22of%22:1519032472211,%22n%22:0,%22u%22:704,%22ue%22:704,%22f%22:4,%22dn%22:4,%22dne%22:4,%22c%22:8,%22ce%22:9,%22rq%22:9,%22rp%22:674,%22rpe%22:700,%22dl%22:719,%22di%22:1018,%22ds%22:1018,%22de%22:1060,%22dc%22:1099,%22l%22:1099,%22le%22:1107%7D,%22navigation%22:%7B%7D%7D',
     request: 5bd433c24b3e03290c9a3364,
     run: 5ba255b716ba6e92e5ce908c },
  first:
   { value:
      '%7B%22timing%22:%7B%22of%22:1519031823751,%22n%22:0,%22u%22:724,%22ue%22:724,%22f%22:4,%22dn%22:4,%22dne%22:4,%22c%22:8,%22ce%22:10,%22rq%22:10,%22rp%22:711,%22rpe%22:720,%22dl%22:741,%22di%22:956,%22ds%22:957,%22de%22:1005,%22dc%22:1047,%22l%22:1047,%22le%22:1054%7D,%22navigation%22:%7B%7D%7D',
     request: 5bd433684b3e03290c9a3348,
     run: 5b9e004a3bdf8033cfe20eec } },{ __v: 0,
  url: 'https://bam.nr-data.net/1/338cffe5d3',
  sequence: 25,
  location: 'url',
  key: 'url',
  scenario: 5b9e004a3bdf8033cfe20edb,
  session_sequence: 3,
  session: 5bd433684b3e03290c9a333f,
  _id: 5bd433cb4b3e03290c9a337b,
  duplicate: '',
  updated_on: 2018-10-27T09:45:47.286Z,
  added_on: 2018-10-27T09:45:47.286Z,
  second:
   { value:
      'https://bam.nr-data.net/1/338cffe5d3?a=6657625&v=1071.385e752&to=YVxSYxACCxcEVRFfWlgWcVQWCgoKSkYQRFZeWENSTBMNFA%3D%3D&rst=1195&ref=http://blazedemo.com/purchase.php&ap=6&be=745&fe=1102&dc=1018&perf=%7B%22timing%22:%7B%22of%22:1519032472211,%22n%22:0,%22u%22:704,%22ue%22:704,%22f%22:4,%22dn%22:4,%22dne%22:4,%22c%22:8,%22ce%22:9,%22rq%22:9,%22rp%22:674,%22rpe%22:700,%22dl%22:719,%22di%22:1018,%22ds%22:1018,%22de%22:1060,%22dc%22:1099,%22l%22:1099,%22le%22:1107%7D,%22navigation%22:%7B%7D%7D&at=TRtRFVgYGBk%3D&jsonp=NREUM.setToken',
     request: 5bd433c24b3e03290c9a3364,
     run: 5ba255b716ba6e92e5ce908c },
  first:
   { value:
      'https://bam.nr-data.net/1/338cffe5d3?a=6657625&v=1071.385e752&to=YVxSYxACCxcEVRFfWlgWcVQWCgoKSkYQRFZeWENSTBMNFA%3D%3D&rst=1120&ref=http://blazedemo.com/purchase.php&ap=6&be=771&fe=1048&dc=958&perf=%7B%22timing%22:%7B%22of%22:1519031823751,%22n%22:0,%22u%22:724,%22ue%22:724,%22f%22:4,%22dn%22:4,%22dne%22:4,%22c%22:8,%22ce%22:10,%22rq%22:10,%22rp%22:711,%22rpe%22:720,%22dl%22:741,%22di%22:956,%22ds%22:957,%22de%22:1005,%22dc%22:1047,%22l%22:1047,%22le%22:1054%7D,%22navigation%22:%7B%7D%7D&at=TRtRFVgYGBk%3D&jsonp=NREUM.setToken',
     request: 5bd433684b3e03290c9a3348,
     run: 5b9e004a3bdf8033cfe20eec } }
[2018-10-27] APP-ERROR: { __v: 0,
  _id: 5bd433cb4b3e03290c9a337c,
  updated_on: 2018-10-27T09:45:47.429Z,
  added_on: 2018-10-27T09:45:47.429Z,
  runs: [] }
[2018-10-27] APP-INFO: --> GET /app/scenario/5b9e004a3bdf8033cfe20edb/differnces 200 66ms
[2018-10-27] APP-INFO: --> GET /app/scenario/5b9e004a3bdf8033cfe20edb/corelations 200 29ms
[2018-10-27] APP-INFO: --> GET /app/scenario/5b9e004a3bdf8033cfe20edb/differnces 200 62ms
[2018-10-27] APP-ERROR: 
[2018-10-27] APP-INFO: --> GET /app/run/backtrack 200 7627ms
[2018-10-27] APP-INFO: --> GET /app/scenario/5b9e004a3bdf8033cfe20edb/runs 200 26ms
[2018-10-27] APP-INFO: --> POST /app/session/save 200 62ms
[2018-10-27] APP-INFO: --> GET /app/scenario/5b9e004a3bdf8033cfe20edb/runs 200 28ms
[2018-10-27] APP-INFO: --> POST /app/session/save 200 71ms
[2018-10-27] APP-INFO: --> GET /app/scenario/5b9e004a3bdf8033cfe20edb/runs 200 23ms
[2018-10-27] APP-INFO: --> POST /app/session/save 200 53ms
[2018-10-27] APP-INFO: --> GET /app/scenario/5b9e004a3bdf8033cfe20edb/runs 200 19ms
[2018-10-27] APP-INFO: --> POST /app/session/save 200 65ms
[2018-10-27] APP-INFO: --> GET /app/scenario/5b9e004a3bdf8033cfe20edb/runs 200 29ms
[2018-10-27] APP-INFO: --> POST /app/run/compare 200 57ms
[2018-10-27] APP-ERROR: { __v: 0,
  url: 'http://blazedemo.com/reserve.php',
  sequence: 10,
  location: 'header',
  key: 'Content-Length',
  scenario: 5b9e004a3bdf8033cfe20edb,
  session_sequence: 2,
  session: 5bd434ac4b3e03290c9a3387,
  _id: 5bd434d44b3e03290c9a33a6,
  duplicate: '',
  updated_on: 2018-10-27T09:50:12.316Z,
  added_on: 2018-10-27T09:50:12.316Z,
  second:
   { value: 'New+York',
     request: 5bd434c94b3e03290c9a339c,
     run: 5ba255b716ba6e92e5ce908c },
  first:
   { value: 'Rome',
     request: 5bd434ac4b3e03290c9a3388,
     run: 5b9e004a3bdf8033cfe20eec } },{ __v: 0,
  url: 'http://blazedemo.com/reserve.php',
  sequence: 10,
  location: 'post_data',
  key: 'fromPort',
  scenario: 5b9e004a3bdf8033cfe20edb,
  session_sequence: 2,
  session: 5bd434ac4b3e03290c9a3387,
  _id: 5bd434d44b3e03290c9a33a7,
  duplicate: '',
  updated_on: 2018-10-27T09:50:12.320Z,
  added_on: 2018-10-27T09:50:12.320Z,
  second:
   { value: 'New+York',
     request: 5bd434c94b3e03290c9a339c,
     run: 5ba255b716ba6e92e5ce908c },
  first:
   { value: 'Rome',
     request: 5bd434ac4b3e03290c9a3388,
     run: 5b9e004a3bdf8033cfe20eec } },{ __v: 0,
  url: 'http://blazedemo.com/reserve.php',
  sequence: 10,
  location: 'post_data',
  key: 'toPort',
  scenario: 5b9e004a3bdf8033cfe20edb,
  session_sequence: 2,
  session: 5bd434ac4b3e03290c9a3387,
  _id: 5bd434d44b3e03290c9a33a8,
  duplicate: '',
  updated_on: 2018-10-27T09:50:12.324Z,
  added_on: 2018-10-27T09:50:12.324Z,
  second:
   { value: 'New+York',
     request: 5bd434c94b3e03290c9a339c,
     run: 5ba255b716ba6e92e5ce908c },
  first:
   { value: 'Rome',
     request: 5bd434ac4b3e03290c9a3388,
     run: 5b9e004a3bdf8033cfe20eec } },{ __v: 0,
  url: 'https://bam.nr-data.net/1/338cffe5d3',
  sequence: 18,
  location: 'params',
  key: 'rst',
  scenario: 5b9e004a3bdf8033cfe20edb,
  session_sequence: 2,
  session: 5bd434ac4b3e03290c9a3387,
  _id: 5bd434d44b3e03290c9a33a9,
  duplicate: '',
  updated_on: 2018-10-27T09:50:12.325Z,
  added_on: 2018-10-27T09:50:12.325Z,
  second:
   { value:
      '%7B%22timing%22:%7B%22of%22:1519032429597,%22n%22:0,%22u%22:840,%22ue%22:840,%22f%22:5,%22dn%22:5,%22dne%22:5,%22c%22:6,%22ce%22:9,%22rq%22:10,%22rp%22:822,%22rpe%22:833,%22dl%22:850,%22di%22:1023,%22ds%22:1023,%22de%22:1109,%22dc%22:1162,%22l%22:1162,%22le%22:1171%7D,%22navigation%22:%7B%7D%7D',
     request: 5bd434c94b3e03290c9a33a4,
     run: 5ba255b716ba6e92e5ce908c },
  first:
   { value:
      '%7B%22timing%22:%7B%22of%22:1519031782396,%22n%22:0,%22u%22:2294,%22ue%22:2294,%22f%22:6,%22dn%22:6,%22dne%22:6,%22c%22:7,%22ce%22:9,%22rq%22:9,%22rp%22:2213,%22rpe%22:2286,%22dl%22:2310,%22di%22:2578,%22ds%22:2578,%22de%22:2660,%22dc%22:2697,%22l%22:2697,%22le%22:2704%7D,%22navigation%22:%7B%7D%7D',
     request: 5bd434ac4b3e03290c9a3390,
     run: 5b9e004a3bdf8033cfe20eec } },{ __v: 0,
  url: 'https://bam.nr-data.net/1/338cffe5d3',
  sequence: 18,
  location: 'params',
  key: 'ap',
  scenario: 5b9e004a3bdf8033cfe20edb,
  session_sequence: 2,
  session: 5bd434ac4b3e03290c9a3387,
  _id: 5bd434d44b3e03290c9a33aa,
  duplicate: '',
  updated_on: 2018-10-27T09:50:12.327Z,
  added_on: 2018-10-27T09:50:12.327Z,
  second:
   { value:
      '%7B%22timing%22:%7B%22of%22:1519032429597,%22n%22:0,%22u%22:840,%22ue%22:840,%22f%22:5,%22dn%22:5,%22dne%22:5,%22c%22:6,%22ce%22:9,%22rq%22:10,%22rp%22:822,%22rpe%22:833,%22dl%22:850,%22di%22:1023,%22ds%22:1023,%22de%22:1109,%22dc%22:1162,%22l%22:1162,%22le%22:1171%7D,%22navigation%22:%7B%7D%7D',
     request: 5bd434c94b3e03290c9a33a4,
     run: 5ba255b716ba6e92e5ce908c },
  first:
   { value:
      '%7B%22timing%22:%7B%22of%22:1519031782396,%22n%22:0,%22u%22:2294,%22ue%22:2294,%22f%22:6,%22dn%22:6,%22dne%22:6,%22c%22:7,%22ce%22:9,%22rq%22:9,%22rp%22:2213,%22rpe%22:2286,%22dl%22:2310,%22di%22:2578,%22ds%22:2578,%22de%22:2660,%22dc%22:2697,%22l%22:2697,%22le%22:2704%7D,%22navigation%22:%7B%7D%7D',
     request: 5bd434ac4b3e03290c9a3390,
     run: 5b9e004a3bdf8033cfe20eec } },{ __v: 0,
  url: 'https://bam.nr-data.net/1/338cffe5d3',
  sequence: 18,
  location: 'params',
  key: 'be',
  scenario: 5b9e004a3bdf8033cfe20edb,
  session_sequence: 2,
  session: 5bd434ac4b3e03290c9a3387,
  _id: 5bd434d44b3e03290c9a33ab,
  duplicate: '',
  updated_on: 2018-10-27T09:50:12.329Z,
  added_on: 2018-10-27T09:50:12.329Z,
  second:
   { value:
      '%7B%22timing%22:%7B%22of%22:1519032429597,%22n%22:0,%22u%22:840,%22ue%22:840,%22f%22:5,%22dn%22:5,%22dne%22:5,%22c%22:6,%22ce%22:9,%22rq%22:10,%22rp%22:822,%22rpe%22:833,%22dl%22:850,%22di%22:1023,%22ds%22:1023,%22de%22:1109,%22dc%22:1162,%22l%22:1162,%22le%22:1171%7D,%22navigation%22:%7B%7D%7D',
     request: 5bd434c94b3e03290c9a33a4,
     run: 5ba255b716ba6e92e5ce908c },
  first:
   { value:
      '%7B%22timing%22:%7B%22of%22:1519031782396,%22n%22:0,%22u%22:2294,%22ue%22:2294,%22f%22:6,%22dn%22:6,%22dne%22:6,%22c%22:7,%22ce%22:9,%22rq%22:9,%22rp%22:2213,%22rpe%22:2286,%22dl%22:2310,%22di%22:2578,%22ds%22:2578,%22de%22:2660,%22dc%22:2697,%22l%22:2697,%22le%22:2704%7D,%22navigation%22:%7B%7D%7D',
     request: 5bd434ac4b3e03290c9a3390,
     run: 5b9e004a3bdf8033cfe20eec } },{ __v: 0,
  url: 'https://bam.nr-data.net/1/338cffe5d3',
  sequence: 18,
  location: 'params',
  key: 'fe',
  scenario: 5b9e004a3bdf8033cfe20edb,
  session_sequence: 2,
  session: 5bd434ac4b3e03290c9a3387,
  _id: 5bd434d44b3e03290c9a33ac,
  duplicate: '',
  updated_on: 2018-10-27T09:50:12.331Z,
  added_on: 2018-10-27T09:50:12.331Z,
  second:
   { value:
      '%7B%22timing%22:%7B%22of%22:1519032429597,%22n%22:0,%22u%22:840,%22ue%22:840,%22f%22:5,%22dn%22:5,%22dne%22:5,%22c%22:6,%22ce%22:9,%22rq%22:10,%22rp%22:822,%22rpe%22:833,%22dl%22:850,%22di%22:1023,%22ds%22:1023,%22de%22:1109,%22dc%22:1162,%22l%22:1162,%22le%22:1171%7D,%22navigation%22:%7B%7D%7D',
     request: 5bd434c94b3e03290c9a33a4,
     run: 5ba255b716ba6e92e5ce908c },
  first:
   { value:
      '%7B%22timing%22:%7B%22of%22:1519031782396,%22n%22:0,%22u%22:2294,%22ue%22:2294,%22f%22:6,%22dn%22:6,%22dne%22:6,%22c%22:7,%22ce%22:9,%22rq%22:9,%22rp%22:2213,%22rpe%22:2286,%22dl%22:2310,%22di%22:2578,%22ds%22:2578,%22de%22:2660,%22dc%22:2697,%22l%22:2697,%22le%22:2704%7D,%22navigation%22:%7B%7D%7D',
     request: 5bd434ac4b3e03290c9a3390,
     run: 5b9e004a3bdf8033cfe20eec } },{ __v: 0,
  url: 'https://bam.nr-data.net/1/338cffe5d3',
  sequence: 18,
  location: 'params',
  key: 'dc',
  scenario: 5b9e004a3bdf8033cfe20edb,
  session_sequence: 2,
  session: 5bd434ac4b3e03290c9a3387,
  _id: 5bd434d44b3e03290c9a33ad,
  duplicate: '',
  updated_on: 2018-10-27T09:50:12.332Z,
  added_on: 2018-10-27T09:50:12.332Z,
  second:
   { value:
      '%7B%22timing%22:%7B%22of%22:1519032429597,%22n%22:0,%22u%22:840,%22ue%22:840,%22f%22:5,%22dn%22:5,%22dne%22:5,%22c%22:6,%22ce%22:9,%22rq%22:10,%22rp%22:822,%22rpe%22:833,%22dl%22:850,%22di%22:1023,%22ds%22:1023,%22de%22:1109,%22dc%22:1162,%22l%22:1162,%22le%22:1171%7D,%22navigation%22:%7B%7D%7D',
     request: 5bd434c94b3e03290c9a33a4,
     run: 5ba255b716ba6e92e5ce908c },
  first:
   { value:
      '%7B%22timing%22:%7B%22of%22:1519031782396,%22n%22:0,%22u%22:2294,%22ue%22:2294,%22f%22:6,%22dn%22:6,%22dne%22:6,%22c%22:7,%22ce%22:9,%22rq%22:9,%22rp%22:2213,%22rpe%22:2286,%22dl%22:2310,%22di%22:2578,%22ds%22:2578,%22de%22:2660,%22dc%22:2697,%22l%22:2697,%22le%22:2704%7D,%22navigation%22:%7B%7D%7D',
     request: 5bd434ac4b3e03290c9a3390,
     run: 5b9e004a3bdf8033cfe20eec } },{ __v: 0,
  url: 'https://bam.nr-data.net/1/338cffe5d3',
  sequence: 18,
  location: 'params',
  key: 'perf',
  scenario: 5b9e004a3bdf8033cfe20edb,
  session_sequence: 2,
  session: 5bd434ac4b3e03290c9a3387,
  _id: 5bd434d44b3e03290c9a33ae,
  duplicate: '',
  updated_on: 2018-10-27T09:50:12.334Z,
  added_on: 2018-10-27T09:50:12.334Z,
  second:
   { value:
      '%7B%22timing%22:%7B%22of%22:1519032429597,%22n%22:0,%22u%22:840,%22ue%22:840,%22f%22:5,%22dn%22:5,%22dne%22:5,%22c%22:6,%22ce%22:9,%22rq%22:10,%22rp%22:822,%22rpe%22:833,%22dl%22:850,%22di%22:1023,%22ds%22:1023,%22de%22:1109,%22dc%22:1162,%22l%22:1162,%22le%22:1171%7D,%22navigation%22:%7B%7D%7D',
     request: 5bd434c94b3e03290c9a33a4,
     run: 5ba255b716ba6e92e5ce908c },
  first:
   { value:
      '%7B%22timing%22:%7B%22of%22:1519031782396,%22n%22:0,%22u%22:2294,%22ue%22:2294,%22f%22:6,%22dn%22:6,%22dne%22:6,%22c%22:7,%22ce%22:9,%22rq%22:9,%22rp%22:2213,%22rpe%22:2286,%22dl%22:2310,%22di%22:2578,%22ds%22:2578,%22de%22:2660,%22dc%22:2697,%22l%22:2697,%22le%22:2704%7D,%22navigation%22:%7B%7D%7D',
     request: 5bd434ac4b3e03290c9a3390,
     run: 5b9e004a3bdf8033cfe20eec } },{ __v: 0,
  url: 'https://bam.nr-data.net/1/338cffe5d3',
  sequence: 18,
  location: 'url',
  key: 'url',
  scenario: 5b9e004a3bdf8033cfe20edb,
  session_sequence: 2,
  session: 5bd434ac4b3e03290c9a3387,
  _id: 5bd434d44b3e03290c9a33af,
  duplicate: '',
  updated_on: 2018-10-27T09:50:12.335Z,
  added_on: 2018-10-27T09:50:12.335Z,
  second:
   { value:
      'https://bam.nr-data.net/1/338cffe5d3?a=6657625&v=1071.385e752&to=YVxSYxACCxcEVRFfWlgWcVQWCgoKSkQARVBET1UZEgsV&rst=1213&ref=http://blazedemo.com/reserve.php&ap=5&be=875&fe=1162&dc=1023&perf=%7B%22timing%22:%7B%22of%22:1519032429597,%22n%22:0,%22u%22:840,%22ue%22:840,%22f%22:5,%22dn%22:5,%22dne%22:5,%22c%22:6,%22ce%22:9,%22rq%22:10,%22rp%22:822,%22rpe%22:833,%22dl%22:850,%22di%22:1023,%22ds%22:1023,%22de%22:1109,%22dc%22:1162,%22l%22:1162,%22le%22:1171%7D,%22navigation%22:%7B%7D%7D&at=TRtRFVgYGBk%3D&jsonp=NREUM.setToken',
     request: 5bd434c94b3e03290c9a33a4,
     run: 5ba255b716ba6e92e5ce908c },
  first:
   { value:
      'https://bam.nr-data.net/1/338cffe5d3?a=6657625&v=1071.385e752&to=YVxSYxACCxcEVRFfWlgWcVQWCgoKSkQARVBET1UZEgsV&rst=2768&ref=http://blazedemo.com/reserve.php&ap=7&be=2333&fe=2699&dc=2578&perf=%7B%22timing%22:%7B%22of%22:1519031782396,%22n%22:0,%22u%22:2294,%22ue%22:2294,%22f%22:6,%22dn%22:6,%22dne%22:6,%22c%22:7,%22ce%22:9,%22rq%22:9,%22rp%22:2213,%22rpe%22:2286,%22dl%22:2310,%22di%22:2578,%22ds%22:2578,%22de%22:2660,%22dc%22:2697,%22l%22:2697,%22le%22:2704%7D,%22navigation%22:%7B%7D%7D&at=TRtRFVgYGBk%3D&jsonp=NREUM.setToken',
     request: 5bd434ac4b3e03290c9a3390,
     run: 5b9e004a3bdf8033cfe20eec } }
[2018-10-27] APP-ERROR: { __v: 0,
  _id: 5bd434d44b3e03290c9a33b0,
  updated_on: 2018-10-27T09:50:12.349Z,
  added_on: 2018-10-27T09:50:12.349Z,
  runs: [] }
[2018-10-27] APP-INFO: --> GET /app/scenario/5b9e004a3bdf8033cfe20edb/differnces 200 28ms
[2018-10-27] APP-ERROR: { __v: 0,
  key: 'toPort',
  priority: 1,
  compared_url: 'http://blazedemo.com/reserve.php',
  location: 'post_data',
  reg_count: '$1$',
  reg_name: 'prefEasy_Cor',
  final_regex: '<input type="text" name="toPort" value=(.*?)>',
  scenario: 5b9e004a3bdf8033cfe20edb,
  _id: 5bd434de4b3e03290c9a33b1,
  second:
   { url: 'http://blazedemo.com/',
     matched: '<input type="text" name="toPort" value="New+York">',
     request: 5bd434bc4b3e03290c9a3392,
     run: 5ba255b716ba6e92e5ce908c },
  first:
   { url: 'http://blazedemo.com/',
     matched: '<input type="text" name="toPort" value="Rome">',
     request: 5bd4349a4b3e03290c9a337e,
     run: 5b9e004a3bdf8033cfe20eec } }
[2018-10-27] APP-INFO: --> GET /app/run/backtrack 200 3532ms
[2018-10-27] APP-INFO: Server started at http://0.0.0.0:4000/
[2018-10-27] APP-INFO: Server started at http://0.0.0.0:4000/
[2018-10-27] APP-ERROR: { __v: 0,
  key: 'toPort',
  priority: 1,
  compared_url: 'http://blazedemo.com/reserve.php',
  location: 'post_data',
  reg_count: '$1$',
  reg_name: 'prefEasy_Cor',
  final_regex: '<input type="text" name="toPort" value=(.*?)>',
  scenario: 5b9e004a3bdf8033cfe20edb,
  _id: 5bd4364d3b5c142b0aaa9ba8,
  second:
   { url: 'http://blazedemo.com/',
     matched: '<input type="text" name="toPort" value="New+York">',
     request: 5bd434bc4b3e03290c9a3392,
     run: 5ba255b716ba6e92e5ce908c },
  first:
   { url: 'http://blazedemo.com/',
     matched: '<input type="text" name="toPort" value="Rome">',
     request: 5bd4349a4b3e03290c9a337e,
     run: 5b9e004a3bdf8033cfe20eec } }
[2018-10-27] APP-INFO: --> GET /app/run/backtrack 200 3525ms
[2018-10-27] APP-INFO: Server started at http://0.0.0.0:4000/
[2018-10-27] APP-ERROR: { __v: 0,
  key: 'toPort',
  priority: 1,
  compared_url: 'http://blazedemo.com/reserve.php',
  location: 'post_data',
  reg_count: '$1$',
  reg_name: 'prefEasy_Cor',
  final_regex: '<input type="text" name="toPort" value=(.*?)>',
  scenario: 5b9e004a3bdf8033cfe20edb,
  _id: 5bd4377033faac2b73d18ad5,
  second:
   { url: 'http://blazedemo.com/',
     matched: '<input type="text" name="toPort" value="New+York">',
     request: 5bd434bc4b3e03290c9a3392,
     run: 5ba255b716ba6e92e5ce908c },
  first:
   { url: 'http://blazedemo.com/',
     matched: '<input type="text" name="toPort" value="Rome">',
     request: 5bd4349a4b3e03290c9a337e,
     run: 5b9e004a3bdf8033cfe20eec } }
[2018-10-27] APP-INFO: --> GET /app/run/backtrack 200 3595ms
[2018-10-27] APP-ERROR: { __v: 0,
  key: 'toPort',
  priority: 1,
  compared_url: 'http://blazedemo.com/reserve.php',
  location: 'post_data',
  reg_count: '$1$',
  reg_name: 'prefEasy_Cor',
  final_regex: '<input type="text" name="toPort" value=(.*?)>',
  scenario: 5b9e004a3bdf8033cfe20edb,
  _id: 5bd437c133faac2b73d18ad6,
  second:
   { url: 'http://blazedemo.com/',
     matched: '<input type="text" name="toPort" value="New+York">',
     request: 5bd434bc4b3e03290c9a3392,
     run: 5ba255b716ba6e92e5ce908c },
  first:
   { url: 'http://blazedemo.com/',
     matched: '<input type="text" name="toPort" value="Rome">',
     request: 5bd4349a4b3e03290c9a337e,
     run: 5b9e004a3bdf8033cfe20eec } }
[2018-10-27] APP-INFO: --> GET /app/run/backtrack 200 3811ms
[2018-10-27] APP-INFO: Server started at http://0.0.0.0:4000/
[2018-10-27] APP-ERROR: { __v: 0,
  key: 'toPort',
  priority: 1,
  compared_url: 'http://blazedemo.com/reserve.php',
  location: 'post_data',
  reg_count: '$1$',
  reg_name: 'prefEasy_Cor',
  final_regex: '<input type="text" name="toPort" value=(.*?)>',
  scenario: 5b9e004a3bdf8033cfe20edb,
  _id: 5bd4385ec79f0c2d11b73c71,
  second:
   { url: 'http://blazedemo.com/',
     matched: '<input type="text" name="toPort" value="New+York">',
     request: 5bd434bc4b3e03290c9a3392,
     run: 5ba255b716ba6e92e5ce908c },
  first:
   { url: 'http://blazedemo.com/',
     matched: '<input type="text" name="toPort" value="Rome">',
     request: 5bd4349a4b3e03290c9a337e,
     run: 5b9e004a3bdf8033cfe20eec } }
[2018-10-27] APP-INFO: --> GET /app/run/backtrack 200 3582ms
[2018-10-27] APP-INFO: Server started at http://0.0.0.0:4000/
[2018-10-27] APP-INFO: Server started at http://0.0.0.0:4000/
[2018-10-27] APP-ERROR: { __v: 0,
  key: 'toPort',
  priority: 1,
  compared_url: 'http://blazedemo.com/reserve.php',
  location: 'post_data',
  reg_count: '$1$',
  reg_name: 'prefEasy_Cor',
  final_regex: '<input type="text" name="toPort" value=(.*?)>',
  scenario: 5b9e004a3bdf8033cfe20edb,
  _id: 5bd438c3b2d64e2fb300a977,
  second:
   { url: 'http://blazedemo.com/',
     matched: '<input type="text" name="toPort" value="New+York">',
     request: 5bd434bc4b3e03290c9a3392,
     run: 5ba255b716ba6e92e5ce908c },
  first:
   { url: 'http://blazedemo.com/',
     matched: '<input type="text" name="toPort" value="Rome">',
     request: 5bd4349a4b3e03290c9a337e,
     run: 5b9e004a3bdf8033cfe20eec } }
[2018-10-27] APP-INFO: --> GET /app/run/backtrack 200 3519ms
[2018-10-27] APP-INFO: Server started at http://0.0.0.0:4000/
[2018-10-27] APP-INFO: Server started at http://0.0.0.0:4000/
[2018-10-27] APP-ERROR: { __v: 0,
  key: 'toPort',
  priority: 1,
  compared_url: 'http://blazedemo.com/reserve.php',
  location: 'post_data',
  reg_count: '$1$',
  reg_name: 'prefEasy_Cor',
  final_regex: '<input type="text" name="toPort" value=(.*?)>',
  scenario: 5b9e004a3bdf8033cfe20edb,
  _id: 5bd439d51fa564304766e646,
  second:
   { url: 'http://blazedemo.com/',
     matched: '<input type="text" name="toPort" value="New+York">',
     request: 5bd434bc4b3e03290c9a3392,
     run: 5ba255b716ba6e92e5ce908c },
  first:
   { url: 'http://blazedemo.com/',
     matched: '<input type="text" name="toPort" value="Rome">',
     request: 5bd4349a4b3e03290c9a337e,
     run: 5b9e004a3bdf8033cfe20eec } }
[2018-10-27] APP-INFO: --> GET /app/run/backtrack 200 3774ms
[2018-10-27] APP-INFO: Server started at http://0.0.0.0:4000/
[2018-10-27] APP-INFO: Server started at http://0.0.0.0:4000/
[2018-10-27] APP-INFO: Server started at http://0.0.0.0:4000/
[2018-10-27] APP-ERROR: { __v: 0,
  key: 'toPort',
  priority: 1,
  compared_url: 'http://blazedemo.com/reserve.php',
  location: 'post_data',
  reg_count: '$1$',
  reg_name: 'prefEasy_Cor',
  final_regex: '<input type="text" name="toPort" value=(.*?)>',
  scenario: 5b9e004a3bdf8033cfe20edb,
  _id: 5bd449fe46d1023bf7760f0d,
  second:
   { url: 'http://blazedemo.com/',
     matched: '<input type="text" name="toPort" value="New+York">',
     request: 5bd434bc4b3e03290c9a3392,
     run: 5ba255b716ba6e92e5ce908c },
  first:
   { url: 'http://blazedemo.com/',
     matched: '<input type="text" name="toPort" value="Rome">',
     request: 5bd4349a4b3e03290c9a337e,
     run: 5b9e004a3bdf8033cfe20eec } }
[2018-10-27] APP-INFO: --> GET /app/run/backtrack 200 4190ms
[2018-10-27] APP-INFO: Server started at http://0.0.0.0:4000/
[2018-10-27] APP-INFO: Server started at http://0.0.0.0:4000/
[2018-10-27] APP-INFO: Server started at http://0.0.0.0:4000/
[2018-10-27] APP-ERROR: { __v: 0,
  key: 'toPort',
  priority: 1,
  compared_url: 'http://blazedemo.com/reserve.php',
  location: 'post_data',
  reg_count: '$1$',
  reg_name: 'prefEasy_Cor',
  final_regex: '<input type="text" name="toPort" value=(.*?)>',
  scenario: 5b9e004a3bdf8033cfe20edb,
  _id: 5bd44a468d6e493cfd7e2823,
  second:
   { url: 'http://blazedemo.com/',
     matched: '<input type="text" name="toPort" value="New+York">',
     request: 5bd434bc4b3e03290c9a3392,
     run: 5ba255b716ba6e92e5ce908c },
  first:
   { url: 'http://blazedemo.com/',
     matched: '<input type="text" name="toPort" value="Rome">',
     request: 5bd4349a4b3e03290c9a337e,
     run: 5b9e004a3bdf8033cfe20eec } }
[2018-10-27] APP-ERROR: ReferenceError: file is not defined
    at RunController._callee10$ (/home/lalit/webroot/testingtool/src/controllers/RunController.js:375:7)
    at tryCatch (/home/lalit/webroot/testingtool/node_modules/regenerator-runtime/runtime.js:65:40)
    at Generator.invoke [as _invoke] (/home/lalit/webroot/testingtool/node_modules/regenerator-runtime/runtime.js:303:22)
    at Generator.prototype.(anonymous function) [as next] (/home/lalit/webroot/testingtool/node_modules/regenerator-runtime/runtime.js:117:21)
    at step (/home/lalit/webroot/testingtool/src/controllers/RunController.js:79:191)
    at /home/lalit/webroot/testingtool/src/controllers/RunController.js:79:361
    at process._tickCallback (internal/process/next_tick.js:68:7)
[2018-10-27] APP-INFO: Server started at http://0.0.0.0:4000/
[2018-10-27] APP-INFO: Server started at http://0.0.0.0:4000/
[2018-10-27] APP-ERROR: { __v: 0,
  key: 'toPort',
  priority: 1,
  compared_url: 'http://blazedemo.com/reserve.php',
  location: 'post_data',
  reg_count: '$1$',
  reg_name: 'prefEasy_Cor',
  final_regex: '<input type="text" name="toPort" value=(.*?)>',
  scenario: 5b9e004a3bdf8033cfe20edb,
  _id: 5bd44aaed6eae63e284d86c4,
  second:
   { url: 'http://blazedemo.com/',
     matched: '<input type="text" name="toPort" value="New+York">',
     request: 5bd434bc4b3e03290c9a3392,
     run: 5ba255b716ba6e92e5ce908c },
  first:
   { url: 'http://blazedemo.com/',
     matched: '<input type="text" name="toPort" value="Rome">',
     request: 5bd4349a4b3e03290c9a337e,
     run: 5b9e004a3bdf8033cfe20eec } }
[2018-10-27] APP-ERROR: TypeError: Cannot read property 'scenario' of null
    at RunController._callee10$ (/home/lalit/webroot/testingtool/src/controllers/RunController.js:372:33)
    at tryCatch (/home/lalit/webroot/testingtool/node_modules/regenerator-runtime/runtime.js:65:40)
    at Generator.invoke [as _invoke] (/home/lalit/webroot/testingtool/node_modules/regenerator-runtime/runtime.js:303:22)
    at Generator.prototype.(anonymous function) [as next] (/home/lalit/webroot/testingtool/node_modules/regenerator-runtime/runtime.js:117:21)
    at step (/home/lalit/webroot/testingtool/src/controllers/RunController.js:79:191)
    at /home/lalit/webroot/testingtool/src/controllers/RunController.js:79:361
    at process._tickCallback (internal/process/next_tick.js:68:7)
[2018-10-27] APP-ERROR: { __v: 0,
  key: 'toPort',
  priority: 1,
  compared_url: 'http://blazedemo.com/reserve.php',
  location: 'post_data',
  reg_count: '$1$',
  reg_name: 'prefEasy_Cor',
  final_regex: '<input type="text" name="toPort" value=(.*?)>',
  scenario: 5b9e004a3bdf8033cfe20edb,
  _id: 5bd44af1d6eae63e284d86c5,
  second:
   { url: 'http://blazedemo.com/',
     matched: '<input type="text" name="toPort" value="New+York">',
     request: 5bd434bc4b3e03290c9a3392,
     run: 5ba255b716ba6e92e5ce908c },
  first:
   { url: 'http://blazedemo.com/',
     matched: '<input type="text" name="toPort" value="Rome">',
     request: 5bd4349a4b3e03290c9a337e,
     run: 5b9e004a3bdf8033cfe20eec } }
[2018-10-27] APP-ERROR: TypeError: Cannot read property 'scenario' of null
    at RunController._callee10$ (/home/lalit/webroot/testingtool/src/controllers/RunController.js:372:33)
    at tryCatch (/home/lalit/webroot/testingtool/node_modules/regenerator-runtime/runtime.js:65:40)
    at Generator.invoke [as _invoke] (/home/lalit/webroot/testingtool/node_modules/regenerator-runtime/runtime.js:303:22)
    at Generator.prototype.(anonymous function) [as next] (/home/lalit/webroot/testingtool/node_modules/regenerator-runtime/runtime.js:117:21)
    at step (/home/lalit/webroot/testingtool/src/controllers/RunController.js:79:191)
    at /home/lalit/webroot/testingtool/src/controllers/RunController.js:79:361
    at process._tickCallback (internal/process/next_tick.js:68:7)
[2018-10-27] APP-INFO: Server started at http://0.0.0.0:4000/
[2018-10-27] APP-INFO: Server started at http://0.0.0.0:4000/
[2018-10-27] APP-INFO: Server started at http://0.0.0.0:4000/
[2018-10-27] APP-INFO: Server started at http://0.0.0.0:4000/
[2018-10-27] APP-ERROR: { __v: 0,
  key: 'toPort',
  priority: 1,
  compared_url: 'http://blazedemo.com/reserve.php',
  location: 'post_data',
  reg_count: '$1$',
  reg_name: 'prefEasy_Cor',
  final_regex: '<input type="text" name="toPort" value=(.*?)>',
  scenario: 5b9e004a3bdf8033cfe20edb,
  _id: 5bd44b8d41571440fb2746a5,
  second:
   { url: 'http://blazedemo.com/',
     matched: '<input type="text" name="toPort" value="New+York">',
     request: 5bd434bc4b3e03290c9a3392,
     run: 5ba255b716ba6e92e5ce908c },
  first:
   { url: 'http://blazedemo.com/',
     matched: '<input type="text" name="toPort" value="Rome">',
     request: 5bd4349a4b3e03290c9a337e,
     run: 5b9e004a3bdf8033cfe20eec } }
[2018-10-27] APP-INFO: --> GET /app/run/backtrack 200 3374ms
[2018-10-27] APP-INFO: Server started at http://0.0.0.0:4000/
[2018-10-27] APP-ERROR: { __v: 0,
  key: 'toPort',
  priority: 1,
  compared_url: 'http://blazedemo.com/reserve.php',
  location: 'post_data',
  reg_count: '$1$',
  reg_name: 'prefEasy_Cor',
  final_regex: '<input type="text" name="toPort" value=(.*?)>',
  scenario: 5b9e004a3bdf8033cfe20edb,
  _id: 5bd44c1474ca1f425a435731,
  second:
   { url: 'http://blazedemo.com/',
     matched: '<input type="text" name="toPort" value="New+York">',
     request: 5bd434bc4b3e03290c9a3392,
     run: 5ba255b716ba6e92e5ce908c },
  first:
   { url: 'http://blazedemo.com/',
     matched: '<input type="text" name="toPort" value="Rome">',
     request: 5bd4349a4b3e03290c9a337e,
     run: 5b9e004a3bdf8033cfe20eec } }
[2018-10-27] APP-INFO: --> GET /app/run/backtrack 200 3519ms
[2018-10-27] APP-INFO: Server started at http://0.0.0.0:4000/
[2018-10-27] APP-INFO: Server started at http://0.0.0.0:4000/
[2018-10-27] APP-ERROR: { __v: 0,
  key: 'toPort',
  priority: 1,
  compared_url: 'http://blazedemo.com/reserve.php',
  location: 'post_data',
  reg_count: '$1$',
  reg_name: 'prefEasy_Cor',
  final_regex: '<input type="text" name="toPort" value=(.*?)>',
  scenario: 5b9e004a3bdf8033cfe20edb,
  _id: 5bd44c770f6e0b42e3c55ca8,
  second:
   { url: 'http://blazedemo.com/',
     matched: '<input type="text" name="toPort" value="New+York">',
     request: 5bd434bc4b3e03290c9a3392,
     run: 5ba255b716ba6e92e5ce908c },
  first:
   { url: 'http://blazedemo.com/',
     matched: '<input type="text" name="toPort" value="Rome">',
     request: 5bd4349a4b3e03290c9a337e,
     run: 5b9e004a3bdf8033cfe20eec } }
[2018-10-27] APP-INFO: --> GET /app/run/backtrack 200 3343ms
[2018-10-27] APP-INFO: --> GET /app/scenario/5b9e004a3bdf8033cfe20edb/differnces 200 135ms
[2018-10-27] APP-INFO: Server started at http://0.0.0.0:4000/
[2018-10-27] APP-INFO: Server started at http://0.0.0.0:4000/
[2018-10-27] APP-ERROR: { __v: 0,
  key: 'toPort',
  priority: 1,
  compared_url: 'http://blazedemo.com/reserve.php',
  location: 'post_data',
  reg_count: '$1$',
  reg_name: 'prefEasy_Cor',
  final_regex: '<input type="text" name="toPort" value=(.*?)>',
  scenario: 5b9e004a3bdf8033cfe20edb,
  _id: 5bd451f7774880448bddffa8,
  second:
   { url: 'http://blazedemo.com/',
     matched: '<input type="text" name="toPort" value="New+York">',
     request: 5bd434bc4b3e03290c9a3392,
     run: 5ba255b716ba6e92e5ce908c },
  first:
   { url: 'http://blazedemo.com/',
     matched: '<input type="text" name="toPort" value="Rome">',
     request: 5bd4349a4b3e03290c9a337e,
     run: 5b9e004a3bdf8033cfe20eec } }
[2018-10-27] APP-INFO: --> GET /app/run/backtrack 200 3416ms
[2018-10-27] APP-INFO: Server started at http://0.0.0.0:4000/
[2018-10-27] APP-ERROR: { __v: 0,
  key: 'toPort',
  priority: 1,
  compared_url: 'http://blazedemo.com/reserve.php',
  location: 'post_data',
  reg_count: '$1$',
  reg_name: 'prefEasy_Cor',
  final_regex: '<input type="text" name="toPort" value=(.*?)>',
  scenario: 5b9e004a3bdf8033cfe20edb,
  _id: 5bd45236f2b5a144e98c1173,
  second:
   { url: 'http://blazedemo.com/',
     matched: '<input type="text" name="toPort" value="New+York">',
     request: 5bd434bc4b3e03290c9a3392,
     run: 5ba255b716ba6e92e5ce908c },
  first:
   { url: 'http://blazedemo.com/',
     matched: '<input type="text" name="toPort" value="Rome">',
     request: 5bd4349a4b3e03290c9a337e,
     run: 5b9e004a3bdf8033cfe20eec } }
[2018-10-27] APP-INFO: --> GET /app/run/backtrack 200 3565ms
[2018-10-27] APP-INFO: Server started at http://0.0.0.0:4000/
[2018-10-27] APP-INFO: Server started at http://0.0.0.0:4000/
[2018-10-27] APP-INFO: Server started at http://0.0.0.0:4000/
[2018-10-27] APP-ERROR: { __v: 0,
  key: 'toPort',
  priority: 1,
  compared_url: 'http://blazedemo.com/reserve.php',
  location: 'post_data',
  reg_count: '$1$',
  reg_name: 'prefEasy_Cor',
  final_regex: '<input type="text" name="toPort" value=(.*?)>',
  scenario: 5b9e004a3bdf8033cfe20edb,
  _id: 5bd452fb3eb38346b2eee8ab,
  second:
   { url: 'http://blazedemo.com/',
     matched: '<input type="text" name="toPort" value="New+York">',
     request: 5bd434bc4b3e03290c9a3392,
     run: 5ba255b716ba6e92e5ce908c },
  first:
   { url: 'http://blazedemo.com/',
     matched: '<input type="text" name="toPort" value="Rome">',
     request: 5bd4349a4b3e03290c9a337e,
     run: 5b9e004a3bdf8033cfe20eec } }
[2018-10-27] APP-INFO: --> GET /app/run/backtrack 200 3645ms
[2018-10-27] APP-INFO: Server started at http://0.0.0.0:4000/
[2018-10-27] APP-INFO: Server started at http://0.0.0.0:4000/
[2018-10-27] APP-INFO: Server started at http://0.0.0.0:4000/
[2018-10-27] APP-ERROR: { __v: 0,
  key: 'toPort',
  priority: 1,
  compared_url: 'http://blazedemo.com/reserve.php',
  location: 'post_data',
  reg_count: '$1$',
  reg_name: 'prefEasy_Cor',
  final_regex: '<input type="text" name="toPort" value=(.*?)>',
  scenario: 5b9e004a3bdf8033cfe20edb,
  _id: 5bd45450d3b15048e2f932c7,
  second:
   { url: 'http://blazedemo.com/',
     matched: '<input type="text" name="toPort" value="New+York">',
     request: 5bd434bc4b3e03290c9a3392,
     run: 5ba255b716ba6e92e5ce908c },
  first:
   { url: 'http://blazedemo.com/',
     matched: '<input type="text" name="toPort" value="Rome">',
     request: 5bd4349a4b3e03290c9a337e,
     run: 5b9e004a3bdf8033cfe20eec } }
[2018-10-27] APP-ERROR: { __v: 0,
  key: 'toPort',
  priority: 1,
  compared_url: 'http://blazedemo.com/reserve.php',
  location: 'post_data',
  reg_count: '$1$',
  reg_name: 'prefEasy_Cor',
  final_regex: '<input type="text" name="toPort" value=(.*?)>',
  scenario: 5b9e004a3bdf8033cfe20edb,
  _id: 5bd4545dd3b15048e2f932c8,
  second:
   { url: 'http://blazedemo.com/',
     matched: '<input type="text" name="toPort" value="New+York">',
     request: 5bd434bc4b3e03290c9a3392,
     run: 5ba255b716ba6e92e5ce908c },
  first:
   { url: 'http://blazedemo.com/',
     matched: '<input type="text" name="toPort" value="Rome">',
     request: 5bd4349a4b3e03290c9a337e,
     run: 5b9e004a3bdf8033cfe20eec } }
[2018-10-27] APP-INFO: --> GET /app/run/backtrack 200 3151ms
[2018-10-27] APP-INFO: Server started at http://0.0.0.0:4000/
[2018-10-27] APP-ERROR: { __v: 0,
  key: 'toPort',
  priority: 1,
  compared_url: 'http://blazedemo.com/reserve.php',
  location: 'post_data',
  reg_count: '$1$',
  reg_name: 'prefEasy_Cor',
  final_regex: '<input type="text" name="toPort" value=(.*?)>',
  scenario: 5b9e004a3bdf8033cfe20edb,
  _id: 5bd454f6002d6b492aabe460,
  second:
   { url: 'http://blazedemo.com/',
     matched: '<input type="text" name="toPort" value="New+York">',
     request: 5bd434bc4b3e03290c9a3392,
     run: 5ba255b716ba6e92e5ce908c },
  first:
   { url: 'http://blazedemo.com/',
     matched: '<input type="text" name="toPort" value="Rome">',
     request: 5bd4349a4b3e03290c9a337e,
     run: 5b9e004a3bdf8033cfe20eec } }
[2018-10-27] APP-INFO: --> GET /app/run/backtrack 200 3771ms
[2018-10-27] APP-INFO: Server started at http://0.0.0.0:4000/
[2018-10-27] APP-ERROR: { __v: 0,
  key: 'toPort',
  priority: 1,
  compared_url: 'http://blazedemo.com/reserve.php',
  location: 'post_data',
  reg_count: '$1$',
  reg_name: 'prefEasy_Cor',
  final_regex: '<input type="text" name="toPort" value=(.*?)>',
  scenario: 5b9e004a3bdf8033cfe20edb,
  _id: 5bd45548472d974b76b2fed8,
  second:
   { url: 'http://blazedemo.com/',
     matched: '<input type="text" name="toPort" value="New+York">',
     request: 5bd434bc4b3e03290c9a3392,
     run: 5ba255b716ba6e92e5ce908c },
  first:
   { url: 'http://blazedemo.com/',
     matched: '<input type="text" name="toPort" value="Rome">',
     request: 5bd4349a4b3e03290c9a337e,
     run: 5b9e004a3bdf8033cfe20eec } }
[2018-10-27] APP-INFO: --> GET /app/run/backtrack 200 3535ms
[2018-10-27] APP-INFO: Server started at http://0.0.0.0:4000/
[2018-10-27] APP-INFO: Server started at http://0.0.0.0:4000/
[2018-10-27] APP-ERROR: { __v: 0,
  key: 'toPort',
  priority: 1,
  compared_url: 'http://blazedemo.com/reserve.php',
  location: 'post_data',
  reg_count: '$1$',
  reg_name: 'prefEasy_Cor',
  final_regex: '<input type="text" name="toPort" value=(.*?)>',
  scenario: 5b9e004a3bdf8033cfe20edb,
  _id: 5bd457304d763d4c36f01165,
  second:
   { url: 'http://blazedemo.com/',
     matched: '<input type="text" name="toPort" value="New+York">',
     request: 5bd434bc4b3e03290c9a3392,
     run: 5ba255b716ba6e92e5ce908c },
  first:
   { url: 'http://blazedemo.com/',
     matched: '<input type="text" name="toPort" value="Rome">',
     request: 5bd4349a4b3e03290c9a337e,
     run: 5b9e004a3bdf8033cfe20eec } }
[2018-10-27] APP-INFO: --> GET /app/run/backtrack 200 3507ms
[2018-10-27] APP-INFO: Server started at http://0.0.0.0:4000/
[2018-10-27] APP-ERROR: { __v: 0,
  key: 'toPort',
  priority: 1,
  compared_url: 'http://blazedemo.com/reserve.php',
  location: 'post_data',
  reg_count: '$1$',
  reg_name: 'prefEasy_Cor',
  final_regex: '<input type="text" name="toPort" value=(.*?)>',
  scenario: 5b9e004a3bdf8033cfe20edb,
  _id: 5bd458a081f55f4c9e3f9021,
  second:
   { url: 'http://blazedemo.com/',
     matched: '<input type="text" name="toPort" value="New+York">',
     request: 5bd434bc4b3e03290c9a3392,
     run: 5ba255b716ba6e92e5ce908c },
  first:
   { url: 'http://blazedemo.com/',
     matched: '<input type="text" name="toPort" value="Rome">',
     request: 5bd4349a4b3e03290c9a337e,
     run: 5b9e004a3bdf8033cfe20eec } }
[2018-10-27] APP-INFO: --> GET /app/run/backtrack 200 3658ms
